Log file open, 04/03/18 22:02:02
LogInit:Display: Running engine for game: BattleRoyaleProject
LogPlatformFile: Not using cached read wrapper
LogInit:Display: RandInit(1422858875) SRandInit(1422858876).
LogTaskGraph: Started task graph with 5 named threads and 8 total threads with 1 sets of task threads.
LogStats: Stats thread started at 0.091107
LogInit: Using libcurl 7.47.1
LogInit:  - built for x86_64-pc-win32
LogInit:  - supports SSL with OpenSSL/1.0.2g
LogInit:  - supports HTTP deflate (compression) using libz 1.2.8
LogInit:  - other features:
LogInit:      CURL_VERSION_SSL
LogInit:      CURL_VERSION_LIBZ
LogInit:      CURL_VERSION_IPV6
LogInit:      CURL_VERSION_ASYNCHDNS
LogInit:      CURL_VERSION_LARGEFILE
LogInit:      CURL_VERSION_IDN
LogInit:  CurlRequestOptions (configurable via config and command line):
LogInit:  - bVerifyPeer = false  - Libcurl will NOT verify peer certificate
LogInit:  - bUseHttpProxy = false  - Libcurl will NOT use HTTP proxy
LogInit:  - bDontReuseConnections = false  - Libcurl will reuse connections
LogInit:  - CertBundlePath = nullptr  - Libcurl will use whatever was configured at build time.
LogInit: Build: ++UE4+Release-4.15-CL-3450819
LogInit: Engine Version: 4.15.3-3450819+++UE4+Release-4.15
LogInit: Compatible Engine Version: 4.15.0-3299760+++UE4+Release-4.15
LogInit: Net CL: 3299760
LogDevObjectVersion: Number of dev versions registered: 14
LogDevObjectVersion:   Dev-Blueprints (B0D832E4-1F89-4F0D-ACCF-7EB736FD4AA2): 8
LogDevObjectVersion:   Dev-Build (E1C64328-A22C-4D53-A36C-8E866417BD8C): 0
LogDevObjectVersion:   Dev-Core (375EC13C-06E4-48FB-B500-84F0262A717E): 2
LogDevObjectVersion:   Dev-Editor (E4B068ED-F494-42E9-A231-DA0B2E46BB41): 14
LogDevObjectVersion:   Dev-Framework (CFFC743F-43B0-4480-9391-14DF171D2073): 22
LogDevObjectVersion:   Dev-Mobile (B02B49B5-BB20-44E9-A304-32B752E40360): 0
LogDevObjectVersion:   Dev-Networking (A4E4105C-59A1-49B5-A7C5-40C4547EDFEE): 0
LogDevObjectVersion:   Dev-Online (39C831C9-5AE6-47DC-9A44-9C173E1C8E7C): 0
LogDevObjectVersion:   Dev-Physics (78F01B33-EBEA-4F98-B9B4-84EACCB95AA2): 0
LogDevObjectVersion:   Dev-Platform (6631380F-2D4D-43E0-8009-CF276956A95A): 0
LogDevObjectVersion:   Dev-Rendering (12F88B9F-8875-4AFC-A67C-D90C383ABD29): 12
LogDevObjectVersion:   Dev-Sequencer (7B5AE74C-D270-4C10-A958-57980B212A5A): 3
LogDevObjectVersion:   Dev-VR (D7296918-1DD6-4BDD-9DE2-64A83CC13884): 0
LogDevObjectVersion:   Dev-LoadTimes (C2A15278-BFE7-4AFE-6C17-90FF531DF755): 1
LogInit: Compiled (64-bit): May 21 2017 11:02:34
LogInit: Compiled with Visual C++: 19.00.23026.00
LogInit: Build Configuration: Development
LogInit: Branch Name: ++UE4+Release-4.15
LogInit: Command line: -EpicPortal 
LogInit: Base directory: C:/Program Files/Epic Games/UE_4.15/Engine/Binaries/Win64/
LogInit: Installed Engine Build: 1
LogInit: Presizing for max 8388607 objects, including 0 objects not considered by GC, pre-allocating 0 bytes for permanent pool.
LogInit: Object subsystem initialized
[2018.04.03-20.02.04:240][  0]LogInit: Selected Device Profile: [Windows]
[2018.04.03-20.02.04:240][  0]LogInit: Applying CVar settings loaded from the selected device profile: [Windows]
[2018.04.03-20.02.04:255][  0]LogInit: Computer: DESKTOP-A8VMGBS
[2018.04.03-20.02.04:255][  0]LogInit: User: FedericoGaggioli
[2018.04.03-20.02.04:255][  0]LogInit: CPU Page size=65536, Cores=4
[2018.04.03-20.02.04:255][  0]LogInit: High frequency timer resolution =2.435773 MHz
[2018.04.03-20.02.04:255][  0]LogMemory: Memory total: Physical=11.9GB (12GB approx)
[2018.04.03-20.02.04:255][  0]LogMemory: Platform Memory Stats for Windows
[2018.04.03-20.02.04:255][  0]LogMemory: Process Physical Memory: 263.41 MB used, 263.41 MB peak
[2018.04.03-20.02.04:255][  0]LogMemory: Process Virtual Memory: 262.35 MB used, 262.35 MB peak
[2018.04.03-20.02.04:255][  0]LogMemory: Physical Memory: 5419.95 MB used,  6780.32 MB free, 12200.27 MB total
[2018.04.03-20.02.04:255][  0]LogMemory: Virtual Memory: 678.20 MB used,  6780.32 MB free, 134217728.00 MB total
[2018.04.03-20.02.04:356][  0]LogTextLocalizationManager: No specific translations for ('en-US') exist, so ('en') translations will be used.
[2018.04.03-20.02.05:181][  0]LogD3D11RHI: D3D11 adapters:
[2018.04.03-20.02.05:239][  0]LogD3D11RHI:    0. 'NVIDIA GeForce GTX 860M' (Feature Level 11_0)
[2018.04.03-20.02.05:240][  0]LogD3D11RHI:       4055/0/6100 MB DedicatedVideo/DedicatedSystem/SharedSystem, Outputs:1, VendorId:0x10de
[2018.04.03-20.02.05:248][  0]LogD3D11RHI:    1. 'Intel(R) HD Graphics 4600' (Feature Level 11_0)
[2018.04.03-20.02.05:248][  0]LogD3D11RHI:       112/0/2048 MB DedicatedVideo/DedicatedSystem/SharedSystem, Outputs:0, VendorId:0x8086
[2018.04.03-20.02.05:250][  0]LogD3D11RHI:    2. 'Microsoft Basic Render Driver' (Feature Level 11_0)
[2018.04.03-20.02.05:250][  0]LogD3D11RHI:       0/0/6100 MB DedicatedVideo/DedicatedSystem/SharedSystem, Outputs:0, VendorId:0x1414
[2018.04.03-20.02.05:250][  0]LogD3D11RHI: Chosen D3D11 Adapter: 0
[2018.04.03-20.02.05:260][  0]LogD3D11RHI: Creating new Direct3DDevice
[2018.04.03-20.02.05:260][  0]LogD3D11RHI:     GPU DeviceId: 0x1392 (for the marketing name, search the web for "GPU Device Id")
[2018.04.03-20.02.05:260][  0]LogWindows: EnumDisplayDevices:
[2018.04.03-20.02.05:260][  0]LogWindows:    0. 'Intel(R) HD Graphics 4600' (P:1 D:1)
[2018.04.03-20.02.05:260][  0]LogWindows:    1. 'Intel(R) HD Graphics 4600' (P:0 D:0)
[2018.04.03-20.02.05:260][  0]LogWindows:    2. 'Intel(R) HD Graphics 4600' (P:0 D:0)
[2018.04.03-20.02.05:260][  0]LogWindows: DebugString: GetVideoDriverDetailsInvalid PrimaryIsNotTheChoosenAdapter GetVideoDriverDetailsInvalid PrimaryIsNotTheChoosenAdapter GetVideoDriverDetailsInvalid PrimaryIsNotTheChoosenAdapter FoundDriverCount:0 
[2018.04.03-20.02.05:260][  0]LogD3D11RHI:     Adapter Name: NVIDIA GeForce GTX 860M
[2018.04.03-20.02.05:260][  0]LogD3D11RHI:   Driver Version: Unknown (internal:Unknown, unified:Unknown)
[2018.04.03-20.02.05:260][  0]LogD3D11RHI:      Driver Date: Unknown
[2018.04.03-20.02.05:260][  0]LogRHI: Texture pool is 1361 MB (70% of 1945 MB)
[2018.04.03-20.02.05:293][  0]LogD3D11RHI: Async texture creation enabled
[2018.04.03-20.02.05:315][  0]LogD3D11RHI: GPU Timing Frequency: 1000.000000 (Debug: 2 2)
[2018.04.03-20.02.05:316][  0]LogShaderCompilers: Guid format shader working directory is -20 characters bigger than the processId version (../../../../../../Users/Federico Gaggioli/Documents/Unreal Projects/MyProject4/Intermediate/Shaders/WorkingDirectory/1840/).
[2018.04.03-20.02.05:316][  0]LogShaderCompilers: Cleaned the shader compiler working directory 'C:/Users/Federico Gaggioli/AppData/Local/Temp/UnrealShaderWorkingDir/FADFDDF74CF44F5CBA04C98839E04E02/'.
[2018.04.03-20.02.05:316][  0]LogShaderCompilers:Display: Using Local Shader Compiler.
[2018.04.03-20.02.06:659][  0]LogTemp:Display: Loaded TP AllDesktopTargetPlatform
[2018.04.03-20.02.06:730][  0]LogTemp:Display: Loaded TP MacClientTargetPlatform
[2018.04.03-20.02.06:799][  0]LogTemp:Display: Loaded TP MacNoEditorTargetPlatform
[2018.04.03-20.02.06:869][  0]LogTemp:Display: Loaded TP MacServerTargetPlatform
[2018.04.03-20.02.06:939][  0]LogTemp:Display: Loaded TP MacTargetPlatform
[2018.04.03-20.02.07:008][  0]LogTemp:Display: Loaded TP WindowsClientTargetPlatform
[2018.04.03-20.02.07:077][  0]LogTemp:Display: Loaded TP WindowsNoEditorTargetPlatform
[2018.04.03-20.02.07:146][  0]LogTemp:Display: Loaded TP WindowsServerTargetPlatform
[2018.04.03-20.02.07:202][  0]LogTemp:Display: Loaded TP WindowsTargetPlatform
[2018.04.03-20.02.07:270][  0]LogTemp:Display: Loaded TP AndroidTargetPlatform
[2018.04.03-20.02.07:338][  0]LogTemp:Display: Loaded TP Android_ASTCTargetPlatform
[2018.04.03-20.02.07:405][  0]LogTemp:Display: Loaded TP Android_ATCTargetPlatform
[2018.04.03-20.02.07:474][  0]LogTemp:Display: Loaded TP Android_DXTTargetPlatform
[2018.04.03-20.02.07:543][  0]LogTemp:Display: Loaded TP Android_ETC1TargetPlatform
[2018.04.03-20.02.07:612][  0]LogTemp:Display: Loaded TP Android_ETC2TargetPlatform
[2018.04.03-20.02.07:747][  0]LogTemp:Display: Loaded TP Android_MultiTargetPlatform
[2018.04.03-20.02.07:747][  0]LogTemp:Display: Loaded TP Android_PVRTCTargetPlatform
[2018.04.03-20.02.07:795][  0]LogTemp:Display: Loaded TP HTML5TargetPlatform
[2018.04.03-20.02.07:909][  0]LogTemp:Display: Loaded TP IOSTargetPlatform
[2018.04.03-20.02.07:954][  0]LogTemp:Display: Loaded TP TVOSTargetPlatform
[2018.04.03-20.02.08:022][  0]LogTemp:Display: Loaded TP LinuxClientTargetPlatform
[2018.04.03-20.02.08:089][  0]LogTemp:Display: Loaded TP LinuxNoEditorTargetPlatform
[2018.04.03-20.02.08:157][  0]LogTemp:Display: Loaded TP LinuxServerTargetPlatform
[2018.04.03-20.02.08:226][  0]LogTemp:Display: Loaded TP LinuxTargetPlatform
[2018.04.03-20.02.08:226][  0]LogTargetPlatformManager:Display: Building Assets For Windows
[2018.04.03-20.02.08:759][  0]LogDerivedDataCache:Display: Max Cache Size: 512 MB
[2018.04.03-20.02.08:820][  0]LogDerivedDataCache: Loaded boot cache 0.06s 50MB C:/Users/Federico Gaggioli/AppData/Local/UnrealEngine/4.15/DerivedDataCache/Boot.ddc.
[2018.04.03-20.02.08:820][  0]LogDerivedDataCache:Display: Loaded Boot cache: C:/Users/Federico Gaggioli/AppData/Local/UnrealEngine/4.15/DerivedDataCache/Boot.ddc
[2018.04.03-20.02.08:820][  0]LogDerivedDataCache: FDerivedDataBackendGraph:  Pak pak cache file ../../../../../../Users/Federico Gaggioli/Documents/Unreal Projects/MyProject4/DerivedDataCache/DDC.ddp not found, will not use a pak cache.
[2018.04.03-20.02.08:820][  0]LogDerivedDataCache: Unable to find inner node Pak for hierarchical cache Hierarchy.
[2018.04.03-20.02.08:820][  0]LogDerivedDataCache: FDerivedDataBackendGraph:  CompressedPak pak cache file ../../../../../../Users/Federico Gaggioli/Documents/Unreal Projects/MyProject4/DerivedDataCache/Compressed.ddp not found, will not use a pak cache.
[2018.04.03-20.02.08:820][  0]LogDerivedDataCache: Unable to find inner node CompressedPak for hierarchical cache Hierarchy.
[2018.04.03-20.02.08:844][  0]LogDerivedDataCache:Display: Pak cache opened for reading ../../../Engine/DerivedDataCache/Compressed.ddp.
[2018.04.03-20.02.08:856][  0]LogDerivedDataCache: Using Local data cache path C:/Users/Federico Gaggioli/AppData/Local/UnrealEngine/Common/DerivedDataCache: Writable
[2018.04.03-20.02.08:869][  0]LogSlate: Using Freetype 2.6.0
[2018.04.03-20.02.08:869][  0]LogSlate: SlateFontCache - WITH_FREETYPE: 1, WITH_HARFBUZZ: 1
[2018.04.03-20.02.08:869][  0]LogSlate: SlateFontCache - WITH_FREETYPE: 1, WITH_HARFBUZZ: 1
[2018.04.03-20.02.09:219][  0]LogInit: Selected Device Profile: [Windows]
[2018.04.03-20.02.09:222][  0]LogContentStreaming: Texture pool size is 0.00 MB
[2018.04.03-20.02.09:475][  0]LogMeshUtilities: Using QuadricMeshReduction for automatic static mesh reduction
[2018.04.03-20.02.09:528][  0]LogSimplygon: Simplygon DLL not present - disabling.
[2018.04.03-20.02.09:584][  0]LogMeshUtilities: Using SimplygonSwarm for distributed automatic mesh merging
[2018.04.03-20.02.09:584][  0]LogMeshUtilities: No automatic skeletal mesh reduction module available
[2018.04.03-20.02.09:584][  0]LogMeshUtilities: No automatic mesh merging module available
[2018.04.03-20.02.10:223][  0]LogNetVersion: GetLocalNetworkVersion: CL: 3299760, ProjectName: battleroyaleproject, ProjectVersion: , EngineNetworkVersion: 2, GameNetworkVersion: 0, NetworkChecksum: 2534170595
[2018.04.03-20.02.10:276][  0]LogAssetRegistry: FAssetRegistry took 0.0220 seconds to start up
[2018.04.03-20.02.10:337][  0]LogPackageLocalizationCache: Processed 3 localized package path(s) for 2 prioritized culture(s) in 0.034304 seconds
[2018.04.03-20.02.10:344][  0]LogUObjectArray: 32493 objects as part of root set at end of initial load.
[2018.04.03-20.02.10:344][  0]LogUObjectAllocator: 7077024 out of 0 bytes used by permanent object pool.
[2018.04.03-20.02.10:344][  0]LogUObjectArray: CloseDisregardForGC: 0/0 objects in disregard for GC pool
[2018.04.03-20.02.10:420][  0]LogInit: WinSock: version 1.1 (2.2), MaxSocks=32767, MaxUdp=65467
[2018.04.03-20.02.11:942][  0]LogWmfMedia: Failed to load mf.dll
[2018.04.03-20.02.11:942][  0]LogWmfMedia: Failed to load required Windows Media Foundation libraries
[2018.04.03-20.02.11:996][  0]LogWindowsMoviePlayer: Could not load mf.dll. Library not found.
[2018.04.03-20.02.11:997][  0]LogWindowsMoviePlayer: Could not load mfplat.dll. Library not found.
[2018.04.03-20.02.11:997][  0]LogWindowsMoviePlayer: Could not load mfplay.dll. Library not found.
[2018.04.03-20.02.12:346][  0]LogTcpMessaging: Initializing TcpMessaging bridge
[2018.04.03-20.02.12:390][  0]LogUdpMessaging: Initializing bridge on interface 0.0.0.0:0 to multicast group 230.0.0.1:6666.
[2018.04.03-20.02.12:915][  0]LogMaterial: Uniform references updated for custom material expression Custom.
[2018.04.03-20.02.13:369][  0]SourceControl: Info Source control is disabled
[2018.04.03-20.02.13:370][  0]SourceControl: Info Source control is disabled
[2018.04.03-20.02.13:426][  0]SourceControl: Info Source control is disabled
[2018.04.03-20.02.13:482][  0]SourceControl: Info Source control is disabled
[2018.04.03-20.02.15:017][  0]LogEngine: Initializing Engine...
[2018.04.03-20.02.15:018][  0]LogHMD: Failed to initialize OpenVR with code 110
[2018.04.03-20.02.15:149][  0]LogStats: UGameplayTagsManager::ConstructGameplayTagTree: Construct from data asset -  0.000 s
[2018.04.03-20.02.15:149][  0]LogStats: UGameplayTagsManager::ConstructGameplayTagTree: GameplayTagTreeChangedEvent.Broadcast -  0.000 s
[2018.04.03-20.02.15:297][  0]LogAIModule: Creating AISystem for world Untitled
[2018.04.03-20.02.15:313][  0]LogInit: XAudio2 using 'Headset Earphone (Razer Kraken 7.1 Chroma)' : 2 channels at 48 kHz using 16 bits per sample (channel mask 0x3)
[2018.04.03-20.02.15:324][  0]LogInit: FAudioDevice initialized.
[2018.04.03-20.02.15:355][  0]LogDerivedDataCache: Saved boot cache 0.03s 50MB C:/Users/Federico Gaggioli/AppData/Local/UnrealEngine/4.15/DerivedDataCache/Boot.ddc.
[2018.04.03-20.02.15:366][  0]LogInit: Texture streaming: Enabled
[2018.04.03-20.02.15:477][  0]LogEngineSessionManager: EngineSessionManager initialized
[2018.04.03-20.02.15:588][  0]LogInit: Transaction tracking system initialized
[2018.04.03-20.02.15:999][  0]BlueprintLog: New page: Editor Load
[2018.04.03-20.02.17:087][  0]LocalizationService: Info Localization service is disabled
[2018.04.03-20.02.17:884][  0]LogConsoleResponse:Display: 
[2018.04.03-20.02.18:042][  0]LogCook:Display: Max memory allowance for cook 16384mb min free memory 0mb
[2018.04.03-20.02.18:042][  0]LogCook:Display: Mobile HDR setting 1
[2018.04.03-20.02.18:413][  0]LogFileCache: Scanning file cache for directory 'C:/Users/Federico Gaggioli/Documents/Unreal Projects/MyProject4/Content/' took 0.01s
[2018.04.03-20.02.19:276][  0]SourceControl: Info Source control is disabled
[2018.04.03-20.02.19:276][  0]Cmd: MAP LOAD FILE="../../../../../../Users/Federico Gaggioli/Documents/Unreal Projects/MyProject4/Content/ThirdPersonBP/Maps/ThirdPersonExampleMap.umap" TEMPLATE=0 SHOWPROGRESS=1 FEATURELEVEL=3
[2018.04.03-20.02.19:276][  0]LightingResults: New page: Lighting Build
[2018.04.03-20.02.19:326][  0]MapCheck: New page: Map Check
[2018.04.03-20.02.19:326][  0]LightingResults: New page: Lighting Build
[2018.04.03-20.02.19:831][  0]LogAIModule: Creating AISystem for world ThirdPersonExampleMap
[2018.04.03-20.02.19:861][  0]LogEditorServer: Finished looking for orphan Actors (0.000 secs)
[2018.04.03-20.02.19:862][  0]Cmd: MAP CHECKDEP NOCLEARLOG
[2018.04.03-20.02.19:922][  0]MapCheck: Info Map check complete: 0 Error(s), 0 Warning(s), took 60.135ms to complete.
[2018.04.03-20.02.19:922][  0]LogFileHelpers: Loading map 'ThirdPersonExampleMap' took 0.647
[2018.04.03-20.02.20:222][  0]LogCrashTracker: Crashtracker disabled due to settings.
[2018.04.03-20.02.20:268][  0]LogCollectionManager: Loaded 0 collections in 0.001779 seconds
[2018.04.03-20.02.20:361][  0]LogFileCache: Scanning file cache for directory 'C:/Users/Federico Gaggioli/Documents/Unreal Projects/MyProject4/Saved/Collections/' took 0.01s
[2018.04.03-20.02.20:361][  0]LogFileCache: Scanning file cache for directory 'C:/Users/Federico Gaggioli/Documents/Unreal Projects/MyProject4/Content/Developers/FedericoGaggioli/Collections/' took 0.01s
[2018.04.03-20.02.20:361][  0]LogFileCache: Scanning file cache for directory 'C:/Users/Federico Gaggioli/Documents/Unreal Projects/MyProject4/Content/Collections/' took 0.01s
[2018.04.03-20.02.20:361][  0]LogCollectionManager: Rebuilt the GUID cache for 0 collections in 0.000002 seconds
[2018.04.03-20.02.20:373][  0]LogContentBrowser: Native class hierarchy populated in 0.0120 seconds. Added 2246 classes and 455 folders.
[2018.04.03-20.02.20:453][  0]LogContentBrowser: Native class hierarchy updated for 'WidgetCarousel' in 0.0006 seconds. Added 0 classes and 0 folders.
[2018.04.03-20.02.20:499][  0]LogContentBrowser: Native class hierarchy updated for 'AddContentDialog' in 0.0006 seconds. Added 0 classes and 0 folders.
[2018.04.03-20.02.20:506][  0]LogUObjectGlobals:Warning: Failed to find object 'Class None.'
[2018.04.03-20.02.20:584][  0]LogContentBrowser: Native class hierarchy updated for 'HierarchicalLODOutliner' in 0.0006 seconds. Added 1 classes and 2 folders.
[2018.04.03-20.02.20:584][  0]LogLoad: (Engine Initialization) Total time: 18.85 seconds
[2018.04.03-20.02.20:584][  0]LogLoad: (Engine Initialization) Total Blueprint compile time: 0.20 seconds
[2018.04.03-20.02.20:584][  0]LogExternalProfiler: No external profilers were discovered.  External profiling features will not be available.
[2018.04.03-20.02.20:595][  0]LogWindowsTextInputMethodSystem:Display: IME system now deactivated.
[2018.04.03-20.02.20:595][  0]LogOcInput: OculusInput pre-init called
[2018.04.03-20.02.20:617][  0]LogContentStreaming: Texture pool size now 1000 MB
[2018.04.03-20.02.20:618][  0]LogSlate: Took 0.000242 seconds to synchronously load lazily loaded font '../../../Engine/Content/Slate/Fonts/Roboto-Regular.ttf' (155K)
[2018.04.03-20.02.20:626][  0]LogSlate: Took 0.000287 seconds to synchronously load lazily loaded font '../../../Engine/Content/Slate/Fonts/Roboto-Bold.ttf' (160K)
[2018.04.03-20.02.20:632][  0]LogSlate: Took 0.000307 seconds to synchronously load lazily loaded font '../../../Engine/Content/Editor/Slate/Fonts/FontAwesome.ttf' (139K)
[2018.04.03-20.02.20:786][  0]LogSlate: Took 0.000242 seconds to synchronously load lazily loaded font '../../../Engine/Content/Slate/Fonts/Roboto-Light.ttf' (159K)
[2018.04.03-20.02.20:811][  0]LogRenderer: Reallocating scene render targets to support 1528x924 NumSamples 1 (Frame:2).
[2018.04.03-20.02.20:903][  1]LogAssetRegistry: Asset discovery search completed in 10.6485 seconds
[2018.04.03-20.02.20:903][  1]LogCollectionManager: Rebuilt the object cache for 0 collections in 0.000012 seconds (found 0 objects)
[2018.04.03-20.02.20:903][  1]LogCollectionManager: Fixed up redirectors for 0 collections in 0.000030 seconds (updated 0 objects)
[2018.04.03-20.02.21:638][ 36]LogSlate: Took 0.000288 seconds to synchronously load lazily loaded font '../../../Engine/Content/Slate/Fonts/Roboto-Light.ttf' (159K)
[2018.04.03-20.04.25:984][932]LogEditorViewport: Clicking on Actor (LMB): Landscape (Landscape)
[2018.04.03-20.04.26:624][954]LogEditorViewport: Clicking on Actor (LMB): Landscape (Landscape)
[2018.04.03-20.04.29:570][ 96]LogMaterial: Missing cached shader map for material LayerVisMaterial, compiling. 
[2018.04.03-20.04.29:572][ 96]LogTemp:Display: Added material ShaderMap 0x000001D06907B200 with Material 0x000001D045A04E80 to ShaderMapsBeingCompiled
[2018.04.03-20.04.29:585][ 96]LogTemp:Display: Kicking off shader compilation for LayerVisMaterial, GameThreadShaderMap 0x000001D06907B200
[2018.04.03-20.04.29:596][ 96]LogMaterial: Missing cached shader map for material SelectBrushMaterial, compiling. 
[2018.04.03-20.04.29:597][ 96]LogTemp:Display: Added material ShaderMap 0x000001D0691DAE80 with Material 0x000001D069171000 to ShaderMapsBeingCompiled
[2018.04.03-20.04.29:619][ 96]LogTemp:Display: Kicking off shader compilation for SelectBrushMaterial, GameThreadShaderMap 0x000001D0691DAE80
[2018.04.03-20.04.29:626][ 96]LogMaterial: Missing cached shader map for material SelectBrushMaterial, compiling. 
[2018.04.03-20.04.29:628][ 96]LogTemp:Display: Added material ShaderMap 0x000001D00E018800 with Material 0x000001D00DFB5D80 to ShaderMapsBeingCompiled
[2018.04.03-20.04.29:646][ 96]LogTemp:Display: Kicking off shader compilation for SelectBrushMaterial, GameThreadShaderMap 0x000001D00E018800
[2018.04.03-20.04.29:665][ 96]LogMaterial: Missing cached shader map for material MaskBrushMaterial, compiling. 
[2018.04.03-20.04.29:667][ 96]LogTemp:Display: Added material ShaderMap 0x000001D05E505280 with Material 0x000001D05E510B80 to ShaderMapsBeingCompiled
[2018.04.03-20.04.29:688][ 96]LogTemp:Display: Kicking off shader compilation for MaskBrushMaterial, GameThreadShaderMap 0x000001D05E505280
[2018.04.03-20.04.29:700][ 96]LogMaterial: Missing cached shader map for material LandscapeLayerUsageMaterial, compiling. 
[2018.04.03-20.04.29:702][ 96]LogTemp:Display: Added material ShaderMap 0x000001D05E3C0F00 with Material 0x000001D05E3C4100 to ShaderMapsBeingCompiled
[2018.04.03-20.04.29:710][ 96]LogTemp:Display: Kicking off shader compilation for LandscapeLayerUsageMaterial, GameThreadShaderMap 0x000001D05E3C0F00
[2018.04.03-20.04.29:740][ 96]LogMaterial: Missing cached shader map for material CircleBrushMaterial, compiling. 
[2018.04.03-20.04.29:741][ 96]LogTemp:Display: Added material ShaderMap 0x000001D00CD57200 with Material 0x000001D05E3B0400 to ShaderMapsBeingCompiled
[2018.04.03-20.04.29:759][ 96]LogTemp:Display: Kicking off shader compilation for CircleBrushMaterial, GameThreadShaderMap 0x000001D00CD57200
[2018.04.03-20.04.29:763][ 96]LogMaterial: Missing cached shader map for material CircleBrushMaterial, compiling. 
[2018.04.03-20.04.29:765][ 96]LogTemp:Display: Added material ShaderMap 0x000001D00CC62E80 with Material 0x000001D00CD8A500 to ShaderMapsBeingCompiled
[2018.04.03-20.04.29:787][ 96]LogTemp:Display: Kicking off shader compilation for CircleBrushMaterial, GameThreadShaderMap 0x000001D00CC62E80
[2018.04.03-20.04.29:794][ 96]LogMaterial: Missing cached shader map for material CircleBrushMaterial, compiling. 
[2018.04.03-20.04.29:795][ 96]LogTemp:Display: Added material ShaderMap 0x000001D00CB45280 with Material 0x000001D00CAFF580 to ShaderMapsBeingCompiled
[2018.04.03-20.04.29:818][ 96]LogTemp:Display: Kicking off shader compilation for CircleBrushMaterial, GameThreadShaderMap 0x000001D00CB45280
[2018.04.03-20.04.29:825][ 96]LogMaterial: Missing cached shader map for material CircleBrushMaterial, compiling. 
[2018.04.03-20.04.29:826][ 96]LogTemp:Display: Added material ShaderMap 0x000001D00C9EB580 with Material 0x000001D00CAFC700 to ShaderMapsBeingCompiled
[2018.04.03-20.04.29:845][ 96]LogTemp:Display: Kicking off shader compilation for CircleBrushMaterial, GameThreadShaderMap 0x000001D00C9EB580
[2018.04.03-20.04.29:859][ 96]LogMaterial: Missing cached shader map for material AlphaBrushMaterial, compiling. 
[2018.04.03-20.04.29:861][ 96]LogTemp:Display: Added material ShaderMap 0x000001D011D2F200 with Material 0x000001D011D55180 to ShaderMapsBeingCompiled
[2018.04.03-20.04.29:883][ 96]LogTemp:Display: Kicking off shader compilation for AlphaBrushMaterial, GameThreadShaderMap 0x000001D011D2F200
[2018.04.03-20.04.29:891][ 96]LogMaterial: Missing cached shader map for material CircleBrushMaterial, compiling. 
[2018.04.03-20.04.29:893][ 96]LogTemp:Display: Added material ShaderMap 0x000001D011C49980 with Material 0x000001D011D39F00 to ShaderMapsBeingCompiled
[2018.04.03-20.04.29:916][ 96]LogTemp:Display: Kicking off shader compilation for CircleBrushMaterial, GameThreadShaderMap 0x000001D011C49980
[2018.04.03-20.04.29:917][ 96]LogTemp:Display: Added shader map 0x000001D0691DAE80 from material 0x000001D011D38880
[2018.04.03-20.04.29:917][ 96]LogTemp:Display: Found existing compiling shader for material SelectBrushMaterial, linking to other GameThreadShaderMap 0x000001D0691DAE80
[2018.04.03-20.04.29:925][ 96]LogMaterial: Missing cached shader map for material MaskBrushMaterial, compiling. 
[2018.04.03-20.04.29:927][ 96]LogTemp:Display: Added material ShaderMap 0x000001D0119C8480 with Material 0x000001D011965480 to ShaderMapsBeingCompiled
[2018.04.03-20.04.29:952][ 96]LogTemp:Display: Kicking off shader compilation for MaskBrushMaterial, GameThreadShaderMap 0x000001D0119C8480
[2018.04.03-20.04.29:954][ 96]LogActorComponent: UnregisterComponent: (/Engine/Transient.SphereBrushComponent) Not registered. Aborting.
[2018.04.03-20.04.29:963][ 96]LogMaterial: Missing cached shader map for material M_Landscape, compiling. 
[2018.04.03-20.04.29:965][ 96]LogTemp:Display: Added material ShaderMap 0x000001D0118C8480 with Material 0x000001D05583A680 to ShaderMapsBeingCompiled
[2018.04.03-20.04.29:980][ 96]LogTemp:Display: Kicking off shader compilation for M_Landscape, GameThreadShaderMap 0x000001D0118C8480
[2018.04.03-20.04.29:984][ 96]LogMaterial: Missing cached shader map for material M_Landscape, compiling. 
[2018.04.03-20.04.29:986][ 96]LogTemp:Display: Added material ShaderMap 0x000001D06925F200 with Material 0x000001D05583A680 to ShaderMapsBeingCompiled
[2018.04.03-20.04.29:996][ 96]LogTemp:Display: Kicking off shader compilation for M_Landscape, GameThreadShaderMap 0x000001D06925F200
[2018.04.03-20.04.29:997][ 96]LogTemp:Display: Added shader map 0x000001D06925F200 from material 0x000001D05583A680
[2018.04.03-20.04.29:997][ 96]LogTemp:Display: Found existing compiling shader for material M_Landscape, linking to other GameThreadShaderMap 0x000001D06925F200
[2018.04.03-20.04.29:998][ 96]LogMaterial: 0.00 seconds spent updating 1 materials, 1 interfaces, 0 instances, 1 with static permutations.
[2018.04.03-20.04.30:002][ 96]LogTemp:Display: Added shader map 0x000001D0118C8480 from material 0x000001D055839900
[2018.04.03-20.04.30:002][ 96]LogTemp:Display: Found existing compiling shader for material M_Landscape, linking to other GameThreadShaderMap 0x000001D0118C8480
[2018.04.03-20.04.30:005][ 96]LogMaterial: Missing cached shader map for material M_Landscape, compiling. 
[2018.04.03-20.04.30:007][ 96]LogTemp:Display: Added material ShaderMap 0x000001D0115A7900 with Material 0x000001D055839900 to ShaderMapsBeingCompiled
[2018.04.03-20.04.30:016][ 96]LogTemp:Display: Kicking off shader compilation for M_Landscape, GameThreadShaderMap 0x000001D0115A7900
[2018.04.03-20.04.30:018][ 96]LogTemp:Display: Added shader map 0x000001D0115A7900 from material 0x000001D055839900
[2018.04.03-20.04.30:018][ 96]LogTemp:Display: Found existing compiling shader for material M_Landscape, linking to other GameThreadShaderMap 0x000001D0115A7900
[2018.04.03-20.04.30:019][ 96]LogMaterial: 0.00 seconds spent updating 1 materials, 1 interfaces, 0 instances, 1 with static permutations.
[2018.04.03-20.04.30:026][ 96]LogTemp:Display: Added shader map 0x000001D0118C8480 from material 0x000001D05583B880
[2018.04.03-20.04.30:026][ 96]LogTemp:Display: Found existing compiling shader for material M_Landscape, linking to other GameThreadShaderMap 0x000001D0118C8480
[2018.04.03-20.04.30:029][ 96]LogMaterial: Missing cached shader map for material M_Landscape, compiling. 
[2018.04.03-20.04.30:032][ 96]LogTemp:Display: Added material ShaderMap 0x000001D0115A4480 with Material 0x000001D05583B880 to ShaderMapsBeingCompiled
[2018.04.03-20.04.30:039][ 96]LogTemp:Display: Kicking off shader compilation for M_Landscape, GameThreadShaderMap 0x000001D0115A4480
[2018.04.03-20.04.30:041][ 96]LogTemp:Display: Added shader map 0x000001D0115A4480 from material 0x000001D05583B880
[2018.04.03-20.04.30:041][ 96]LogTemp:Display: Found existing compiling shader for material M_Landscape, linking to other GameThreadShaderMap 0x000001D0115A4480
[2018.04.03-20.04.30:042][ 96]LogMaterial: 0.00 seconds spent updating 1 materials, 1 interfaces, 0 instances, 1 with static permutations.
[2018.04.03-20.04.30:047][ 96]LogTemp:Display: Added shader map 0x000001D0118C8480 from material 0x000001D069096980
[2018.04.03-20.04.30:047][ 96]LogTemp:Display: Found existing compiling shader for material M_Landscape, linking to other GameThreadShaderMap 0x000001D0118C8480
[2018.04.03-20.04.30:051][ 96]LogMaterial: Missing cached shader map for material M_Landscape, compiling. 
[2018.04.03-20.04.30:053][ 96]LogTemp:Display: Added material ShaderMap 0x000001D011218800 with Material 0x000001D069096980 to ShaderMapsBeingCompiled
[2018.04.03-20.04.30:062][ 96]LogTemp:Display: Kicking off shader compilation for M_Landscape, GameThreadShaderMap 0x000001D011218800
[2018.04.03-20.04.30:063][ 96]LogTemp:Display: Added shader map 0x000001D011218800 from material 0x000001D069096980
[2018.04.03-20.04.30:063][ 96]LogTemp:Display: Found existing compiling shader for material M_Landscape, linking to other GameThreadShaderMap 0x000001D011218800
[2018.04.03-20.04.30:064][ 96]LogMaterial: 0.00 seconds spent updating 1 materials, 1 interfaces, 0 instances, 1 with static permutations.
[2018.04.03-20.04.30:070][ 96]LogTemp:Display: Added shader map 0x000001D0118C8480 from material 0x000001D069097D00
[2018.04.03-20.04.30:070][ 96]LogTemp:Display: Found existing compiling shader for material M_Landscape, linking to other GameThreadShaderMap 0x000001D0118C8480
[2018.04.03-20.04.30:073][ 96]LogMaterial: Missing cached shader map for material M_Landscape, compiling. 
[2018.04.03-20.04.30:075][ 96]LogTemp:Display: Added material ShaderMap 0x000001D0111A4B80 with Material 0x000001D069097D00 to ShaderMapsBeingCompiled
[2018.04.03-20.04.30:084][ 96]LogTemp:Display: Kicking off shader compilation for M_Landscape, GameThreadShaderMap 0x000001D0111A4B80
[2018.04.03-20.04.30:086][ 96]LogTemp:Display: Added shader map 0x000001D0111A4B80 from material 0x000001D069097D00
[2018.04.03-20.04.30:086][ 96]LogTemp:Display: Found existing compiling shader for material M_Landscape, linking to other GameThreadShaderMap 0x000001D0111A4B80
[2018.04.03-20.04.30:087][ 96]LogMaterial: 0.00 seconds spent updating 1 materials, 1 interfaces, 0 instances, 1 with static permutations.
[2018.04.03-20.04.30:100][ 96]LogTexture:Display: Building textures: Texture2D_2 (G8, 128X128) - 165 MB total VRAM
[2018.04.03-20.04.32:037][186]LogTemp:Display: Finished compile of shader map 0x000001D06907B200
[2018.04.03-20.04.32:037][186]LogTemp:Display: Shader map LayerVisMaterial complete, GameThreadShaderMap 0x000001D06907B200, marking material LayerVisMaterial as finished
[2018.04.03-20.04.32:037][186]LogTemp:Display: Marking material as finished 0x000001D045A04E80
[2018.04.03-20.04.33:261][252]LogTemp:Display: Finished compile of shader map 0x000001D0691DAE80
[2018.04.03-20.04.33:261][252]LogTemp:Display: Shader map SelectBrushMaterial complete, GameThreadShaderMap 0x000001D0691DAE80, marking material SelectBrushMaterial as finished
[2018.04.03-20.04.33:261][252]LogTemp:Display: Marking material as finished 0x000001D069171000
[2018.04.03-20.04.33:262][252]LogTemp:Display: Shader map SelectBrushMaterial complete, GameThreadShaderMap 0x000001D0691DAE80, marking material SelectBrushMaterial as finished
[2018.04.03-20.04.33:263][252]LogTemp:Display: Marking material as finished 0x000001D011D38880
[2018.04.03-20.04.35:454][376]LogTemp:Display: Finished compile of shader map 0x000001D00E018800
[2018.04.03-20.04.35:454][376]LogTemp:Display: Shader map SelectBrushMaterial complete, GameThreadShaderMap 0x000001D00E018800, marking material SelectBrushMaterial as finished
[2018.04.03-20.04.35:455][376]LogTemp:Display: Marking material as finished 0x000001D00DFB5D80
[2018.04.03-20.04.36:739][447]LogTemp:Display: Finished compile of shader map 0x000001D05E505280
[2018.04.03-20.04.36:739][447]LogTemp:Display: Shader map MaskBrushMaterial complete, GameThreadShaderMap 0x000001D05E505280, marking material MaskBrushMaterial as finished
[2018.04.03-20.04.36:739][447]LogTemp:Display: Marking material as finished 0x000001D05E510B80
[2018.04.03-20.04.36:766][448]LogTemp:Display: Finished compile of shader map 0x000001D05E3C0F00
[2018.04.03-20.04.36:766][448]LogTemp:Display: Shader map LandscapeLayerUsageMaterial complete, GameThreadShaderMap 0x000001D05E3C0F00, marking material LandscapeLayerUsageMaterial as finished
[2018.04.03-20.04.36:766][448]LogTemp:Display: Marking material as finished 0x000001D05E3C4100
[2018.04.03-20.04.40:210][643]LogTemp:Display: Finished compile of shader map 0x000001D00CC62E80
[2018.04.03-20.04.40:211][643]LogTemp:Display: Shader map CircleBrushMaterial complete, GameThreadShaderMap 0x000001D00CC62E80, marking material CircleBrushMaterial as finished
[2018.04.03-20.04.40:211][643]LogTemp:Display: Marking material as finished 0x000001D00CD8A500
[2018.04.03-20.04.40:220][643]LogTemp:Display: Finished compile of shader map 0x000001D00CD57200
[2018.04.03-20.04.40:220][643]LogTemp:Display: Shader map CircleBrushMaterial complete, GameThreadShaderMap 0x000001D00CD57200, marking material CircleBrushMaterial as finished
[2018.04.03-20.04.40:220][643]LogTemp:Display: Marking material as finished 0x000001D05E3B0400
[2018.04.03-20.04.42:597][780]LogTemp:Display: Finished compile of shader map 0x000001D00CB45280
[2018.04.03-20.04.42:597][780]LogTemp:Display: Shader map CircleBrushMaterial complete, GameThreadShaderMap 0x000001D00CB45280, marking material CircleBrushMaterial as finished
[2018.04.03-20.04.42:598][780]LogTemp:Display: Marking material as finished 0x000001D00CAFF580
[2018.04.03-20.04.43:639][839]LogTemp:Display: Finished compile of shader map 0x000001D00C9EB580
[2018.04.03-20.04.43:639][839]LogTemp:Display: Shader map CircleBrushMaterial complete, GameThreadShaderMap 0x000001D00C9EB580, marking material CircleBrushMaterial as finished
[2018.04.03-20.04.43:639][839]LogTemp:Display: Marking material as finished 0x000001D00CAFC700
[2018.04.03-20.04.46:164][988]LogTemp:Display: Finished compile of shader map 0x000001D011D2F200
[2018.04.03-20.04.46:164][988]LogTemp:Display: Shader map AlphaBrushMaterial complete, GameThreadShaderMap 0x000001D011D2F200, marking material AlphaBrushMaterial as finished
[2018.04.03-20.04.46:164][988]LogTemp:Display: Marking material as finished 0x000001D011D55180
[2018.04.03-20.04.47:832][ 88]LogTemp:Display: Finished compile of shader map 0x000001D0119C8480
[2018.04.03-20.04.47:832][ 88]LogTemp:Display: Shader map MaskBrushMaterial complete, GameThreadShaderMap 0x000001D0119C8480, marking material MaskBrushMaterial as finished
[2018.04.03-20.04.47:832][ 88]LogTemp:Display: Marking material as finished 0x000001D011965480
[2018.04.03-20.04.47:839][ 88]LogTemp:Display: Finished compile of shader map 0x000001D011C49980
[2018.04.03-20.04.47:839][ 88]LogTemp:Display: Shader map CircleBrushMaterial complete, GameThreadShaderMap 0x000001D011C49980, marking material CircleBrushMaterial as finished
[2018.04.03-20.04.47:839][ 88]LogTemp:Display: Marking material as finished 0x000001D011D39F00
[2018.04.03-20.04.49:349][179]LogTemp:Display: Finished compile of shader map 0x000001D0118C8480
[2018.04.03-20.04.49:349][179]LogTemp:Display: Shader map M_Landscape complete, GameThreadShaderMap 0x000001D0118C8480, marking material M_Landscape as finished
[2018.04.03-20.04.49:349][179]LogTemp:Display: Marking material as finished 0x000001D05583A680
[2018.04.03-20.04.49:351][179]LogTemp:Display: Shader map M_Landscape complete, GameThreadShaderMap 0x000001D0118C8480, marking material M_Landscape as finished
[2018.04.03-20.04.49:351][179]LogTemp:Display: Marking material as finished 0x000001D055839900
[2018.04.03-20.04.49:353][179]LogTemp:Display: Shader map M_Landscape complete, GameThreadShaderMap 0x000001D0118C8480, marking material M_Landscape as finished
[2018.04.03-20.04.49:353][179]LogTemp:Display: Marking material as finished 0x000001D05583B880
[2018.04.03-20.04.49:354][179]LogTemp:Display: Shader map M_Landscape complete, GameThreadShaderMap 0x000001D0118C8480, marking material M_Landscape as finished
[2018.04.03-20.04.49:354][179]LogTemp:Display: Marking material as finished 0x000001D069096980
[2018.04.03-20.04.49:356][179]LogTemp:Display: Shader map M_Landscape complete, GameThreadShaderMap 0x000001D0118C8480, marking material M_Landscape as finished
[2018.04.03-20.04.49:356][179]LogTemp:Display: Marking material as finished 0x000001D069097D00
[2018.04.03-20.04.49:831][208]LogTemp:Display: Finished compile of shader map 0x000001D0111A4B80
[2018.04.03-20.04.49:831][208]LogTemp:Display: Shader map M_Landscape complete, GameThreadShaderMap 0x000001D0111A4B80, marking material M_Landscape as finished
[2018.04.03-20.04.49:831][208]LogTemp:Display: Marking material as finished 0x000001D069097D00
[2018.04.03-20.04.50:214][231]LogTemp:Display: Finished compile of shader map 0x000001D0115A7900
[2018.04.03-20.04.50:214][231]LogTemp:Display: Shader map M_Landscape complete, GameThreadShaderMap 0x000001D0115A7900, marking material M_Landscape as finished
[2018.04.03-20.04.50:214][231]LogTemp:Display: Marking material as finished 0x000001D055839900
[2018.04.03-20.04.50:220][231]LogTemp:Display: Finished compile of shader map 0x000001D06925F200
[2018.04.03-20.04.50:220][231]LogTemp:Display: Shader map M_Landscape complete, GameThreadShaderMap 0x000001D06925F200, marking material M_Landscape as finished
[2018.04.03-20.04.50:220][231]LogTemp:Display: Marking material as finished 0x000001D05583A680
[2018.04.03-20.04.50:396][242]LogTemp:Display: Finished compile of shader map 0x000001D011218800
[2018.04.03-20.04.50:396][242]LogTemp:Display: Shader map M_Landscape complete, GameThreadShaderMap 0x000001D011218800, marking material M_Landscape as finished
[2018.04.03-20.04.50:396][242]LogTemp:Display: Marking material as finished 0x000001D069096980
[2018.04.03-20.04.50:400][242]LogTemp:Display: Finished compile of shader map 0x000001D0115A4480
[2018.04.03-20.04.50:400][242]LogTemp:Display: Shader map M_Landscape complete, GameThreadShaderMap 0x000001D0115A4480, marking material M_Landscape as finished
[2018.04.03-20.04.50:400][242]LogTemp:Display: Marking material as finished 0x000001D05583B880
[2018.04.03-20.05.02:136][ 22]LogTemp: Repeting last play command: Selected Viewport
[2018.04.03-20.05.02:158][ 22]LogBlueprintUserMessages: Early PlayInEditor Detection: Level '/Game/ThirdPersonBP/Maps/ThirdPersonExampleMap.ThirdPersonExampleMap:PersistentLevel' has LevelScriptBlueprint '/Game/ThirdPersonBP/Maps/ThirdPersonExampleMap.ThirdPersonExampleMap:PersistentLevel.ThirdPersonExampleMap' with GeneratedClass '/Game/ThirdPersonBP/Maps/ThirdPersonExampleMap.ThirdPersonExampleMap_C' with ClassGeneratedBy '/Game/ThirdPersonBP/Maps/ThirdPersonExampleMap.ThirdPersonExampleMap:PersistentLevel.ThirdPersonExampleMap'
[2018.04.03-20.05.02:159][ 22]LogPlayLevel: PlayLevel: No blueprints needed recompiling
[2018.04.03-20.05.02:159][ 22]PIE: New page: PIE session: ThirdPersonExampleMap (Apr 4, 2018, 12:05:02 AM)
[2018.04.03-20.05.02:159][ 22]LogPlayLevel: Creating play world package: /Game/ThirdPersonBP/Maps/UEDPIE_0_ThirdPersonExampleMap
[2018.04.03-20.05.02:196][ 22]LogPlayLevel: PIE: StaticDuplicateObject took: (0.037106s)
[2018.04.03-20.05.02:197][ 22]LogAIModule: Creating AISystem for world ThirdPersonExampleMap
[2018.04.03-20.05.02:198][ 22]LogPlayLevel: PIE: World Init took: (0.001205s)
[2018.04.03-20.05.02:198][ 22]LogPlayLevel: PIE: Created PIE world by copying editor world from /Game/ThirdPersonBP/Maps/ThirdPersonExampleMap.ThirdPersonExampleMap to /Game/ThirdPersonBP/Maps/UEDPIE_0_ThirdPersonExampleMap.ThirdPersonExampleMap (0.038711s)
[2018.04.03-20.05.02:265][ 22]LogInit: XAudio2 using 'Headset Earphone (Razer Kraken 7.1 Chroma)' : 2 channels at 48 kHz using 16 bits per sample (channel mask 0x3)
[2018.04.03-20.05.02:272][ 22]LogInit: FAudioDevice initialized.
[2018.04.03-20.05.02:324][ 22]LogLoad: Game class is 'ThirdPersonGameMode_C'
[2018.04.03-20.05.02:328][ 22]LogWorld: Bringing World /Game/ThirdPersonBP/Maps/UEDPIE_0_ThirdPersonExampleMap.ThirdPersonExampleMap up for play (max tick rate 0) at 2018.04.03-22.05.02
[2018.04.03-20.05.02:329][ 22]LogWorld: Bringing up level for play took: 0.003444
[2018.04.03-20.05.02:330][ 22]LogSpawn:Warning: SpawnActor failed because no class was specified
[2018.04.03-20.05.02:391][ 22]LogContentBrowser: Native class hierarchy updated for 'MovieSceneCapture' in 0.0008 seconds. Added 11 classes and 0 folders.
[2018.04.03-20.05.02:393][ 22]PIE: Info Play in editor start time for /Game/ThirdPersonBP/Maps/UEDPIE_0_ThirdPersonExampleMap 1.207
[2018.04.03-20.05.02:393][ 22]LogBlueprintUserMessages: Late PlayInEditor Detection: Level '/Game/ThirdPersonBP/Maps/ThirdPersonExampleMap.ThirdPersonExampleMap:PersistentLevel' has LevelScriptBlueprint '/Game/ThirdPersonBP/Maps/ThirdPersonExampleMap.ThirdPersonExampleMap:PersistentLevel.ThirdPersonExampleMap' with GeneratedClass '/Game/ThirdPersonBP/Maps/ThirdPersonExampleMap.ThirdPersonExampleMap_C' with ClassGeneratedBy '/Game/ThirdPersonBP/Maps/ThirdPersonExampleMap.ThirdPersonExampleMap:PersistentLevel.ThirdPersonExampleMap'
[2018.04.03-20.06.47:767][660]LogBlueprintUserMessages: Early EndPlayMap Detection: Level '/Game/ThirdPersonBP/Maps/ThirdPersonExampleMap.ThirdPersonExampleMap:PersistentLevel' has LevelScriptBlueprint '/Game/ThirdPersonBP/Maps/ThirdPersonExampleMap.ThirdPersonExampleMap:PersistentLevel.ThirdPersonExampleMap' with GeneratedClass '/Game/ThirdPersonBP/Maps/ThirdPersonExampleMap.ThirdPersonExampleMap_C' with ClassGeneratedBy '/Game/ThirdPersonBP/Maps/ThirdPersonExampleMap.ThirdPersonExampleMap:PersistentLevel.ThirdPersonExampleMap'
[2018.04.03-20.06.47:819][660]LogBlueprintUserMessages: Late EndPlayMap Detection: Level '/Game/ThirdPersonBP/Maps/ThirdPersonExampleMap.ThirdPersonExampleMap:PersistentLevel' has LevelScriptBlueprint '/Game/ThirdPersonBP/Maps/ThirdPersonExampleMap.ThirdPersonExampleMap:PersistentLevel.ThirdPersonExampleMap' with GeneratedClass '/Game/ThirdPersonBP/Maps/ThirdPersonExampleMap.ThirdPersonExampleMap_C' with ClassGeneratedBy '/Game/ThirdPersonBP/Maps/ThirdPersonExampleMap.ThirdPersonExampleMap:PersistentLevel.ThirdPersonExampleMap'
[2018.04.03-20.06.54:426][ 76]LogSlate: Took 0.000303 seconds to synchronously load lazily loaded font '../../../Engine/Content/Slate/Fonts/Roboto-Light.ttf' (159K)
[2018.04.03-20.06.54:512][ 76]LogTexture:Display: Building textures: Texture2D_0 (BGRA8, 128X128) - 165 MB total VRAM
[2018.04.03-20.06.54:885][ 76]LogSavePackage: Save=375.88ms
[2018.04.03-20.06.54:885][ 76]LogSavePackage: Moving '../../../../../../Users/Federico Gaggioli/Documents/Unreal Projects/MyProject4/Saved/ThirdPersonExampleMapA26DED9744415FFBDEB2CCAA58419FD4.tmp' to '../../../../../../Users/Federico Gaggioli/Documents/Unreal Projects/MyProject4/Content/ThirdPersonBP/Maps/ThirdPersonExampleMap.umap'
[2018.04.03-20.06.54:893][ 76]LogSavePackage:Display: Finished SavePackage ../../../../../../Users/Federico Gaggioli/Documents/Unreal Projects/MyProject4/Content/ThirdPersonBP/Maps/ThirdPersonExampleMap.umap
[2018.04.03-20.06.55:333][ 76]LogSavePackage: Save=334.49ms
[2018.04.03-20.06.55:333][ 76]LogSavePackage: Moving '../../../../../../Users/Federico Gaggioli/Documents/Unreal Projects/MyProject4/Saved/ThirdPersonExampleMap_BuiltData22F27C3B435AE659626883AFCE9386E5.tmp' to '../../../../../../Users/Federico Gaggioli/Documents/Unreal Projects/MyProject4/Content/ThirdPersonBP/Maps/ThirdPersonExampleMap_BuiltData.uasset'
[2018.04.03-20.06.55:336][ 76]LogSavePackage:Display: Finished SavePackage ../../../../../../Users/Federico Gaggioli/Documents/Unreal Projects/MyProject4/Content/ThirdPersonBP/Maps/ThirdPersonExampleMap_BuiltData.uasset
[2018.04.03-20.06.59:833][384]LogWindowsTextInputMethodSystem:Display: IME system now deactivated.
[2018.04.03-20.07.00:084][385]Cmd: QUIT_EDITOR
[2018.04.03-20.07.00:741][385]LogExit: Preparing to exit.
[2018.04.03-20.07.01:640][385]LogDirectoryWatcher: A directory notification for 'C:/Users/Federico Gaggioli/Documents/Unreal Projects/MyProject4/Content/' was aborted.
[2018.04.03-20.07.01:661][385]LogExit: Editor shut down
[2018.04.03-20.07.01:662][385]LogExit: Transaction tracking system shut down
[2018.04.03-20.07.01:732][385]LogObj: Freed 0b from 0 cluster array pools.
[2018.04.03-20.07.01:732][385]LogExit: Object subsystem successfully closed.
[2018.04.03-20.07.01:753][385]LogD3D11RHI: Shutdown
[2018.04.03-20.07.01:753][385]LogD3D11RHI: CleanupD3DDevice
[2018.04.03-20.07.01:859][385]LogD3D11RHI: ~FD3D11DynamicRHI
[2018.04.03-20.07.01:876][385]LogModuleManager: Shutting down and abandoning module MovieSceneCapture (500)
[2018.04.03-20.07.01:876][385]LogModuleManager: Shutting down and abandoning module HierarchicalLODOutliner (498)
[2018.04.03-20.07.01:876][385]LogModuleManager: Shutting down and abandoning module AddContentDialog (496)
[2018.04.03-20.07.01:876][385]LogDirectoryWatcher: A directory notification for 'C:/Program Files/Epic Games/UE_4.15/FeaturePacks/' was aborted.
[2018.04.03-20.07.01:877][385]LogModuleManager: Shutting down and abandoning module WidgetCarousel (495)
[2018.04.03-20.07.01:877][385]LogModuleManager: Shutting down and abandoning module EditorWidgets (492)
[2018.04.03-20.07.01:877][385]LogModuleManager: Shutting down and abandoning module CollectionManager (490)
[2018.04.03-20.07.01:877][385]LogDirectoryWatcher: A directory notification for 'C:/Users/Federico Gaggioli/Documents/Unreal Projects/MyProject4/Content/Collections/' was aborted.
[2018.04.03-20.07.01:877][385]LogDirectoryWatcher: A directory notification for 'C:/Users/Federico Gaggioli/Documents/Unreal Projects/MyProject4/Content/Developers/FedericoGaggioli/Collections/' was aborted.
[2018.04.03-20.07.01:877][385]LogDirectoryWatcher: A directory notification for 'C:/Users/Federico Gaggioli/Documents/Unreal Projects/MyProject4/Saved/Collections/' was aborted.
[2018.04.03-20.07.01:877][385]LogModuleManager: Shutting down and abandoning module CrashTracker (488)
[2018.04.03-20.07.01:877][385]LogModuleManager: Shutting down and abandoning module SceneOutliner (486)
[2018.04.03-20.07.01:877][385]LogModuleManager: Shutting down and abandoning module StatsViewer (484)
[2018.04.03-20.07.01:877][385]LogModuleManager: Shutting down and abandoning module FoliageEdit (482)
[2018.04.03-20.07.01:878][385]LogModuleManager: Shutting down and abandoning module LandscapeEditor (480)
[2018.04.03-20.07.01:878][385]LogModuleManager: Shutting down and abandoning module SceneDepthPickerMode (478)
[2018.04.03-20.07.01:878][385]LogModuleManager: Shutting down and abandoning module ActorPickerMode (476)
[2018.04.03-20.07.01:878][385]LogModuleManager: Shutting down and abandoning module GeometryMode (474)
[2018.04.03-20.07.01:878][385]LogModuleManager: Shutting down and abandoning module TextureAlignMode (472)
[2018.04.03-20.07.01:878][385]LogModuleManager: Shutting down and abandoning module BspMode (470)
[2018.04.03-20.07.01:878][385]LogModuleManager: Shutting down and abandoning module HardwareSurvey (468)
[2018.04.03-20.07.01:878][385]LogModuleManager: Shutting down and abandoning module SequenceRecorderSections (466)
[2018.04.03-20.07.01:878][385]LogModuleManager: Shutting down and abandoning module AutomationWorker (464)
[2018.04.03-20.07.01:878][385]LogModuleManager: Shutting down and abandoning module MatineeToLevelSequence (462)
[2018.04.03-20.07.01:878][385]LogModuleManager: Shutting down and abandoning module LevelSequenceEditor (460)
[2018.04.03-20.07.01:878][385]LogModuleManager: Shutting down and abandoning module PlacementMode (459)
[2018.04.03-20.07.01:878][385]LogModuleManager: Shutting down and abandoning module WmfMediaFactory (456)
[2018.04.03-20.07.01:878][385]LogModuleManager: Shutting down and abandoning module WmfMediaEditor (454)
[2018.04.03-20.07.01:878][385]LogModuleManager: Shutting down and abandoning module MfMediaFactory (452)
[2018.04.03-20.07.01:878][385]LogModuleManager: Shutting down and abandoning module MfMediaEditor (450)
[2018.04.03-20.07.01:878][385]LogModuleManager: Shutting down and abandoning module AvfMediaFactory (448)
[2018.04.03-20.07.01:878][385]LogModuleManager: Shutting down and abandoning module AvfMediaEditor (446)
[2018.04.03-20.07.01:878][385]LogModuleManager: Shutting down and abandoning module AndroidMediaFactory (444)
[2018.04.03-20.07.01:878][385]LogModuleManager: Shutting down and abandoning module Media (443)
[2018.04.03-20.07.01:878][385]LogModuleManager: Shutting down and abandoning module AndroidMediaEditor (440)
[2018.04.03-20.07.01:878][385]LogModuleManager: Shutting down and abandoning module CharacterAI (438)
[2018.04.03-20.07.01:878][385]LogModuleManager: Shutting down and abandoning module AudioCapture (436)
[2018.04.03-20.07.01:878][385]LogModuleManager: Shutting down and abandoning module SequenceRecorder (435)
[2018.04.03-20.07.01:878][385]LogModuleManager: Shutting down and abandoning module SmartSnapping (432)
[2018.04.03-20.07.01:878][385]LogModuleManager: Shutting down and abandoning module SessionServices (430)
[2018.04.03-20.07.01:878][385]LogModuleManager: Shutting down and abandoning module ViewportSnapping (428)
[2018.04.03-20.07.01:878][385]LogModuleManager: Shutting down and abandoning module ViewportInteraction (426)
[2018.04.03-20.07.01:878][385]LogModuleManager: Shutting down and abandoning module LogVisualizer (424)
[2018.04.03-20.07.01:878][385]LogModuleManager: Shutting down and abandoning module IntroTutorials (422)
[2018.04.03-20.07.01:878][385]LogModuleManager: Shutting down and abandoning module GameProjectGeneration (421)
[2018.04.03-20.07.01:878][385]LogModuleManager: Shutting down and abandoning module EditorLiveStreaming (418)
[2018.04.03-20.07.01:878][385]LogModuleManager: Shutting down and abandoning module IOSPlatformEditor (416)
[2018.04.03-20.07.01:878][385]LogModuleManager: Shutting down and abandoning module HTML5PlatformEditor (414)
[2018.04.03-20.07.01:878][385]LogModuleManager: Shutting down and abandoning module AndroidPlatformEditor (412)
[2018.04.03-20.07.01:878][385]LogModuleManager: Shutting down and abandoning module AndroidDeviceDetection (411)
[2018.04.03-20.07.02:641][385]LogModuleManager: Shutting down and abandoning module IOSRuntimeSettings (408)
[2018.04.03-20.07.02:641][385]LogModuleManager: Shutting down and abandoning module AndroidRuntimeSettings (406)
[2018.04.03-20.07.02:641][385]LogModuleManager: Shutting down and abandoning module InputBindingEditor (404)
[2018.04.03-20.07.02:641][385]LogModuleManager: Shutting down and abandoning module NiagaraEditor (402)
[2018.04.03-20.07.02:641][385]LogModuleManager: Shutting down and abandoning module MergeActors (400)
[2018.04.03-20.07.02:641][385]LogModuleManager: Shutting down and abandoning module SizeMap (398)
[2018.04.03-20.07.02:641][385]LogModuleManager: Shutting down and abandoning module TreeMap (396)
[2018.04.03-20.07.02:641][385]LogModuleManager: Shutting down and abandoning module ReferenceViewer (394)
[2018.04.03-20.07.02:641][385]LogModuleManager: Shutting down and abandoning module LocalizationDashboard (392)
[2018.04.03-20.07.02:641][385]LogModuleManager: Shutting down and abandoning module LocalizationService (391)
[2018.04.03-20.07.02:641][385]LogModuleManager: Shutting down and abandoning module HardwareTargeting (388)
[2018.04.03-20.07.02:641][385]LogModuleManager: Shutting down and abandoning module DeviceProfileEditor (386)
[2018.04.03-20.07.02:641][385]LogModuleManager: Shutting down and abandoning module UndoHistory (384)
[2018.04.03-20.07.02:641][385]LogModuleManager: Shutting down and abandoning module UserFeedback (382)
[2018.04.03-20.07.02:641][385]LogModuleManager: Shutting down and abandoning module XmlParser (380)
[2018.04.03-20.07.02:641][385]LogModuleManager: Shutting down and abandoning module Blutility (378)
[2018.04.03-20.07.02:641][385]LogModuleManager: Shutting down and abandoning module ProjectSettingsViewer (376)
[2018.04.03-20.07.02:641][385]LogModuleManager: Shutting down and abandoning module ProjectTargetPlatformEditor (375)
[2018.04.03-20.07.02:641][385]LogModuleManager: Shutting down and abandoning module EditorSettingsViewer (372)
[2018.04.03-20.07.02:641][385]LogModuleManager: Shutting down and abandoning module SettingsEditor (370)
[2018.04.03-20.07.02:641][385]LogModuleManager: Shutting down and abandoning module ProjectLauncher (368)
[2018.04.03-20.07.02:641][385]LogModuleManager: Shutting down and abandoning module SessionFrontend (366)
[2018.04.03-20.07.02:641][385]LogModuleManager: Shutting down and abandoning module ProfilerClient (364)
[2018.04.03-20.07.02:641][385]LogModuleManager: Shutting down and abandoning module DeviceManager (362)
[2018.04.03-20.07.02:641][385]LogModuleManager: Shutting down and abandoning module TargetDeviceServices (361)
[2018.04.03-20.07.02:684][385]LogModuleManager: Shutting down and abandoning module AutomationController (358)
[2018.04.03-20.07.02:684][385]LogModuleManager: Shutting down and abandoning module AutomationWindow (356)
[2018.04.03-20.07.02:684][385]LogModuleManager: Shutting down and abandoning module Layers (354)
[2018.04.03-20.07.02:684][385]LogModuleManager: Shutting down and abandoning module ComponentVisualizers (352)
[2018.04.03-20.07.02:684][385]LogModuleManager: Shutting down and abandoning module DetailCustomizations (350)
[2018.04.03-20.07.02:684][385]LogModuleManager: Shutting down and abandoning module PackagesDialog (348)
[2018.04.03-20.07.02:684][385]LogModuleManager: Shutting down and abandoning module Persona (346)
[2018.04.03-20.07.02:684][385]LogModuleManager: Shutting down and abandoning module AnimGraph (345)
[2018.04.03-20.07.02:684][385]LogModuleManager: Shutting down and abandoning module Kismet (342)
[2018.04.03-20.07.02:685][385]LogModuleManager: Shutting down and abandoning module GraphEditor (340)
[2018.04.03-20.07.02:685][385]LogModuleManager: Shutting down and abandoning module ClassViewer (338)
[2018.04.03-20.07.02:685][385]LogModuleManager: Shutting down and abandoning module Toolbox (336)
[2018.04.03-20.07.02:685][385]LogModuleManager: Shutting down and abandoning module ModuleUI (334)
[2018.04.03-20.07.02:685][385]LogModuleManager: Shutting down and abandoning module MovieSceneTools (332)
[2018.04.03-20.07.02:685][385]LogModuleManager: Shutting down and abandoning module OutputLog (330)
[2018.04.03-20.07.02:685][385]LogModuleManager: Shutting down and abandoning module GammaUI (328)
[2018.04.03-20.07.02:685][385]LogModuleManager: Shutting down and abandoning module Documentation (326)
[2018.04.03-20.07.02:685][385]LogModuleManager: Shutting down and abandoning module Niagara (324)
[2018.04.03-20.07.02:685][385]LogModuleManager: Shutting down and abandoning module StreamingPauseRendering (322)
[2018.04.03-20.07.02:685][385]LogModuleManager: Shutting down and abandoning module AnalyticsET (320)
[2018.04.03-20.07.02:685][385]LogModuleManager: Shutting down and abandoning module PortalServices (318)
[2018.04.03-20.07.02:685][385]LogModuleManager: Shutting down and abandoning module PortalRpc (316)
[2018.04.03-20.07.02:685][385]LogModuleManager: Shutting down and abandoning module MessagingRpc (314)
[2018.04.03-20.07.02:685][385]LogModuleManager: Shutting down and abandoning module AIModule (312)
[2018.04.03-20.07.02:685][385]LogModuleManager: Shutting down and abandoning module GameplayDebugger (311)
[2018.04.03-20.07.02:685][385]LogModuleManager: Shutting down and abandoning module AITestSuite (309)
[2018.04.03-20.07.02:685][385]LogModuleManager: Shutting down and abandoning module ProfilerService (306)
[2018.04.03-20.07.02:883][385]LogModuleManager: Shutting down and abandoning module TaskGraph (304)
[2018.04.03-20.07.02:883][385]LogModuleManager: Shutting down and abandoning module SteamVRController (302)
[2018.04.03-20.07.02:883][385]LogModuleManager: Shutting down and abandoning module SteamVR (300)
[2018.04.03-20.07.02:883][385]LogModuleManager: Shutting down and abandoning module ProceduralMeshComponentEditor (298)
[2018.04.03-20.07.02:883][385]LogModuleManager: Shutting down and abandoning module ProceduralMeshComponent (296)
[2018.04.03-20.07.02:883][385]LogModuleManager: Shutting down and abandoning module OculusLibrary (294)
[2018.04.03-20.07.02:883][385]LogModuleManager: Shutting down and abandoning module OculusInput (292)
[2018.04.03-20.07.02:883][385]LogModuleManager: Shutting down and abandoning module MobilePatchingUtils (290)
[2018.04.03-20.07.02:883][385]LogModuleManager: Shutting down and abandoning module CustomMeshComponent (288)
[2018.04.03-20.07.02:883][385]LogModuleManager: Shutting down and abandoning module CableComponent (286)
[2018.04.03-20.07.02:883][385]LogModuleManager: Shutting down and abandoning module ArchVisCharacter (284)
[2018.04.03-20.07.02:883][385]LogModuleManager: Shutting down and abandoning module MediaPlayerEditor (280)
[2018.04.03-20.07.02:883][385]LogModuleManager: Shutting down and abandoning module HTML5Networking (278)
[2018.04.03-20.07.02:883][385]LogModuleManager: Shutting down and abandoning module AlembicImporter (276)
[2018.04.03-20.07.02:884][385]LogModuleManager: Shutting down and abandoning module AlembicLibrary (275)
[2018.04.03-20.07.02:884][385]LogModuleManager: Shutting down and abandoning module GeometryCache (274)
[2018.04.03-20.07.02:884][385]LogModuleManager: Shutting down and abandoning module GeometryCacheEd (273)
[2018.04.03-20.07.02:884][385]LogModuleManager: Shutting down and abandoning module SuperSearchEditor (268)
[2018.04.03-20.07.02:884][385]LogModuleManager: Shutting down and abandoning module SuperSearch (267)
[2018.04.03-20.07.02:884][385]LogModuleManager: Shutting down and abandoning module SpeedTreeImporter (264)
[2018.04.03-20.07.02:884][385]LogModuleManager: Shutting down and abandoning module PluginBrowser (262)
[2018.04.03-20.07.02:884][385]LogModuleManager: Shutting down and abandoning module MobileLauncherProfileWizard (260)
[2018.04.03-20.07.02:884][385]LogModuleManager: Shutting down and abandoning module EpicSurvey (258)
[2018.04.03-20.07.02:884][385]LogModuleManager: Shutting down and abandoning module VisualStudioSourceCodeAccess (256)
[2018.04.03-20.07.02:884][385]LogModuleManager: Shutting down and abandoning module DesktopPlatform (255)
[2018.04.03-20.07.02:884][385]LogModuleManager: Shutting down and abandoning module UObjectPlugin (252)
[2018.04.03-20.07.02:884][385]LogModuleManager: Shutting down and abandoning module SubversionSourceControl (250)
[2018.04.03-20.07.02:884][385]LogModuleManager: Shutting down and abandoning module PerforceSourceControl (248)
[2018.04.03-20.07.02:884][385]LogModuleManager: Shutting down and abandoning module GitSourceControl (246)
[2018.04.03-20.07.02:884][385]LogModuleManager: Shutting down and abandoning module SourceControl (245)
[2018.04.03-20.07.02:884][385]LogModuleManager: Shutting down and abandoning module LightPropagationVolumeEditor (242)
[2018.04.03-20.07.02:884][385]LogModuleManager: Shutting down and abandoning module PaperTiledImporter (240)
[2018.04.03-20.07.02:884][385]LogModuleManager: Shutting down and abandoning module PaperSpriteSheetImporter (238)
[2018.04.03-20.07.02:884][385]LogModuleManager: Shutting down and abandoning module Paper2DEditor (236)
[2018.04.03-20.07.02:884][385]LogModuleManager: Shutting down and abandoning module MeshPaint (235)
[2018.04.03-20.07.02:884][385]LogModuleManager: Shutting down and abandoning module LevelEditor (233)
[2018.04.03-20.07.02:885][385]LogModuleManager: Shutting down and abandoning module PixelInspectorModule (232)
[2018.04.03-20.07.02:885][385]LogModuleManager: Shutting down and abandoning module MainFrame (230)
[2018.04.03-20.07.02:885][385]LogModuleManager: Shutting down and abandoning module HotReload (229)
[2018.04.03-20.07.02:886][385]LogModuleManager: Shutting down and abandoning module ContentBrowser (225)
[2018.04.03-20.07.02:889][385]LogModuleManager: Shutting down and abandoning module PhysXVehiclesEditor (222)
[2018.04.03-20.07.02:889][385]LogModuleManager: Shutting down and abandoning module PhysXVehicles (220)
[2018.04.03-20.07.02:889][385]LogModuleManager: Shutting down and abandoning module LocationServicesBPLibrary (218)
[2018.04.03-20.07.02:889][385]LogModuleManager: Shutting down and abandoning module UdpMessaging (216)
[2018.04.03-20.07.02:989][385]LogModuleManager: Shutting down and abandoning module TcpMessaging (214)
[2018.04.03-20.07.03:090][385]LogModuleManager: Shutting down and abandoning module GameplayTagsEditor (212)
[2018.04.03-20.07.03:090][385]LogModuleManager: Shutting down and abandoning module FacialAnimationEditor (210)
[2018.04.03-20.07.03:090][385]LogModuleManager: Shutting down and abandoning module FacialAnimation (208)
[2018.04.03-20.07.03:090][385]LogModuleManager: Shutting down and abandoning module LightPropagationVolumeRuntime (206)
[2018.04.03-20.07.03:090][385]LogModuleManager: Shutting down and abandoning module Paper2D (204)
[2018.04.03-20.07.03:090][385]LogModuleManager: Shutting down and abandoning module WindowsMoviePlayer (202)
[2018.04.03-20.07.03:090][385]LogModuleManager: Shutting down and abandoning module WmfMedia (200)
[2018.04.03-20.07.03:090][385]LogModuleManager: Shutting down and abandoning module MfMedia (198)
[2018.04.03-20.07.03:090][385]LogModuleManager: Shutting down and abandoning module MediaAssets (196)
[2018.04.03-20.07.03:090][385]LogModuleManager: Shutting down and abandoning module GameLiveStreaming (194)
[2018.04.03-20.07.03:090][385]LogModuleManager: Shutting down and abandoning module VREditor (192)
[2018.04.03-20.07.03:090][385]LogModuleManager: Shutting down and abandoning module GameplayTasksEditor (190)
[2018.04.03-20.07.03:090][385]LogModuleManager: Shutting down and abandoning module BehaviorTreeEditor (188)
[2018.04.03-20.07.03:090][385]LogModuleManager: Shutting down and abandoning module FunctionalTesting (186)
[2018.04.03-20.07.03:090][385]LogModuleManager: Shutting down and abandoning module CollisionAnalyzer (184)
[2018.04.03-20.07.03:090][385]LogModuleManager: Shutting down and abandoning module UMG (182)
[2018.04.03-20.07.03:090][385]LogModuleManager: Shutting down and abandoning module UMGEditor (181)
[2018.04.03-20.07.03:090][385]LogModuleManager: Shutting down and abandoning module Sequencer (180)
[2018.04.03-20.07.03:090][385]LogModuleManager: Shutting down and abandoning module AssetTools (178)
[2018.04.03-20.07.03:090][385]LogModuleManager: Shutting down and abandoning module MessageLog (177)
[2018.04.03-20.07.03:090][385]LogModuleManager: Shutting down and abandoning module WorkspaceMenuStructure (176)
[2018.04.03-20.07.03:090][385]LogModuleManager: Shutting down and abandoning module SlateReflector (170)
[2018.04.03-20.07.03:090][385]LogModuleManager: Shutting down and abandoning module Slate (168)
[2018.04.03-20.07.03:090][385]LogModuleManager: Shutting down and abandoning module EditorStyle (166)
[2018.04.03-20.07.03:093][385]LogModuleManager: Shutting down and abandoning module SourceCodeAccess (164)
[2018.04.03-20.07.03:093][385]LogModuleManager: Shutting down and abandoning module HeadMountedDisplay (162)
[2018.04.03-20.07.03:093][385]LogModuleManager: Shutting down and abandoning module XAudio2 (160)
[2018.04.03-20.07.03:093][385]LogModuleManager: Shutting down and abandoning module Networking (158)
[2018.04.03-20.07.03:093][385]LogModuleManager: Shutting down and abandoning module Core (154)
[2018.04.03-20.07.03:093][385]LogModuleManager: Shutting down and abandoning module AssetRegistry (152)
[2018.04.03-20.07.03:226][385]LogDirectoryWatcher: A directory notification for '../../../Engine/Content/' was aborted.
[2018.04.03-20.07.03:226][385]LogDirectoryWatcher: A directory notification for '../../../../../../Users/Federico Gaggioli/Documents/Unreal Projects/MyProject4/Content/' was aborted.
[2018.04.03-20.07.03:226][385]LogDirectoryWatcher: A directory notification for '../../../Engine/Plugins/2D/Paper2D/Content/' was aborted.
[2018.04.03-20.07.03:226][385]LogModuleManager: Shutting down and abandoning module DirectoryWatcher (151)
[2018.04.03-20.07.03:227][385]LogModuleManager: Shutting down and abandoning module KismetCompiler (148)
[2018.04.03-20.07.03:227][385]LogModuleManager: Shutting down and abandoning module PhysXFormats (146)
[2018.04.03-20.07.03:227][385]LogModuleManager: Shutting down and abandoning module MeshUtilities (144)
[2018.04.03-20.07.03:227][385]LogModuleManager: Shutting down and abandoning module SimplygonSwarm (143)
[2018.04.03-20.07.03:227][385]LogModuleManager: Shutting down and abandoning module SimplygonMeshReduction (141)
[2018.04.03-20.07.03:227][385]LogModuleManager: Shutting down and abandoning module QuadricMeshReduction (139)
[2018.04.03-20.07.03:227][385]LogModuleManager: Shutting down and abandoning module PropertyEditor (137)
[2018.04.03-20.07.03:227][385]LogModuleManager: Shutting down and abandoning module DerivedDataCache (134)
[2018.04.03-20.07.03:316][385]LogDerivedDataCache: Shutdown
[2018.04.03-20.07.03:316][385]LogModuleManager: Shutting down and abandoning module TargetPlatform (132)
[2018.04.03-20.07.03:316][385]LogModuleManager: Shutting down and abandoning module VulkanShaderFormat (131)
[2018.04.03-20.07.03:316][385]LogModuleManager: Shutting down and abandoning module ShaderFormatOpenGL (129)
[2018.04.03-20.07.03:316][385]LogModuleManager: Shutting down and abandoning module ShaderFormatD3D (127)
[2018.04.03-20.07.03:316][385]LogModuleManager: Shutting down and abandoning module MetalShaderFormat (125)
[2018.04.03-20.07.03:316][385]LogModuleManager: Shutting down and abandoning module TextureFormatUncompressed (123)
[2018.04.03-20.07.03:316][385]LogModuleManager: Shutting down and abandoning module TextureFormatPVR (121)
[2018.04.03-20.07.03:316][385]LogModuleManager: Shutting down and abandoning module TextureFormatDXT (119)
[2018.04.03-20.07.03:316][385]LogModuleManager: Shutting down and abandoning module TextureFormatIntelISPCTexComp (117)
[2018.04.03-20.07.03:316][385]LogModuleManager: Shutting down and abandoning module TextureFormatASTC (115)
[2018.04.03-20.07.03:316][385]LogModuleManager: Shutting down and abandoning module ImageWrapper (114)
[2018.04.03-20.07.03:316][385]LogModuleManager: Shutting down and abandoning module TextureFormatAndroid (111)
[2018.04.03-20.07.03:316][385]LogModuleManager: Shutting down and abandoning module AudioFormatOpus (109)
[2018.04.03-20.07.03:316][385]LogModuleManager: Shutting down and abandoning module AudioFormatOgg (107)
[2018.04.03-20.07.03:316][385]LogModuleManager: Shutting down and abandoning module AudioFormatADPCM (105)
[2018.04.03-20.07.03:316][385]LogModuleManager: Shutting down and abandoning module LinuxTargetPlatform (103)
[2018.04.03-20.07.03:316][385]LogModuleManager: Shutting down and abandoning module LinuxServerTargetPlatform (101)
[2018.04.03-20.07.03:316][385]LogModuleManager: Shutting down and abandoning module LinuxNoEditorTargetPlatform (99)
[2018.04.03-20.07.03:316][385]LogModuleManager: Shutting down and abandoning module LinuxClientTargetPlatform (97)
[2018.04.03-20.07.03:316][385]LogModuleManager: Shutting down and abandoning module TVOSTargetPlatform (95)
[2018.04.03-20.07.03:316][385]LogModuleManager: Shutting down and abandoning module Messaging (93)
[2018.04.03-20.07.03:316][385]LogModuleManager: Shutting down and abandoning module IOSTargetPlatform (91)
[2018.04.03-20.07.03:316][385]LogModuleManager: Shutting down and abandoning module HTML5TargetPlatform (89)
[2018.04.03-20.07.03:316][385]LogModuleManager: Shutting down and abandoning module Android_PVRTCTargetPlatform (87)
[2018.04.03-20.07.03:316][385]LogModuleManager: Shutting down and abandoning module Android_MultiTargetPlatform (85)
[2018.04.03-20.07.03:316][385]LogModuleManager: Shutting down and abandoning module Android_ETC2TargetPlatform (83)
[2018.04.03-20.07.03:316][385]LogModuleManager: Shutting down and abandoning module Android_ETC1TargetPlatform (81)
[2018.04.03-20.07.03:316][385]LogModuleManager: Shutting down and abandoning module Android_DXTTargetPlatform (79)
[2018.04.03-20.07.03:316][385]LogModuleManager: Shutting down and abandoning module Android_ATCTargetPlatform (77)
[2018.04.03-20.07.03:316][385]LogModuleManager: Shutting down and abandoning module Android_ASTCTargetPlatform (75)
[2018.04.03-20.07.03:316][385]LogModuleManager: Shutting down and abandoning module AndroidTargetPlatform (73)
[2018.04.03-20.07.03:316][385]LogModuleManager: Shutting down and abandoning module WindowsTargetPlatform (71)
[2018.04.03-20.07.03:316][385]LogModuleManager: Shutting down and abandoning module WindowsServerTargetPlatform (69)
[2018.04.03-20.07.03:316][385]LogModuleManager: Shutting down and abandoning module WindowsNoEditorTargetPlatform (67)
[2018.04.03-20.07.03:316][385]LogModuleManager: Shutting down and abandoning module WindowsClientTargetPlatform (65)
[2018.04.03-20.07.03:316][385]LogModuleManager: Shutting down and abandoning module MacTargetPlatform (63)
[2018.04.03-20.07.03:316][385]LogModuleManager: Shutting down and abandoning module MacServerTargetPlatform (61)
[2018.04.03-20.07.03:316][385]LogModuleManager: Shutting down and abandoning module MacNoEditorTargetPlatform (59)
[2018.04.03-20.07.03:316][385]LogModuleManager: Shutting down and abandoning module MacClientTargetPlatform (57)
[2018.04.03-20.07.03:316][385]LogModuleManager: Shutting down and abandoning module AllDesktopTargetPlatform (55)
[2018.04.03-20.07.03:316][385]LogModuleManager: Shutting down and abandoning module InputCore (52)
[2018.04.03-20.07.03:316][385]LogModuleManager: Shutting down and abandoning module Settings (50)
[2018.04.03-20.07.03:316][385]LogModuleManager: Shutting down and abandoning module OculusRift (48)
[2018.04.03-20.07.03:316][385]LogModuleManager: Shutting down and abandoning module GearVR (46)
[2018.04.03-20.07.03:316][385]LogModuleManager: Shutting down and abandoning module ExampleDeviceProfileSelector (44)
[2018.04.03-20.07.03:316][385]LogModuleManager: Shutting down and abandoning module OnlineBlueprintSupport (42)
[2018.04.03-20.07.03:316][385]LogModuleManager: Shutting down and abandoning module OnlineSubsystem (38)
[2018.04.03-20.07.03:316][385]LogOnline:Display: Unloading online subsystem: NULL
[2018.04.03-20.07.03:316][385]LogModuleManager: Shutting down and abandoning module XMPP (37)
[2018.04.03-20.07.03:317][385]LogModuleManager: Shutting down and abandoning module HTTP (35)
[2018.04.03-20.07.03:317][385]LogHttp:Display: Http module shutting down, but needs to wait on 1 outstanding Http requests:
[2018.04.03-20.07.03:317][385]LogHttp:Display: 	verb=[POST] url=[https://datarouter.ol.epicgames.com/datarouter/api/v1/public/data?SessionID=%7BBFB67B9E-4453-3925-82E1-7F80EF36098C%7D&AppID=UEEditor.Rocket.Release&AppVersion=4.15.3-3450819%2B%2B%2BUE4%2BRelease-4.15&UserID=199a5a8c4176223550216b8be5d52022%7Cb0dc8019f81d46d2a688a229524c37a1%7C6656855f-405d-4a98-9564-a3b566891a7c&AppEnvironment=datacollector-binary&UploadType=eteventstream] status=Processing
[2018.04.03-20.07.03:319][385]LogModuleManager: Shutting down and abandoning module SSL (34)
[2018.04.03-20.07.03:321][385]LogModuleManager: Shutting down and abandoning module AudioEditor (30)
[2018.04.03-20.07.03:321][385]LogModuleManager: Shutting down and abandoning module TextureCompressor (28)
[2018.04.03-20.07.03:321][385]LogModuleManager: Shutting down and abandoning module ShaderCore (26)
[2018.04.03-20.07.03:321][385]LogModuleManager: Shutting down and abandoning module Landscape (24)
[2018.04.03-20.07.03:321][385]LogModuleManager: Shutting down and abandoning module SlateRHIRenderer (22)
[2018.04.03-20.07.03:322][385]LogModuleManager: Shutting down and abandoning module OpenGLDrv (20)
[2018.04.03-20.07.03:322][385]LogModuleManager: Shutting down and abandoning module D3D11RHI (18)
[2018.04.03-20.07.03:322][385]LogModuleManager: Shutting down and abandoning module AnimGraphRuntime (16)
[2018.04.03-20.07.03:322][385]LogModuleManager: Shutting down and abandoning module Renderer (14)
[2018.04.03-20.07.03:322][385]LogModuleManager: Shutting down and abandoning module Engine (12)
[2018.04.03-20.07.03:322][385]LogModuleManager: Shutting down and abandoning module CoreUObject (10)
[2018.04.03-20.07.03:322][385]LogModuleManager: Shutting down and abandoning module NetworkFile (8)
[2018.04.03-20.07.03:322][385]LogModuleManager: Shutting down and abandoning module StreamingFile (6)
[2018.04.03-20.07.03:322][385]LogModuleManager: Shutting down and abandoning module SandboxFile (4)
[2018.04.03-20.07.03:322][385]LogModuleManager: Shutting down and abandoning module PakFile (2)
[2018.04.03-20.07.03:324][385]LogExit: Exiting.
[2018.04.03-20.07.03:347][385]Log file closed, 04/03/18 22:07:03
