Log file open, 11/22/17 11:22:18
LogInit:Display: Running engine for game: MyProject4
LogPlatformFile: Not using cached read wrapper
LogInit:Display: RandInit(1984506271) SRandInit(1984506272).
LogTaskGraph: Started task graph with 5 named threads and 8 total threads with 1 sets of task threads.
LogStats: Stats thread started at 0.101129
LogInit: Using libcurl 7.47.1
LogInit:  - built for x86_64-pc-win32
LogInit:  - supports SSL with OpenSSL/1.0.2g
LogInit:  - supports HTTP deflate (compression) using libz 1.2.8
LogInit:  - other features:
LogInit:      CURL_VERSION_SSL
LogInit:      CURL_VERSION_LIBZ
LogInit:      CURL_VERSION_IPV6
LogInit:      CURL_VERSION_ASYNCHDNS
LogInit:      CURL_VERSION_LARGEFILE
LogInit:      CURL_VERSION_IDN
LogInit:  CurlRequestOptions (configurable via config and command line):
LogInit:  - bVerifyPeer = false  - Libcurl will NOT verify peer certificate
LogInit:  - bUseHttpProxy = false  - Libcurl will NOT use HTTP proxy
LogInit:  - bDontReuseConnections = false  - Libcurl will reuse connections
LogInit:  - CertBundlePath = nullptr  - Libcurl will use whatever was configured at build time.
LogInit: Build: ++UE4+Release-4.15-CL-3450819
LogInit: Engine Version: 4.15.3-3450819+++UE4+Release-4.15
LogInit: Compatible Engine Version: 4.15.0-3299760+++UE4+Release-4.15
LogInit: Net CL: 3299760
LogDevObjectVersion: Number of dev versions registered: 14
LogDevObjectVersion:   Dev-Blueprints (B0D832E4-1F89-4F0D-ACCF-7EB736FD4AA2): 8
LogDevObjectVersion:   Dev-Build (E1C64328-A22C-4D53-A36C-8E866417BD8C): 0
LogDevObjectVersion:   Dev-Core (375EC13C-06E4-48FB-B500-84F0262A717E): 2
LogDevObjectVersion:   Dev-Editor (E4B068ED-F494-42E9-A231-DA0B2E46BB41): 14
LogDevObjectVersion:   Dev-Framework (CFFC743F-43B0-4480-9391-14DF171D2073): 22
LogDevObjectVersion:   Dev-Mobile (B02B49B5-BB20-44E9-A304-32B752E40360): 0
LogDevObjectVersion:   Dev-Networking (A4E4105C-59A1-49B5-A7C5-40C4547EDFEE): 0
LogDevObjectVersion:   Dev-Online (39C831C9-5AE6-47DC-9A44-9C173E1C8E7C): 0
LogDevObjectVersion:   Dev-Physics (78F01B33-EBEA-4F98-B9B4-84EACCB95AA2): 0
LogDevObjectVersion:   Dev-Platform (6631380F-2D4D-43E0-8009-CF276956A95A): 0
LogDevObjectVersion:   Dev-Rendering (12F88B9F-8875-4AFC-A67C-D90C383ABD29): 12
LogDevObjectVersion:   Dev-Sequencer (7B5AE74C-D270-4C10-A958-57980B212A5A): 3
LogDevObjectVersion:   Dev-VR (D7296918-1DD6-4BDD-9DE2-64A83CC13884): 0
LogDevObjectVersion:   Dev-LoadTimes (C2A15278-BFE7-4AFE-6C17-90FF531DF755): 1
LogInit: Compiled (64-bit): May 21 2017 11:02:34
LogInit: Compiled with Visual C++: 19.00.23026.00
LogInit: Build Configuration: Development
LogInit: Branch Name: ++UE4+Release-4.15
LogInit: Command line: -EpicPortal 
LogInit: Base directory: C:/Program Files/Epic Games/UE_4.15/Engine/Binaries/Win64/
LogInit: Installed Engine Build: 1
LogInit: Presizing for max 8388607 objects, including 0 objects not considered by GC, pre-allocating 0 bytes for permanent pool.
LogInit: Object subsystem initialized
[2017.11.22-10.22.19:992][  0]LogInit: Selected Device Profile: [Windows]
[2017.11.22-10.22.19:992][  0]LogInit: Applying CVar settings loaded from the selected device profile: [Windows]
[2017.11.22-10.22.20:019][  0]LogInit: Computer: DESKTOP-A8VMGBS
[2017.11.22-10.22.20:019][  0]LogInit: User: FedericoGaggioli
[2017.11.22-10.22.20:019][  0]LogInit: CPU Page size=65536, Cores=4
[2017.11.22-10.22.20:019][  0]LogInit: High frequency timer resolution =2.435780 MHz
[2017.11.22-10.22.20:020][  0]LogMemory: Memory total: Physical=11.9GB (12GB approx)
[2017.11.22-10.22.20:020][  0]LogMemory: Platform Memory Stats for Windows
[2017.11.22-10.22.20:020][  0]LogMemory: Process Physical Memory: 263.33 MB used, 263.33 MB peak
[2017.11.22-10.22.20:020][  0]LogMemory: Process Virtual Memory: 262.32 MB used, 262.32 MB peak
[2017.11.22-10.22.20:020][  0]LogMemory: Physical Memory: 4968.35 MB used,  7231.93 MB free, 12200.27 MB total
[2017.11.22-10.22.20:020][  0]LogMemory: Virtual Memory: 644.82 MB used,  7231.93 MB free, 134217728.00 MB total
[2017.11.22-10.22.20:137][  0]LogTextLocalizationManager: No specific translations for ('en-US') exist, so ('en') translations will be used.
[2017.11.22-10.22.21:145][  0]LogD3D11RHI: D3D11 adapters:
[2017.11.22-10.22.21:204][  0]LogD3D11RHI:    0. 'NVIDIA GeForce GTX 860M' (Feature Level 11_0)
[2017.11.22-10.22.21:204][  0]LogD3D11RHI:       4065/0/6100 MB DedicatedVideo/DedicatedSystem/SharedSystem, Outputs:1, VendorId:0x10de
[2017.11.22-10.22.21:211][  0]LogD3D11RHI:    1. 'Intel(R) HD Graphics 4600' (Feature Level 11_0)
[2017.11.22-10.22.21:211][  0]LogD3D11RHI:       112/0/2048 MB DedicatedVideo/DedicatedSystem/SharedSystem, Outputs:0, VendorId:0x8086
[2017.11.22-10.22.21:212][  0]LogD3D11RHI:    2. 'Microsoft Basic Render Driver' (Feature Level 11_0)
[2017.11.22-10.22.21:212][  0]LogD3D11RHI:       0/0/6100 MB DedicatedVideo/DedicatedSystem/SharedSystem, Outputs:0, VendorId:0x1414
[2017.11.22-10.22.21:212][  0]LogD3D11RHI: Chosen D3D11 Adapter: 0
[2017.11.22-10.22.21:220][  0]LogD3D11RHI: Creating new Direct3DDevice
[2017.11.22-10.22.21:220][  0]LogD3D11RHI:     GPU DeviceId: 0x1392 (for the marketing name, search the web for "GPU Device Id")
[2017.11.22-10.22.21:220][  0]LogWindows: EnumDisplayDevices:
[2017.11.22-10.22.21:220][  0]LogWindows:    0. 'Intel(R) HD Graphics 4600' (P:1 D:1)
[2017.11.22-10.22.21:220][  0]LogWindows:    1. 'Intel(R) HD Graphics 4600' (P:0 D:0)
[2017.11.22-10.22.21:220][  0]LogWindows:    2. 'Intel(R) HD Graphics 4600' (P:0 D:0)
[2017.11.22-10.22.21:221][  0]LogWindows: DebugString: PrimaryIsNotTheChoosenAdapter PrimaryIsNotTheChoosenAdapter PrimaryIsNotTheChoosenAdapter FoundDriverCount:0 
[2017.11.22-10.22.21:221][  0]LogD3D11RHI:     Adapter Name: NVIDIA GeForce GTX 860M
[2017.11.22-10.22.21:221][  0]LogD3D11RHI:   Driver Version: Unknown (internal:Unknown, unified:Unknown)
[2017.11.22-10.22.21:221][  0]LogD3D11RHI:      Driver Date: Unknown
[2017.11.22-10.22.21:221][  0]LogRHI: Texture pool is 1361 MB (70% of 1945 MB)
[2017.11.22-10.22.21:259][  0]LogD3D11RHI: Async texture creation enabled
[2017.11.22-10.22.21:272][  0]LogD3D11RHI: GPU Timing Frequency: 1000.000000 (Debug: 2 1)
[2017.11.22-10.22.21:273][  0]LogShaderCompilers: Guid format shader working directory is -21 characters bigger than the processId version (../../../../../../Users/Federico Gaggioli/Documents/Unreal Projects/MyProject4/Intermediate/Shaders/WorkingDirectory/11068/).
[2017.11.22-10.22.21:274][  0]LogShaderCompilers: Cleaned the shader compiler working directory 'C:/Users/Federico Gaggioli/AppData/Local/Temp/UnrealShaderWorkingDir/F3228AD94A0F3C771BF72A8DCFC19363/'.
[2017.11.22-10.22.21:274][  0]LogShaderCompilers:Display: Using Local Shader Compiler.
[2017.11.22-10.22.23:005][  0]LogTemp:Display: Loaded TP AllDesktopTargetPlatform
[2017.11.22-10.22.23:090][  0]LogTemp:Display: Loaded TP MacClientTargetPlatform
[2017.11.22-10.22.23:183][  0]LogTemp:Display: Loaded TP MacNoEditorTargetPlatform
[2017.11.22-10.22.23:268][  0]LogTemp:Display: Loaded TP MacServerTargetPlatform
[2017.11.22-10.22.23:354][  0]LogTemp:Display: Loaded TP MacTargetPlatform
[2017.11.22-10.22.23:447][  0]LogTemp:Display: Loaded TP WindowsClientTargetPlatform
[2017.11.22-10.22.23:535][  0]LogTemp:Display: Loaded TP WindowsNoEditorTargetPlatform
[2017.11.22-10.22.23:621][  0]LogTemp:Display: Loaded TP WindowsServerTargetPlatform
[2017.11.22-10.22.23:692][  0]LogTemp:Display: Loaded TP WindowsTargetPlatform
[2017.11.22-10.22.23:777][  0]LogTemp:Display: Loaded TP AndroidTargetPlatform
[2017.11.22-10.22.23:865][  0]LogTemp:Display: Loaded TP Android_ASTCTargetPlatform
[2017.11.22-10.22.23:949][  0]LogTemp:Display: Loaded TP Android_ATCTargetPlatform
[2017.11.22-10.22.24:036][  0]LogTemp:Display: Loaded TP Android_DXTTargetPlatform
[2017.11.22-10.22.24:121][  0]LogTemp:Display: Loaded TP Android_ETC1TargetPlatform
[2017.11.22-10.22.24:207][  0]LogTemp:Display: Loaded TP Android_ETC2TargetPlatform
[2017.11.22-10.22.24:377][  0]LogTemp:Display: Loaded TP Android_MultiTargetPlatform
[2017.11.22-10.22.24:377][  0]LogTemp:Display: Loaded TP Android_PVRTCTargetPlatform
[2017.11.22-10.22.24:436][  0]LogTemp:Display: Loaded TP HTML5TargetPlatform
[2017.11.22-10.22.24:582][  0]LogTemp:Display: Loaded TP IOSTargetPlatform
[2017.11.22-10.22.24:638][  0]LogTemp:Display: Loaded TP TVOSTargetPlatform
[2017.11.22-10.22.24:722][  0]LogTemp:Display: Loaded TP LinuxClientTargetPlatform
[2017.11.22-10.22.24:808][  0]LogTemp:Display: Loaded TP LinuxNoEditorTargetPlatform
[2017.11.22-10.22.24:891][  0]LogTemp:Display: Loaded TP LinuxServerTargetPlatform
[2017.11.22-10.22.24:977][  0]LogTemp:Display: Loaded TP LinuxTargetPlatform
[2017.11.22-10.22.24:977][  0]LogTargetPlatformManager:Display: Building Assets For Windows
[2017.11.22-10.22.25:663][  0]LogDerivedDataCache:Display: Max Cache Size: 512 MB
[2017.11.22-10.22.25:739][  0]LogDerivedDataCache: Loaded boot cache 0.08s 50MB C:/Users/Federico Gaggioli/AppData/Local/UnrealEngine/4.15/DerivedDataCache/Boot.ddc.
[2017.11.22-10.22.25:739][  0]LogDerivedDataCache:Display: Loaded Boot cache: C:/Users/Federico Gaggioli/AppData/Local/UnrealEngine/4.15/DerivedDataCache/Boot.ddc
[2017.11.22-10.22.25:739][  0]LogDerivedDataCache: FDerivedDataBackendGraph:  Pak pak cache file ../../../../../../Users/Federico Gaggioli/Documents/Unreal Projects/MyProject4/DerivedDataCache/DDC.ddp not found, will not use a pak cache.
[2017.11.22-10.22.25:739][  0]LogDerivedDataCache: Unable to find inner node Pak for hierarchical cache Hierarchy.
[2017.11.22-10.22.25:739][  0]LogDerivedDataCache: FDerivedDataBackendGraph:  CompressedPak pak cache file ../../../../../../Users/Federico Gaggioli/Documents/Unreal Projects/MyProject4/DerivedDataCache/Compressed.ddp not found, will not use a pak cache.
[2017.11.22-10.22.25:739][  0]LogDerivedDataCache: Unable to find inner node CompressedPak for hierarchical cache Hierarchy.
[2017.11.22-10.22.25:767][  0]LogDerivedDataCache:Display: Pak cache opened for reading ../../../Engine/DerivedDataCache/Compressed.ddp.
[2017.11.22-10.22.25:780][  0]LogDerivedDataCache: Using Local data cache path C:/Users/Federico Gaggioli/AppData/Local/UnrealEngine/Common/DerivedDataCache: Writable
[2017.11.22-10.22.25:794][  0]LogSlate: Using Freetype 2.6.0
[2017.11.22-10.22.25:795][  0]LogSlate: SlateFontCache - WITH_FREETYPE: 1, WITH_HARFBUZZ: 1
[2017.11.22-10.22.25:795][  0]LogSlate: SlateFontCache - WITH_FREETYPE: 1, WITH_HARFBUZZ: 1
[2017.11.22-10.22.26:237][  0]LogInit: Selected Device Profile: [Windows]
[2017.11.22-10.22.26:241][  0]LogContentStreaming: Texture pool size is 0.00 MB
[2017.11.22-10.22.26:578][  0]LogMeshUtilities: Using QuadricMeshReduction for automatic static mesh reduction
[2017.11.22-10.22.26:647][  0]LogSimplygon: Simplygon DLL not present - disabling.
[2017.11.22-10.22.26:722][  0]LogMeshUtilities: Using SimplygonSwarm for distributed automatic mesh merging
[2017.11.22-10.22.26:722][  0]LogMeshUtilities: No automatic skeletal mesh reduction module available
[2017.11.22-10.22.26:722][  0]LogMeshUtilities: No automatic mesh merging module available
[2017.11.22-10.22.27:529][  0]LogNetVersion: GetLocalNetworkVersion: CL: 3299760, ProjectName: myproject4, ProjectVersion: , EngineNetworkVersion: 2, GameNetworkVersion: 0, NetworkChecksum: 3876459413
[2017.11.22-10.22.27:588][  0]LogAssetRegistry: FAssetRegistry took 0.0219 seconds to start up
[2017.11.22-10.22.27:678][  0]LogPackageLocalizationCache: Processed 3 localized package path(s) for 2 prioritized culture(s) in 0.046287 seconds
[2017.11.22-10.22.27:687][  0]LogUObjectArray: 32493 objects as part of root set at end of initial load.
[2017.11.22-10.22.27:687][  0]LogUObjectAllocator: 7077024 out of 0 bytes used by permanent object pool.
[2017.11.22-10.22.27:687][  0]LogUObjectArray: CloseDisregardForGC: 0/0 objects in disregard for GC pool
[2017.11.22-10.22.27:787][  0]LogInit: WinSock: version 1.1 (2.2), MaxSocks=32767, MaxUdp=65467
[2017.11.22-10.22.29:785][  0]LogWmfMedia: Failed to load mf.dll
[2017.11.22-10.22.29:785][  0]LogWmfMedia: Failed to load required Windows Media Foundation libraries
[2017.11.22-10.22.29:855][  0]LogWindowsMoviePlayer: Could not load mf.dll. Library not found.
[2017.11.22-10.22.29:855][  0]LogWindowsMoviePlayer: Could not load mfplat.dll. Library not found.
[2017.11.22-10.22.29:855][  0]LogWindowsMoviePlayer: Could not load mfplay.dll. Library not found.
[2017.11.22-10.22.30:306][  0]LogTcpMessaging: Initializing TcpMessaging bridge
[2017.11.22-10.22.30:360][  0]LogUdpMessaging: Initializing bridge on interface 0.0.0.0:0 to multicast group 230.0.0.1:6666.
[2017.11.22-10.22.31:025][  0]LogMaterial: Uniform references updated for custom material expression Custom.
[2017.11.22-10.22.31:618][  0]SourceControl: Info Source control is disabled
[2017.11.22-10.22.31:619][  0]SourceControl: Info Source control is disabled
[2017.11.22-10.22.31:691][  0]SourceControl: Info Source control is disabled
[2017.11.22-10.22.31:764][  0]SourceControl: Info Source control is disabled
[2017.11.22-10.22.33:735][  0]LogEngine: Initializing Engine...
[2017.11.22-10.22.33:735][  0]LogHMD: Failed to initialize OpenVR with code 110
[2017.11.22-10.22.33:923][  0]LogStats: UGameplayTagsManager::ConstructGameplayTagTree: Construct from data asset -  0.000 s
[2017.11.22-10.22.33:923][  0]LogStats: UGameplayTagsManager::ConstructGameplayTagTree: GameplayTagTreeChangedEvent.Broadcast -  0.000 s
[2017.11.22-10.22.34:118][  0]LogAIModule: Creating AISystem for world Untitled
[2017.11.22-10.22.34:129][  0]LogInit: XAudio2 using 'Speakers (Realtek High Definition Audio)' : 2 channels at 48 kHz using 32 bits per sample (channel mask 0x3)
[2017.11.22-10.22.34:151][  0]LogInit: FAudioDevice initialized.
[2017.11.22-10.22.34:188][  0]LogDerivedDataCache: Saved boot cache 0.04s 50MB C:/Users/Federico Gaggioli/AppData/Local/UnrealEngine/4.15/DerivedDataCache/Boot.ddc.
[2017.11.22-10.22.34:202][  0]LogInit: Texture streaming: Enabled
[2017.11.22-10.22.34:352][  0]LogEngineSessionManager: EngineSessionManager initialized
[2017.11.22-10.22.34:478][  0]LogInit: Transaction tracking system initialized
[2017.11.22-10.22.34:994][  0]BlueprintLog: New page: Editor Load
[2017.11.22-10.22.36:304][  0]LocalizationService: Info Localization service is disabled
[2017.11.22-10.22.37:249][  0]LogConsoleResponse:Display: 
[2017.11.22-10.22.37:427][  0]LogCook:Display: Max memory allowance for cook 16384mb min free memory 0mb
[2017.11.22-10.22.37:427][  0]LogCook:Display: Mobile HDR setting 1
[2017.11.22-10.22.38:313][  0]LogFileCache: Scanning file cache for directory 'C:/Users/Federico Gaggioli/Documents/Unreal Projects/MyProject4/Content/' took 0.02s
[2017.11.22-10.22.38:877][  0]SourceControl: Info Source control is disabled
[2017.11.22-10.22.38:878][  0]Cmd: MAP LOAD FILE="../../../../../../Users/Federico Gaggioli/Documents/Unreal Projects/MyProject4/Content/ThirdPersonBP/Maps/ThirdPersonExampleMap.umap" TEMPLATE=0 SHOWPROGRESS=1 FEATURELEVEL=3
[2017.11.22-10.22.38:879][  0]LightingResults: New page: Lighting Build
[2017.11.22-10.22.38:937][  0]MapCheck: New page: Map Check
[2017.11.22-10.22.38:937][  0]LightingResults: New page: Lighting Build
[2017.11.22-10.22.39:649][  0]LogAIModule: Creating AISystem for world ThirdPersonExampleMap
[2017.11.22-10.22.39:706][  0]LogEditorServer: Finished looking for orphan Actors (0.000 secs)
[2017.11.22-10.22.39:707][  0]Cmd: MAP CHECKDEP NOCLEARLOG
[2017.11.22-10.22.39:781][  0]MapCheck: Info Map check complete: 0 Error(s), 0 Warning(s), took 74.447ms to complete.
[2017.11.22-10.22.39:781][  0]LogFileHelpers: Loading map 'ThirdPersonExampleMap' took 0.904
[2017.11.22-10.22.40:133][  0]LogCrashTracker: Crashtracker disabled due to settings.
[2017.11.22-10.22.40:184][  0]LogCollectionManager: Loaded 0 collections in 0.002103 seconds
[2017.11.22-10.22.40:285][  0]LogFileCache: Scanning file cache for directory 'C:/Users/Federico Gaggioli/Documents/Unreal Projects/MyProject4/Saved/Collections/' took 0.01s
[2017.11.22-10.22.40:285][  0]LogFileCache: Scanning file cache for directory 'C:/Users/Federico Gaggioli/Documents/Unreal Projects/MyProject4/Content/Developers/FedericoGaggioli/Collections/' took 0.01s
[2017.11.22-10.22.40:285][  0]LogFileCache: Scanning file cache for directory 'C:/Users/Federico Gaggioli/Documents/Unreal Projects/MyProject4/Content/Collections/' took 0.01s
[2017.11.22-10.22.40:285][  0]LogCollectionManager: Rebuilt the GUID cache for 0 collections in 0.000002 seconds
[2017.11.22-10.22.40:299][  0]LogContentBrowser: Native class hierarchy populated in 0.0136 seconds. Added 2246 classes and 455 folders.
[2017.11.22-10.22.40:396][  0]LogContentBrowser: Native class hierarchy updated for 'WidgetCarousel' in 0.0008 seconds. Added 0 classes and 0 folders.
[2017.11.22-10.22.40:895][  0]LogContentBrowser: Native class hierarchy updated for 'AddContentDialog' in 0.0008 seconds. Added 0 classes and 0 folders.
[2017.11.22-10.22.40:905][  0]LogUObjectGlobals:Warning: Failed to find object 'Class None.'
[2017.11.22-10.22.40:995][  0]LogContentBrowser: Native class hierarchy updated for 'HierarchicalLODOutliner' in 0.0008 seconds. Added 1 classes and 2 folders.
[2017.11.22-10.22.40:995][  0]LogLoad: (Engine Initialization) Total time: 24.34 seconds
[2017.11.22-10.22.40:995][  0]LogLoad: (Engine Initialization) Total Blueprint compile time: 0.24 seconds
[2017.11.22-10.22.40:995][  0]LogExternalProfiler: No external profilers were discovered.  External profiling features will not be available.
[2017.11.22-10.22.41:335][  0]LogOcInput: OculusInput pre-init called
[2017.11.22-10.22.41:359][  0]LogContentStreaming: Texture pool size now 1000 MB
[2017.11.22-10.22.41:360][  0]LogSlate: Took 0.000239 seconds to synchronously load lazily loaded font '../../../Engine/Content/Slate/Fonts/Roboto-Regular.ttf' (155K)
[2017.11.22-10.22.41:369][  0]LogSlate: Took 0.000293 seconds to synchronously load lazily loaded font '../../../Engine/Content/Slate/Fonts/Roboto-Bold.ttf' (160K)
[2017.11.22-10.22.41:384][  0]LogSlate: Took 0.008559 seconds to synchronously load lazily loaded font '../../../Engine/Content/Editor/Slate/Fonts/FontAwesome.ttf' (139K)
[2017.11.22-10.22.41:579][  0]LogSlate: Took 0.006826 seconds to synchronously load lazily loaded font '../../../Engine/Content/Slate/Fonts/Roboto-Light.ttf' (159K)
[2017.11.22-10.22.41:598][  0]LogRenderer: Reallocating scene render targets to support 1220x708 NumSamples 1 (Frame:2).
[2017.11.22-10.22.42:114][  2]LogAssetRegistry: Asset discovery search completed in 14.5482 seconds
[2017.11.22-10.22.42:114][  2]LogCollectionManager: Rebuilt the object cache for 0 collections in 0.000005 seconds (found 0 objects)
[2017.11.22-10.22.42:114][  2]LogCollectionManager: Fixed up redirectors for 0 collections in 0.000025 seconds (updated 0 objects)
[2017.11.22-10.24.15:408][533]LogTemp: Repeting last play command: Selected Viewport
[2017.11.22-10.24.15:430][533]LogBlueprintUserMessages: Early PlayInEditor Detection: Level '/Game/ThirdPersonBP/Maps/ThirdPersonExampleMap.ThirdPersonExampleMap:PersistentLevel' has LevelScriptBlueprint '/Game/ThirdPersonBP/Maps/ThirdPersonExampleMap.ThirdPersonExampleMap:PersistentLevel.ThirdPersonExampleMap' with GeneratedClass '/Game/ThirdPersonBP/Maps/ThirdPersonExampleMap.ThirdPersonExampleMap_C' with ClassGeneratedBy '/Game/ThirdPersonBP/Maps/ThirdPersonExampleMap.ThirdPersonExampleMap:PersistentLevel.ThirdPersonExampleMap'
[2017.11.22-10.24.15:430][533]LogPlayLevel: PlayLevel: No blueprints needed recompiling
[2017.11.22-10.24.15:431][533]PIE: New page: PIE session: ThirdPersonExampleMap (Nov 22, 2017, 12:24:15 PM)
[2017.11.22-10.24.15:431][533]LogPlayLevel: Creating play world package: /Game/ThirdPersonBP/Maps/UEDPIE_0_ThirdPersonExampleMap
[2017.11.22-10.24.15:475][533]LogPlayLevel: PIE: StaticDuplicateObject took: (0.044049s)
[2017.11.22-10.24.15:476][533]LogAIModule: Creating AISystem for world ThirdPersonExampleMap
[2017.11.22-10.24.15:477][533]LogPlayLevel: PIE: World Init took: (0.001405s)
[2017.11.22-10.24.15:477][533]LogPlayLevel: PIE: Created PIE world by copying editor world from /Game/ThirdPersonBP/Maps/ThirdPersonExampleMap.ThirdPersonExampleMap to /Game/ThirdPersonBP/Maps/UEDPIE_0_ThirdPersonExampleMap.ThirdPersonExampleMap (0.045856s)
[2017.11.22-10.24.15:506][533]LogInit: XAudio2 using 'Speakers (Realtek High Definition Audio)' : 2 channels at 48 kHz using 32 bits per sample (channel mask 0x3)
[2017.11.22-10.24.15:522][533]LogInit: FAudioDevice initialized.
[2017.11.22-10.24.15:578][533]LogLoad: Game class is 'ThirdPersonGameMode_C'
[2017.11.22-10.24.15:583][533]LogWorld: Bringing World /Game/ThirdPersonBP/Maps/UEDPIE_0_ThirdPersonExampleMap.ThirdPersonExampleMap up for play (max tick rate 0) at 2017.11.22-11.24.15
[2017.11.22-10.24.15:584][533]LogWorld: Bringing up level for play took: 0.003467
[2017.11.22-10.24.15:585][533]LogSpawn:Warning: SpawnActor failed because no class was specified
[2017.11.22-10.24.15:643][533]LogContentBrowser: Native class hierarchy updated for 'MovieSceneCapture' in 0.0008 seconds. Added 11 classes and 0 folders.
[2017.11.22-10.24.15:644][533]PIE: Info Play in editor start time for /Game/ThirdPersonBP/Maps/UEDPIE_0_ThirdPersonExampleMap 0.868
[2017.11.22-10.24.15:645][533]LogBlueprintUserMessages: Late PlayInEditor Detection: Level '/Game/ThirdPersonBP/Maps/ThirdPersonExampleMap.ThirdPersonExampleMap:PersistentLevel' has LevelScriptBlueprint '/Game/ThirdPersonBP/Maps/ThirdPersonExampleMap.ThirdPersonExampleMap:PersistentLevel.ThirdPersonExampleMap' with GeneratedClass '/Game/ThirdPersonBP/Maps/ThirdPersonExampleMap.ThirdPersonExampleMap_C' with ClassGeneratedBy '/Game/ThirdPersonBP/Maps/ThirdPersonExampleMap.ThirdPersonExampleMap:PersistentLevel.ThirdPersonExampleMap'
[2017.11.22-10.24.32:477][150]LogBlueprintUserMessages: Early EndPlayMap Detection: Level '/Game/ThirdPersonBP/Maps/ThirdPersonExampleMap.ThirdPersonExampleMap:PersistentLevel' has LevelScriptBlueprint '/Game/ThirdPersonBP/Maps/ThirdPersonExampleMap.ThirdPersonExampleMap:PersistentLevel.ThirdPersonExampleMap' with GeneratedClass '/Game/ThirdPersonBP/Maps/ThirdPersonExampleMap.ThirdPersonExampleMap_C' with ClassGeneratedBy '/Game/ThirdPersonBP/Maps/ThirdPersonExampleMap.ThirdPersonExampleMap:PersistentLevel.ThirdPersonExampleMap'
[2017.11.22-10.24.32:523][150]LogBlueprintUserMessages: Late EndPlayMap Detection: Level '/Game/ThirdPersonBP/Maps/ThirdPersonExampleMap.ThirdPersonExampleMap:PersistentLevel' has LevelScriptBlueprint '/Game/ThirdPersonBP/Maps/ThirdPersonExampleMap.ThirdPersonExampleMap:PersistentLevel.ThirdPersonExampleMap' with GeneratedClass '/Game/ThirdPersonBP/Maps/ThirdPersonExampleMap.ThirdPersonExampleMap_C' with ClassGeneratedBy '/Game/ThirdPersonBP/Maps/ThirdPersonExampleMap.ThirdPersonExampleMap:PersistentLevel.ThirdPersonExampleMap'
[2017.11.22-10.25.57:258][  4]LogTemp: Repeting last play command: Selected Viewport
[2017.11.22-10.25.57:280][  4]LogBlueprintUserMessages: Early PlayInEditor Detection: Level '/Game/ThirdPersonBP/Maps/ThirdPersonExampleMap.ThirdPersonExampleMap:PersistentLevel' has LevelScriptBlueprint '/Game/ThirdPersonBP/Maps/ThirdPersonExampleMap.ThirdPersonExampleMap:PersistentLevel.ThirdPersonExampleMap' with GeneratedClass '/Game/ThirdPersonBP/Maps/ThirdPersonExampleMap.ThirdPersonExampleMap_C' with ClassGeneratedBy '/Game/ThirdPersonBP/Maps/ThirdPersonExampleMap.ThirdPersonExampleMap:PersistentLevel.ThirdPersonExampleMap'
[2017.11.22-10.25.57:280][  4]LogPlayLevel: PlayLevel: No blueprints needed recompiling
[2017.11.22-10.25.57:281][  4]PIE: New page: PIE session: ThirdPersonExampleMap (Nov 22, 2017, 12:25:57 PM)
[2017.11.22-10.25.57:281][  4]LogPlayLevel: Creating play world package: /Game/ThirdPersonBP/Maps/UEDPIE_0_ThirdPersonExampleMap
[2017.11.22-10.25.57:318][  4]LogPlayLevel: PIE: StaticDuplicateObject took: (0.037701s)
[2017.11.22-10.25.57:319][  4]LogAIModule: Creating AISystem for world ThirdPersonExampleMap
[2017.11.22-10.25.57:320][  4]LogPlayLevel: PIE: World Init took: (0.001230s)
[2017.11.22-10.25.57:320][  4]LogPlayLevel: PIE: Created PIE world by copying editor world from /Game/ThirdPersonBP/Maps/ThirdPersonExampleMap.ThirdPersonExampleMap to /Game/ThirdPersonBP/Maps/UEDPIE_0_ThirdPersonExampleMap.ThirdPersonExampleMap (0.039272s)
[2017.11.22-10.25.57:347][  4]LogInit: XAudio2 using 'Speakers (Realtek High Definition Audio)' : 2 channels at 48 kHz using 32 bits per sample (channel mask 0x3)
[2017.11.22-10.25.57:363][  4]LogInit: FAudioDevice initialized.
[2017.11.22-10.25.57:395][  4]LogLoad: Game class is 'ThirdPersonGameMode_C'
[2017.11.22-10.25.57:399][  4]LogWorld: Bringing World /Game/ThirdPersonBP/Maps/UEDPIE_0_ThirdPersonExampleMap.ThirdPersonExampleMap up for play (max tick rate 0) at 2017.11.22-11.25.57
[2017.11.22-10.25.57:400][  4]LogWorld: Bringing up level for play took: 0.003174
[2017.11.22-10.25.57:401][  4]LogSpawn:Warning: SpawnActor failed because no class was specified
[2017.11.22-10.25.57:402][  4]PIE: Info Play in editor start time for /Game/ThirdPersonBP/Maps/UEDPIE_0_ThirdPersonExampleMap 0.625
[2017.11.22-10.25.57:402][  4]LogBlueprintUserMessages: Late PlayInEditor Detection: Level '/Game/ThirdPersonBP/Maps/ThirdPersonExampleMap.ThirdPersonExampleMap:PersistentLevel' has LevelScriptBlueprint '/Game/ThirdPersonBP/Maps/ThirdPersonExampleMap.ThirdPersonExampleMap:PersistentLevel.ThirdPersonExampleMap' with GeneratedClass '/Game/ThirdPersonBP/Maps/ThirdPersonExampleMap.ThirdPersonExampleMap_C' with ClassGeneratedBy '/Game/ThirdPersonBP/Maps/ThirdPersonExampleMap.ThirdPersonExampleMap:PersistentLevel.ThirdPersonExampleMap'
[2017.11.22-10.26.35:936][884]LogBlueprintUserMessages: Early EndPlayMap Detection: Level '/Game/ThirdPersonBP/Maps/ThirdPersonExampleMap.ThirdPersonExampleMap:PersistentLevel' has LevelScriptBlueprint '/Game/ThirdPersonBP/Maps/ThirdPersonExampleMap.ThirdPersonExampleMap:PersistentLevel.ThirdPersonExampleMap' with GeneratedClass '/Game/ThirdPersonBP/Maps/ThirdPersonExampleMap.ThirdPersonExampleMap_C' with ClassGeneratedBy '/Game/ThirdPersonBP/Maps/ThirdPersonExampleMap.ThirdPersonExampleMap:PersistentLevel.ThirdPersonExampleMap'
[2017.11.22-10.26.35:976][884]LogBlueprintUserMessages: Late EndPlayMap Detection: Level '/Game/ThirdPersonBP/Maps/ThirdPersonExampleMap.ThirdPersonExampleMap:PersistentLevel' has LevelScriptBlueprint '/Game/ThirdPersonBP/Maps/ThirdPersonExampleMap.ThirdPersonExampleMap:PersistentLevel.ThirdPersonExampleMap' with GeneratedClass '/Game/ThirdPersonBP/Maps/ThirdPersonExampleMap.ThirdPersonExampleMap_C' with ClassGeneratedBy '/Game/ThirdPersonBP/Maps/ThirdPersonExampleMap.ThirdPersonExampleMap:PersistentLevel.ThirdPersonExampleMap'
[2017.11.22-10.27.06:737][843]Cmd: SELECT NONE
[2017.11.22-10.28.08:030][779]LogEditorViewport: Clicking on Actor (context menu): BP_Sky_Sphere_C (SkySphereBlueprint)
[2017.11.22-10.28.08:571][818]LogEditorViewport: Clicking on Actor (context menu): Landscape (Landscape)
[2017.11.22-10.28.09:353][857]LogEditorViewport: Clicking on Actor (LMB): BP_Sky_Sphere_C (SkySphereBlueprint)
[2017.11.22-10.28.26:096][487]LogSlate: Took 0.007279 seconds to synchronously load lazily loaded font '../../../Engine/Content/Editor/Slate/Fonts/Roboto-Italic.ttf' (157K)
[2017.11.22-10.31.53:493][872]LogTemp: Repeting last play command: Selected Viewport
[2017.11.22-10.31.53:520][872]LogBlueprintUserMessages: Early PlayInEditor Detection: Level '/Game/ThirdPersonBP/Maps/ThirdPersonExampleMap.ThirdPersonExampleMap:PersistentLevel' has LevelScriptBlueprint '/Game/ThirdPersonBP/Maps/ThirdPersonExampleMap.ThirdPersonExampleMap:PersistentLevel.ThirdPersonExampleMap' with GeneratedClass '/Game/ThirdPersonBP/Maps/ThirdPersonExampleMap.ThirdPersonExampleMap_C' with ClassGeneratedBy '/Game/ThirdPersonBP/Maps/ThirdPersonExampleMap.ThirdPersonExampleMap:PersistentLevel.ThirdPersonExampleMap'
[2017.11.22-10.31.53:520][872]LogPlayLevel: PlayLevel: No blueprints needed recompiling
[2017.11.22-10.31.53:520][872]PIE: New page: PIE session: ThirdPersonExampleMap (Nov 22, 2017, 12:31:53 PM)
[2017.11.22-10.31.53:521][872]LogPlayLevel: Creating play world package: /Game/ThirdPersonBP/Maps/UEDPIE_0_ThirdPersonExampleMap
[2017.11.22-10.31.53:558][872]LogPlayLevel: PIE: StaticDuplicateObject took: (0.037150s)
[2017.11.22-10.31.53:559][872]LogAIModule: Creating AISystem for world ThirdPersonExampleMap
[2017.11.22-10.31.53:559][872]LogPlayLevel: PIE: World Init took: (0.001633s)
[2017.11.22-10.31.53:560][872]LogPlayLevel: PIE: Created PIE world by copying editor world from /Game/ThirdPersonBP/Maps/ThirdPersonExampleMap.ThirdPersonExampleMap to /Game/ThirdPersonBP/Maps/UEDPIE_0_ThirdPersonExampleMap.ThirdPersonExampleMap (0.039199s)
[2017.11.22-10.31.53:590][872]LogInit: XAudio2 using 'Speakers (Realtek High Definition Audio)' : 2 channels at 48 kHz using 32 bits per sample (channel mask 0x3)
[2017.11.22-10.31.53:607][872]LogInit: FAudioDevice initialized.
[2017.11.22-10.31.53:637][872]LogLoad: Game class is 'ThirdPersonGameMode_C'
[2017.11.22-10.31.53:641][872]LogWorld: Bringing World /Game/ThirdPersonBP/Maps/UEDPIE_0_ThirdPersonExampleMap.ThirdPersonExampleMap up for play (max tick rate 0) at 2017.11.22-11.31.53
[2017.11.22-10.31.53:642][872]LogWorld: Bringing up level for play took: 0.003617
[2017.11.22-10.31.53:643][872]LogSpawn:Warning: SpawnActor failed because no class was specified
[2017.11.22-10.31.53:644][872]PIE: Info Play in editor start time for /Game/ThirdPersonBP/Maps/UEDPIE_0_ThirdPersonExampleMap 0.868
[2017.11.22-10.31.53:644][872]LogBlueprintUserMessages: Late PlayInEditor Detection: Level '/Game/ThirdPersonBP/Maps/ThirdPersonExampleMap.ThirdPersonExampleMap:PersistentLevel' has LevelScriptBlueprint '/Game/ThirdPersonBP/Maps/ThirdPersonExampleMap.ThirdPersonExampleMap:PersistentLevel.ThirdPersonExampleMap' with GeneratedClass '/Game/ThirdPersonBP/Maps/ThirdPersonExampleMap.ThirdPersonExampleMap_C' with ClassGeneratedBy '/Game/ThirdPersonBP/Maps/ThirdPersonExampleMap.ThirdPersonExampleMap:PersistentLevel.ThirdPersonExampleMap'
[2017.11.22-10.32.04:428][963]LogBlueprintUserMessages: Early EndPlayMap Detection: Level '/Game/ThirdPersonBP/Maps/ThirdPersonExampleMap.ThirdPersonExampleMap:PersistentLevel' has LevelScriptBlueprint '/Game/ThirdPersonBP/Maps/ThirdPersonExampleMap.ThirdPersonExampleMap:PersistentLevel.ThirdPersonExampleMap' with GeneratedClass '/Game/ThirdPersonBP/Maps/ThirdPersonExampleMap.ThirdPersonExampleMap_C' with ClassGeneratedBy '/Game/ThirdPersonBP/Maps/ThirdPersonExampleMap.ThirdPersonExampleMap:PersistentLevel.ThirdPersonExampleMap'
[2017.11.22-10.32.04:480][963]LogBlueprintUserMessages: Late EndPlayMap Detection: Level '/Game/ThirdPersonBP/Maps/ThirdPersonExampleMap.ThirdPersonExampleMap:PersistentLevel' has LevelScriptBlueprint '/Game/ThirdPersonBP/Maps/ThirdPersonExampleMap.ThirdPersonExampleMap:PersistentLevel.ThirdPersonExampleMap' with GeneratedClass '/Game/ThirdPersonBP/Maps/ThirdPersonExampleMap.ThirdPersonExampleMap_C' with ClassGeneratedBy '/Game/ThirdPersonBP/Maps/ThirdPersonExampleMap.ThirdPersonExampleMap:PersistentLevel.ThirdPersonExampleMap'
[2017.11.22-10.32.08:508][362]LogEditorViewport: Clicking on Actor (LMB): StaticMeshActor (Sphere)
[2017.11.22-10.32.35:344][361]LogTemp: Repeting last play command: Selected Viewport
[2017.11.22-10.32.35:367][361]LogBlueprintUserMessages: Early PlayInEditor Detection: Level '/Game/ThirdPersonBP/Maps/ThirdPersonExampleMap.ThirdPersonExampleMap:PersistentLevel' has LevelScriptBlueprint '/Game/ThirdPersonBP/Maps/ThirdPersonExampleMap.ThirdPersonExampleMap:PersistentLevel.ThirdPersonExampleMap' with GeneratedClass '/Game/ThirdPersonBP/Maps/ThirdPersonExampleMap.ThirdPersonExampleMap_C' with ClassGeneratedBy '/Game/ThirdPersonBP/Maps/ThirdPersonExampleMap.ThirdPersonExampleMap:PersistentLevel.ThirdPersonExampleMap'
[2017.11.22-10.32.35:367][361]LogPlayLevel: PlayLevel: No blueprints needed recompiling
[2017.11.22-10.32.35:367][361]PIE: New page: PIE session: ThirdPersonExampleMap (Nov 22, 2017, 12:32:35 PM)
[2017.11.22-10.32.35:367][361]LogPlayLevel: Creating play world package: /Game/ThirdPersonBP/Maps/UEDPIE_0_ThirdPersonExampleMap
[2017.11.22-10.32.35:403][361]LogPlayLevel: PIE: StaticDuplicateObject took: (0.035230s)
[2017.11.22-10.32.35:403][361]LogAIModule: Creating AISystem for world ThirdPersonExampleMap
[2017.11.22-10.32.35:404][361]LogPlayLevel: PIE: World Init took: (0.001202s)
[2017.11.22-10.32.35:404][361]LogPlayLevel: PIE: Created PIE world by copying editor world from /Game/ThirdPersonBP/Maps/ThirdPersonExampleMap.ThirdPersonExampleMap to /Game/ThirdPersonBP/Maps/UEDPIE_0_ThirdPersonExampleMap.ThirdPersonExampleMap (0.036742s)
[2017.11.22-10.32.35:427][361]LogInit: XAudio2 using 'Speakers (Realtek High Definition Audio)' : 2 channels at 48 kHz using 32 bits per sample (channel mask 0x3)
[2017.11.22-10.32.35:443][361]LogInit: FAudioDevice initialized.
[2017.11.22-10.32.35:478][361]LogLoad: Game class is 'ThirdPersonGameMode_C'
[2017.11.22-10.32.35:482][361]LogWorld: Bringing World /Game/ThirdPersonBP/Maps/UEDPIE_0_ThirdPersonExampleMap.ThirdPersonExampleMap up for play (max tick rate 0) at 2017.11.22-11.32.35
[2017.11.22-10.32.35:483][361]LogWorld: Bringing up level for play took: 0.003207
[2017.11.22-10.32.35:484][361]LogSpawn:Warning: SpawnActor failed because no class was specified
[2017.11.22-10.32.35:485][361]PIE: Info Play in editor start time for /Game/ThirdPersonBP/Maps/UEDPIE_0_ThirdPersonExampleMap 0.708
[2017.11.22-10.32.35:485][361]LogBlueprintUserMessages: Late PlayInEditor Detection: Level '/Game/ThirdPersonBP/Maps/ThirdPersonExampleMap.ThirdPersonExampleMap:PersistentLevel' has LevelScriptBlueprint '/Game/ThirdPersonBP/Maps/ThirdPersonExampleMap.ThirdPersonExampleMap:PersistentLevel.ThirdPersonExampleMap' with GeneratedClass '/Game/ThirdPersonBP/Maps/ThirdPersonExampleMap.ThirdPersonExampleMap_C' with ClassGeneratedBy '/Game/ThirdPersonBP/Maps/ThirdPersonExampleMap.ThirdPersonExampleMap:PersistentLevel.ThirdPersonExampleMap'
[2017.11.22-10.32.39:231][722]LogBlueprintUserMessages: Early EndPlayMap Detection: Level '/Game/ThirdPersonBP/Maps/ThirdPersonExampleMap.ThirdPersonExampleMap:PersistentLevel' has LevelScriptBlueprint '/Game/ThirdPersonBP/Maps/ThirdPersonExampleMap.ThirdPersonExampleMap:PersistentLevel.ThirdPersonExampleMap' with GeneratedClass '/Game/ThirdPersonBP/Maps/ThirdPersonExampleMap.ThirdPersonExampleMap_C' with ClassGeneratedBy '/Game/ThirdPersonBP/Maps/ThirdPersonExampleMap.ThirdPersonExampleMap:PersistentLevel.ThirdPersonExampleMap'
[2017.11.22-10.32.39:321][722]LogBlueprintUserMessages: Late EndPlayMap Detection: Level '/Game/ThirdPersonBP/Maps/ThirdPersonExampleMap.ThirdPersonExampleMap:PersistentLevel' has LevelScriptBlueprint '/Game/ThirdPersonBP/Maps/ThirdPersonExampleMap.ThirdPersonExampleMap:PersistentLevel.ThirdPersonExampleMap' with GeneratedClass '/Game/ThirdPersonBP/Maps/ThirdPersonExampleMap.ThirdPersonExampleMap_C' with ClassGeneratedBy '/Game/ThirdPersonBP/Maps/ThirdPersonExampleMap.ThirdPersonExampleMap:PersistentLevel.ThirdPersonExampleMap'
[2017.11.22-10.33.42:594][749]LogSlate: Took 0.000284 seconds to synchronously load lazily loaded font '../../../Engine/Content/Slate/Fonts/Roboto-Light.ttf' (159K)
[2017.11.22-10.33.51:580][576]LogSlate: Took 0.000252 seconds to synchronously load lazily loaded font '../../../Engine/Content/Slate/Fonts/Roboto-Light.ttf' (159K)
[2017.11.22-10.33.51:983][576]LogSavePackage: Save=279.88ms
[2017.11.22-10.33.51:983][576]LogSavePackage: Moving '../../../../../../Users/Federico Gaggioli/Documents/Unreal Projects/MyProject4/Saved/ThirdPersonExampleMap_Auto19765348B491C61DFA867C5A69E41B4B6.tmp' to '../../../../../../Users/Federico Gaggioli/Documents/Unreal Projects/MyProject4/Saved/Autosaves/Game/ThirdPersonBP/Maps/ThirdPersonExampleMap_Auto1.umap'
[2017.11.22-10.33.51:986][576]LogSavePackage:Display: Finished SavePackage ../../../../../../Users/Federico Gaggioli/Documents/Unreal Projects/MyProject4/Saved/Autosaves/Game/ThirdPersonBP/Maps/ThirdPersonExampleMap_Auto1.umap
[2017.11.22-10.33.51:990][576]LogFileHelpers: Editor autosave (incl. sublevels) for '/Game/ThirdPersonBP/Maps/ThirdPersonExampleMap' took 0.336
[2017.11.22-10.33.51:990][576]LogFileHelpers: Editor autosave (incl. sublevels) for all levels took 0.336
[2017.11.22-10.35.48:804][755]LogTemp: Repeting last play command: Selected Viewport
[2017.11.22-10.35.48:826][755]LogBlueprintUserMessages: Early PlayInEditor Detection: Level '/Game/ThirdPersonBP/Maps/ThirdPersonExampleMap.ThirdPersonExampleMap:PersistentLevel' has LevelScriptBlueprint '/Game/ThirdPersonBP/Maps/ThirdPersonExampleMap.ThirdPersonExampleMap:PersistentLevel.ThirdPersonExampleMap' with GeneratedClass '/Game/ThirdPersonBP/Maps/ThirdPersonExampleMap.ThirdPersonExampleMap_C' with ClassGeneratedBy '/Game/ThirdPersonBP/Maps/ThirdPersonExampleMap.ThirdPersonExampleMap:PersistentLevel.ThirdPersonExampleMap'
[2017.11.22-10.35.48:826][755]LogPlayLevel: PlayLevel: No blueprints needed recompiling
[2017.11.22-10.35.48:826][755]PIE: New page: PIE session: ThirdPersonExampleMap (Nov 22, 2017, 12:35:48 PM)
[2017.11.22-10.35.48:826][755]LogPlayLevel: Creating play world package: /Game/ThirdPersonBP/Maps/UEDPIE_0_ThirdPersonExampleMap
[2017.11.22-10.35.48:864][755]LogPlayLevel: PIE: StaticDuplicateObject took: (0.037138s)
[2017.11.22-10.35.48:865][755]LogAIModule: Creating AISystem for world ThirdPersonExampleMap
[2017.11.22-10.35.48:865][755]LogPlayLevel: PIE: World Init took: (0.001331s)
[2017.11.22-10.35.48:865][755]LogPlayLevel: PIE: Created PIE world by copying editor world from /Game/ThirdPersonBP/Maps/ThirdPersonExampleMap.ThirdPersonExampleMap to /Game/ThirdPersonBP/Maps/UEDPIE_0_ThirdPersonExampleMap.ThirdPersonExampleMap (0.038843s)
[2017.11.22-10.35.48:896][755]LogInit: XAudio2 using 'Speakers (Realtek High Definition Audio)' : 2 channels at 48 kHz using 32 bits per sample (channel mask 0x3)
[2017.11.22-10.35.48:913][755]LogInit: FAudioDevice initialized.
[2017.11.22-10.35.48:947][755]LogLoad: Game class is 'ThirdPersonGameMode_C'
[2017.11.22-10.35.48:952][755]LogWorld: Bringing World /Game/ThirdPersonBP/Maps/UEDPIE_0_ThirdPersonExampleMap.ThirdPersonExampleMap up for play (max tick rate 0) at 2017.11.22-11.35.48
[2017.11.22-10.35.48:953][755]LogWorld: Bringing up level for play took: 0.004078
[2017.11.22-10.35.48:954][755]LogSpawn:Warning: SpawnActor failed because no class was specified
[2017.11.22-10.35.48:955][755]PIE: Info Play in editor start time for /Game/ThirdPersonBP/Maps/UEDPIE_0_ThirdPersonExampleMap 0.178
[2017.11.22-10.35.48:955][755]LogBlueprintUserMessages: Late PlayInEditor Detection: Level '/Game/ThirdPersonBP/Maps/ThirdPersonExampleMap.ThirdPersonExampleMap:PersistentLevel' has LevelScriptBlueprint '/Game/ThirdPersonBP/Maps/ThirdPersonExampleMap.ThirdPersonExampleMap:PersistentLevel.ThirdPersonExampleMap' with GeneratedClass '/Game/ThirdPersonBP/Maps/ThirdPersonExampleMap.ThirdPersonExampleMap_C' with ClassGeneratedBy '/Game/ThirdPersonBP/Maps/ThirdPersonExampleMap.ThirdPersonExampleMap:PersistentLevel.ThirdPersonExampleMap'
[2017.11.22-10.39.31:076][816]LogBlueprintUserMessages: Early EndPlayMap Detection: Level '/Game/ThirdPersonBP/Maps/ThirdPersonExampleMap.ThirdPersonExampleMap:PersistentLevel' has LevelScriptBlueprint '/Game/ThirdPersonBP/Maps/ThirdPersonExampleMap.ThirdPersonExampleMap:PersistentLevel.ThirdPersonExampleMap' with GeneratedClass '/Game/ThirdPersonBP/Maps/ThirdPersonExampleMap.ThirdPersonExampleMap_C' with ClassGeneratedBy '/Game/ThirdPersonBP/Maps/ThirdPersonExampleMap.ThirdPersonExampleMap:PersistentLevel.ThirdPersonExampleMap'
[2017.11.22-10.39.31:171][816]LogBlueprintUserMessages: Late EndPlayMap Detection: Level '/Game/ThirdPersonBP/Maps/ThirdPersonExampleMap.ThirdPersonExampleMap:PersistentLevel' has LevelScriptBlueprint '/Game/ThirdPersonBP/Maps/ThirdPersonExampleMap.ThirdPersonExampleMap:PersistentLevel.ThirdPersonExampleMap' with GeneratedClass '/Game/ThirdPersonBP/Maps/ThirdPersonExampleMap.ThirdPersonExampleMap_C' with ClassGeneratedBy '/Game/ThirdPersonBP/Maps/ThirdPersonExampleMap.ThirdPersonExampleMap:PersistentLevel.ThirdPersonExampleMap'
[2017.11.22-10.39.32:628][935]LogTemp: Repeting last play command: Selected Viewport
[2017.11.22-10.39.32:652][935]LogBlueprintUserMessages: Early PlayInEditor Detection: Level '/Game/ThirdPersonBP/Maps/ThirdPersonExampleMap.ThirdPersonExampleMap:PersistentLevel' has LevelScriptBlueprint '/Game/ThirdPersonBP/Maps/ThirdPersonExampleMap.ThirdPersonExampleMap:PersistentLevel.ThirdPersonExampleMap' with GeneratedClass '/Game/ThirdPersonBP/Maps/ThirdPersonExampleMap.ThirdPersonExampleMap_C' with ClassGeneratedBy '/Game/ThirdPersonBP/Maps/ThirdPersonExampleMap.ThirdPersonExampleMap:PersistentLevel.ThirdPersonExampleMap'
[2017.11.22-10.39.32:652][935]LogPlayLevel: PlayLevel: No blueprints needed recompiling
[2017.11.22-10.39.32:653][935]PIE: New page: PIE session: ThirdPersonExampleMap (Nov 22, 2017, 12:39:32 PM)
[2017.11.22-10.39.32:653][935]LogPlayLevel: Creating play world package: /Game/ThirdPersonBP/Maps/UEDPIE_0_ThirdPersonExampleMap
[2017.11.22-10.39.32:693][935]LogPlayLevel: PIE: StaticDuplicateObject took: (0.040545s)
[2017.11.22-10.39.32:694][935]LogAIModule: Creating AISystem for world ThirdPersonExampleMap
[2017.11.22-10.39.32:694][935]LogPlayLevel: PIE: World Init took: (0.001066s)
[2017.11.22-10.39.32:695][935]LogPlayLevel: PIE: Created PIE world by copying editor world from /Game/ThirdPersonBP/Maps/ThirdPersonExampleMap.ThirdPersonExampleMap to /Game/ThirdPersonBP/Maps/UEDPIE_0_ThirdPersonExampleMap.ThirdPersonExampleMap (0.041910s)
[2017.11.22-10.39.32:720][935]LogInit: XAudio2 using 'Speakers (Realtek High Definition Audio)' : 2 channels at 48 kHz using 32 bits per sample (channel mask 0x3)
[2017.11.22-10.39.32:739][935]LogInit: FAudioDevice initialized.
[2017.11.22-10.39.32:775][935]LogLoad: Game class is 'ThirdPersonGameMode_C'
[2017.11.22-10.39.32:779][935]LogWorld: Bringing World /Game/ThirdPersonBP/Maps/UEDPIE_0_ThirdPersonExampleMap.ThirdPersonExampleMap up for play (max tick rate 0) at 2017.11.22-11.39.32
[2017.11.22-10.39.32:780][935]LogWorld: Bringing up level for play took: 0.003083
[2017.11.22-10.39.32:780][935]LogSpawn:Warning: SpawnActor failed because no class was specified
[2017.11.22-10.39.32:781][935]PIE: Info Play in editor start time for /Game/ThirdPersonBP/Maps/UEDPIE_0_ThirdPersonExampleMap 0.005
[2017.11.22-10.39.32:782][935]LogBlueprintUserMessages: Late PlayInEditor Detection: Level '/Game/ThirdPersonBP/Maps/ThirdPersonExampleMap.ThirdPersonExampleMap:PersistentLevel' has LevelScriptBlueprint '/Game/ThirdPersonBP/Maps/ThirdPersonExampleMap.ThirdPersonExampleMap:PersistentLevel.ThirdPersonExampleMap' with GeneratedClass '/Game/ThirdPersonBP/Maps/ThirdPersonExampleMap.ThirdPersonExampleMap_C' with ClassGeneratedBy '/Game/ThirdPersonBP/Maps/ThirdPersonExampleMap.ThirdPersonExampleMap:PersistentLevel.ThirdPersonExampleMap'
[2017.11.22-10.39.35:306][173]LogBlueprintUserMessages: Early EndPlayMap Detection: Level '/Game/ThirdPersonBP/Maps/ThirdPersonExampleMap.ThirdPersonExampleMap:PersistentLevel' has LevelScriptBlueprint '/Game/ThirdPersonBP/Maps/ThirdPersonExampleMap.ThirdPersonExampleMap:PersistentLevel.ThirdPersonExampleMap' with GeneratedClass '/Game/ThirdPersonBP/Maps/ThirdPersonExampleMap.ThirdPersonExampleMap_C' with ClassGeneratedBy '/Game/ThirdPersonBP/Maps/ThirdPersonExampleMap.ThirdPersonExampleMap:PersistentLevel.ThirdPersonExampleMap'
[2017.11.22-10.39.35:394][173]LogBlueprintUserMessages: Late EndPlayMap Detection: Level '/Game/ThirdPersonBP/Maps/ThirdPersonExampleMap.ThirdPersonExampleMap:PersistentLevel' has LevelScriptBlueprint '/Game/ThirdPersonBP/Maps/ThirdPersonExampleMap.ThirdPersonExampleMap:PersistentLevel.ThirdPersonExampleMap' with GeneratedClass '/Game/ThirdPersonBP/Maps/ThirdPersonExampleMap.ThirdPersonExampleMap_C' with ClassGeneratedBy '/Game/ThirdPersonBP/Maps/ThirdPersonExampleMap.ThirdPersonExampleMap:PersistentLevel.ThirdPersonExampleMap'
[2017.11.22-10.39.38:427][425]LogEditorViewport: Clicking on Actor (LMB): StaticMeshActor (Floor)
[2017.11.22-10.39.40:978][625]LogEditorViewport: Clicking on Actor (LMB): Landscape (Landscape)
[2017.11.22-10.39.50:547][526]LogActorFactory: Actor Factory created Sphere
[2017.11.22-10.39.50:931][557]LogActorFactory: Actor Factory created Sphere
[2017.11.22-10.40.05:554][  0]PIE:Warning: Warning Trying to simulate physics on ''/Game/ThirdPersonBP/Maps/ThirdPersonExampleMap.ThirdPersonExampleMap:PersistentLevel.Sphere2_2.StaticMeshComponent0'' but it has ComplexAsSimple collision.
[2017.11.22-10.40.05:554][  0]PIE:Warning: Warning Trying to simulate physics on ''/Game/ThirdPersonBP/Maps/ThirdPersonExampleMap.ThirdPersonExampleMap:PersistentLevel.Sphere2_2.StaticMeshComponent0'' but it has ComplexAsSimple collision.
[2017.11.22-10.40.08:370][297]PIE:Warning: Warning Trying to simulate physics on ''/Game/ThirdPersonBP/Maps/ThirdPersonExampleMap.ThirdPersonExampleMap:PersistentLevel.Sphere2_2.StaticMeshComponent0'' but it has ComplexAsSimple collision.
[2017.11.22-10.40.08:371][297]PIE:Warning: Warning Trying to simulate physics on ''/Game/ThirdPersonBP/Maps/ThirdPersonExampleMap.ThirdPersonExampleMap:PersistentLevel.Sphere2_2.StaticMeshComponent0'' but it has ComplexAsSimple collision.
[2017.11.22-10.40.15:180][ 30]PIE:Warning: Warning Trying to simulate physics on ''/Game/ThirdPersonBP/Maps/ThirdPersonExampleMap.ThirdPersonExampleMap:PersistentLevel.Sphere2_2.StaticMeshComponent0'' but it has ComplexAsSimple collision.
[2017.11.22-10.40.15:180][ 30]PIE:Warning: Warning Trying to simulate physics on ''/Game/ThirdPersonBP/Maps/ThirdPersonExampleMap.ThirdPersonExampleMap:PersistentLevel.Sphere2_2.StaticMeshComponent0'' but it has ComplexAsSimple collision.
[2017.11.22-10.40.16:188][136]LogTemp: Repeting last play command: Selected Viewport
[2017.11.22-10.40.16:212][136]LogBlueprintUserMessages: Early PlayInEditor Detection: Level '/Game/ThirdPersonBP/Maps/ThirdPersonExampleMap.ThirdPersonExampleMap:PersistentLevel' has LevelScriptBlueprint '/Game/ThirdPersonBP/Maps/ThirdPersonExampleMap.ThirdPersonExampleMap:PersistentLevel.ThirdPersonExampleMap' with GeneratedClass '/Game/ThirdPersonBP/Maps/ThirdPersonExampleMap.ThirdPersonExampleMap_C' with ClassGeneratedBy '/Game/ThirdPersonBP/Maps/ThirdPersonExampleMap.ThirdPersonExampleMap:PersistentLevel.ThirdPersonExampleMap'
[2017.11.22-10.40.16:212][136]LogPlayLevel: PlayLevel: No blueprints needed recompiling
[2017.11.22-10.40.16:213][136]PIE: New page: PIE session: ThirdPersonExampleMap (Nov 22, 2017, 12:40:16 PM)
[2017.11.22-10.40.16:213][136]LogPlayLevel: Creating play world package: /Game/ThirdPersonBP/Maps/UEDPIE_0_ThirdPersonExampleMap
[2017.11.22-10.40.16:248][136]LogPlayLevel: PIE: StaticDuplicateObject took: (0.035026s)
[2017.11.22-10.40.16:249][136]LogAIModule: Creating AISystem for world ThirdPersonExampleMap
[2017.11.22-10.40.16:249][136]LogPlayLevel: PIE: World Init took: (0.001202s)
[2017.11.22-10.40.16:249][136]LogPlayLevel: PIE: Created PIE world by copying editor world from /Game/ThirdPersonBP/Maps/ThirdPersonExampleMap.ThirdPersonExampleMap to /Game/ThirdPersonBP/Maps/UEDPIE_0_ThirdPersonExampleMap.ThirdPersonExampleMap (0.036537s)
[2017.11.22-10.40.16:271][136]PIE:Warning: Warning Trying to simulate physics on ''/Game/ThirdPersonBP/Maps/ThirdPersonExampleMap.ThirdPersonExampleMap:PersistentLevel.Sphere2_2.StaticMeshComponent0'' but it has ComplexAsSimple collision.
[2017.11.22-10.40.16:271][136]PIE:Warning: Warning Trying to simulate physics on ''/Game/ThirdPersonBP/Maps/ThirdPersonExampleMap.ThirdPersonExampleMap:PersistentLevel.Sphere2_2.StaticMeshComponent0'' but it has ComplexAsSimple collision.
[2017.11.22-10.40.16:277][136]LogInit: XAudio2 using 'Speakers (Realtek High Definition Audio)' : 2 channels at 48 kHz using 32 bits per sample (channel mask 0x3)
[2017.11.22-10.40.16:294][136]LogInit: FAudioDevice initialized.
[2017.11.22-10.40.16:323][136]LogLoad: Game class is 'ThirdPersonGameMode_C'
[2017.11.22-10.40.16:327][136]LogWorld: Bringing World /Game/ThirdPersonBP/Maps/UEDPIE_0_ThirdPersonExampleMap.ThirdPersonExampleMap up for play (max tick rate 0) at 2017.11.22-11.40.16
[2017.11.22-10.40.16:328][136]LogWorld: Bringing up level for play took: 0.003398
[2017.11.22-10.40.16:329][136]LogSpawn:Warning: SpawnActor failed because no class was specified
[2017.11.22-10.40.16:330][136]PIE: Info Play in editor start time for /Game/ThirdPersonBP/Maps/UEDPIE_0_ThirdPersonExampleMap -0.446
[2017.11.22-10.40.16:330][136]LogBlueprintUserMessages: Late PlayInEditor Detection: Level '/Game/ThirdPersonBP/Maps/ThirdPersonExampleMap.ThirdPersonExampleMap:PersistentLevel' has LevelScriptBlueprint '/Game/ThirdPersonBP/Maps/ThirdPersonExampleMap.ThirdPersonExampleMap:PersistentLevel.ThirdPersonExampleMap' with GeneratedClass '/Game/ThirdPersonBP/Maps/ThirdPersonExampleMap.ThirdPersonExampleMap_C' with ClassGeneratedBy '/Game/ThirdPersonBP/Maps/ThirdPersonExampleMap.ThirdPersonExampleMap:PersistentLevel.ThirdPersonExampleMap'
[2017.11.22-10.41.05:901][ 96]LogBlueprintUserMessages: Early EndPlayMap Detection: Level '/Game/ThirdPersonBP/Maps/ThirdPersonExampleMap.ThirdPersonExampleMap:PersistentLevel' has LevelScriptBlueprint '/Game/ThirdPersonBP/Maps/ThirdPersonExampleMap.ThirdPersonExampleMap:PersistentLevel.ThirdPersonExampleMap' with GeneratedClass '/Game/ThirdPersonBP/Maps/ThirdPersonExampleMap.ThirdPersonExampleMap_C' with ClassGeneratedBy '/Game/ThirdPersonBP/Maps/ThirdPersonExampleMap.ThirdPersonExampleMap:PersistentLevel.ThirdPersonExampleMap'
[2017.11.22-10.41.05:905][ 96]PIE:Warning: Warning Trying to simulate physics on ''/Game/ThirdPersonBP/Maps/ThirdPersonExampleMap.ThirdPersonExampleMap:PersistentLevel.Sphere2_2.StaticMeshComponent0'' but it has ComplexAsSimple collision.
[2017.11.22-10.41.05:905][ 96]PIE:Warning: Warning Trying to simulate physics on ''/Game/ThirdPersonBP/Maps/ThirdPersonExampleMap.ThirdPersonExampleMap:PersistentLevel.Sphere2_2.StaticMeshComponent0'' but it has ComplexAsSimple collision.
[2017.11.22-10.41.06:007][ 96]LogBlueprintUserMessages: Late EndPlayMap Detection: Level '/Game/ThirdPersonBP/Maps/ThirdPersonExampleMap.ThirdPersonExampleMap:PersistentLevel' has LevelScriptBlueprint '/Game/ThirdPersonBP/Maps/ThirdPersonExampleMap.ThirdPersonExampleMap:PersistentLevel.ThirdPersonExampleMap' with GeneratedClass '/Game/ThirdPersonBP/Maps/ThirdPersonExampleMap.ThirdPersonExampleMap_C' with ClassGeneratedBy '/Game/ThirdPersonBP/Maps/ThirdPersonExampleMap.ThirdPersonExampleMap:PersistentLevel.ThirdPersonExampleMap'
[2017.11.22-10.41.06:797][147]LogTemp: Repeting last play command: Selected Viewport
[2017.11.22-10.41.06:820][147]LogBlueprintUserMessages: Early PlayInEditor Detection: Level '/Game/ThirdPersonBP/Maps/ThirdPersonExampleMap.ThirdPersonExampleMap:PersistentLevel' has LevelScriptBlueprint '/Game/ThirdPersonBP/Maps/ThirdPersonExampleMap.ThirdPersonExampleMap:PersistentLevel.ThirdPersonExampleMap' with GeneratedClass '/Game/ThirdPersonBP/Maps/ThirdPersonExampleMap.ThirdPersonExampleMap_C' with ClassGeneratedBy '/Game/ThirdPersonBP/Maps/ThirdPersonExampleMap.ThirdPersonExampleMap:PersistentLevel.ThirdPersonExampleMap'
[2017.11.22-10.41.06:820][147]LogPlayLevel: PlayLevel: No blueprints needed recompiling
[2017.11.22-10.41.06:820][147]PIE: New page: PIE session: ThirdPersonExampleMap (Nov 22, 2017, 12:41:06 PM)
[2017.11.22-10.41.06:820][147]LogPlayLevel: Creating play world package: /Game/ThirdPersonBP/Maps/UEDPIE_0_ThirdPersonExampleMap
[2017.11.22-10.41.06:859][147]LogPlayLevel: PIE: StaticDuplicateObject took: (0.038471s)
[2017.11.22-10.41.06:860][147]LogAIModule: Creating AISystem for world ThirdPersonExampleMap
[2017.11.22-10.41.06:860][147]LogPlayLevel: PIE: World Init took: (0.000941s)
[2017.11.22-10.41.06:860][147]LogPlayLevel: PIE: Created PIE world by copying editor world from /Game/ThirdPersonBP/Maps/ThirdPersonExampleMap.ThirdPersonExampleMap to /Game/ThirdPersonBP/Maps/UEDPIE_0_ThirdPersonExampleMap.ThirdPersonExampleMap (0.039731s)
[2017.11.22-10.41.06:904][147]PIE:Warning: Warning Trying to simulate physics on ''/Game/ThirdPersonBP/Maps/ThirdPersonExampleMap.ThirdPersonExampleMap:PersistentLevel.Sphere2_2.StaticMeshComponent0'' but it has ComplexAsSimple collision.
[2017.11.22-10.41.06:904][147]PIE:Warning: Warning Trying to simulate physics on ''/Game/ThirdPersonBP/Maps/ThirdPersonExampleMap.ThirdPersonExampleMap:PersistentLevel.Sphere2_2.StaticMeshComponent0'' but it has ComplexAsSimple collision.
[2017.11.22-10.41.06:910][147]LogInit: XAudio2 using 'Speakers (Realtek High Definition Audio)' : 2 channels at 48 kHz using 32 bits per sample (channel mask 0x3)
[2017.11.22-10.41.06:926][147]LogInit: FAudioDevice initialized.
[2017.11.22-10.41.06:960][147]LogLoad: Game class is 'ThirdPersonGameMode_C'
[2017.11.22-10.41.06:965][147]LogWorld: Bringing World /Game/ThirdPersonBP/Maps/UEDPIE_0_ThirdPersonExampleMap.ThirdPersonExampleMap up for play (max tick rate 0) at 2017.11.22-11.41.06
[2017.11.22-10.41.06:966][147]LogWorld: Bringing up level for play took: 0.003388
[2017.11.22-10.41.06:966][147]LogSpawn:Warning: SpawnActor failed because no class was specified
[2017.11.22-10.41.06:967][147]PIE: Info Play in editor start time for /Game/ThirdPersonBP/Maps/UEDPIE_0_ThirdPersonExampleMap 0.19
[2017.11.22-10.41.06:967][147]LogBlueprintUserMessages: Late PlayInEditor Detection: Level '/Game/ThirdPersonBP/Maps/ThirdPersonExampleMap.ThirdPersonExampleMap:PersistentLevel' has LevelScriptBlueprint '/Game/ThirdPersonBP/Maps/ThirdPersonExampleMap.ThirdPersonExampleMap:PersistentLevel.ThirdPersonExampleMap' with GeneratedClass '/Game/ThirdPersonBP/Maps/ThirdPersonExampleMap.ThirdPersonExampleMap_C' with ClassGeneratedBy '/Game/ThirdPersonBP/Maps/ThirdPersonExampleMap.ThirdPersonExampleMap:PersistentLevel.ThirdPersonExampleMap'
[2017.11.22-10.41.59:386][134]LogBlueprintUserMessages: Early EndPlayMap Detection: Level '/Game/ThirdPersonBP/Maps/ThirdPersonExampleMap.ThirdPersonExampleMap:PersistentLevel' has LevelScriptBlueprint '/Game/ThirdPersonBP/Maps/ThirdPersonExampleMap.ThirdPersonExampleMap:PersistentLevel.ThirdPersonExampleMap' with GeneratedClass '/Game/ThirdPersonBP/Maps/ThirdPersonExampleMap.ThirdPersonExampleMap_C' with ClassGeneratedBy '/Game/ThirdPersonBP/Maps/ThirdPersonExampleMap.ThirdPersonExampleMap:PersistentLevel.ThirdPersonExampleMap'
[2017.11.22-10.41.59:390][134]PIE:Warning: Warning Trying to simulate physics on ''/Game/ThirdPersonBP/Maps/ThirdPersonExampleMap.ThirdPersonExampleMap:PersistentLevel.Sphere2_2.StaticMeshComponent0'' but it has ComplexAsSimple collision.
[2017.11.22-10.41.59:390][134]PIE:Warning: Warning Trying to simulate physics on ''/Game/ThirdPersonBP/Maps/ThirdPersonExampleMap.ThirdPersonExampleMap:PersistentLevel.Sphere2_2.StaticMeshComponent0'' but it has ComplexAsSimple collision.
[2017.11.22-10.41.59:490][134]LogBlueprintUserMessages: Late EndPlayMap Detection: Level '/Game/ThirdPersonBP/Maps/ThirdPersonExampleMap.ThirdPersonExampleMap:PersistentLevel' has LevelScriptBlueprint '/Game/ThirdPersonBP/Maps/ThirdPersonExampleMap.ThirdPersonExampleMap:PersistentLevel.ThirdPersonExampleMap' with GeneratedClass '/Game/ThirdPersonBP/Maps/ThirdPersonExampleMap.ThirdPersonExampleMap_C' with ClassGeneratedBy '/Game/ThirdPersonBP/Maps/ThirdPersonExampleMap.ThirdPersonExampleMap:PersistentLevel.ThirdPersonExampleMap'
[2017.11.22-10.42.54:901][ 91]PIE:Warning: Warning Trying to simulate physics on ''/Game/ThirdPersonBP/Maps/ThirdPersonExampleMap.ThirdPersonExampleMap:PersistentLevel.Sphere2_2.StaticMeshComponent0'' but it has ComplexAsSimple collision.
[2017.11.22-10.42.54:901][ 91]PIE:Warning: Warning Trying to simulate physics on ''/Game/ThirdPersonBP/Maps/ThirdPersonExampleMap.ThirdPersonExampleMap:PersistentLevel.Sphere2_2.StaticMeshComponent0'' but it has ComplexAsSimple collision.
[2017.11.22-10.42.54:901][ 91]LogEditorViewport: Clicking on Actor (LMB): ThirdPersonCharacter_C (ThirdPersonCharacter)
[2017.11.22-10.42.59:822][356]LogContentBrowser: Native class hierarchy updated for 'BlueprintGraph' in 0.0014 seconds. Added 112 classes and 0 folders.
[2017.11.22-10.43.00:980][356]LogSlate: Took 0.006798 seconds to synchronously load lazily loaded font '../../../Engine/Content/Editor/Slate/Fonts/Roboto-BoldCondensed.ttf' (158K)
[2017.11.22-10.43.26:881][630]LogTemp: Repeting last play command: Selected Viewport
[2017.11.22-10.43.26:909][630]LogBlueprintUserMessages: Early PlayInEditor Detection: Level '/Game/ThirdPersonBP/Maps/ThirdPersonExampleMap.ThirdPersonExampleMap:PersistentLevel' has LevelScriptBlueprint '/Game/ThirdPersonBP/Maps/ThirdPersonExampleMap.ThirdPersonExampleMap:PersistentLevel.ThirdPersonExampleMap' with GeneratedClass '/Game/ThirdPersonBP/Maps/ThirdPersonExampleMap.ThirdPersonExampleMap_C' with ClassGeneratedBy '/Game/ThirdPersonBP/Maps/ThirdPersonExampleMap.ThirdPersonExampleMap:PersistentLevel.ThirdPersonExampleMap'
[2017.11.22-10.43.26:909][630]LogPlayLevel: PlayLevel: No blueprints needed recompiling
[2017.11.22-10.43.26:909][630]PIE: New page: PIE session: ThirdPersonExampleMap (Nov 22, 2017, 12:43:26 PM)
[2017.11.22-10.43.26:909][630]LogPlayLevel: Creating play world package: /Game/ThirdPersonBP/Maps/UEDPIE_0_ThirdPersonExampleMap
[2017.11.22-10.43.26:946][630]LogPlayLevel: PIE: StaticDuplicateObject took: (0.036797s)
[2017.11.22-10.43.26:948][630]LogAIModule: Creating AISystem for world ThirdPersonExampleMap
[2017.11.22-10.43.26:948][630]LogPlayLevel: PIE: World Init took: (0.001682s)
[2017.11.22-10.43.26:948][630]LogPlayLevel: PIE: Created PIE world by copying editor world from /Game/ThirdPersonBP/Maps/ThirdPersonExampleMap.ThirdPersonExampleMap to /Game/ThirdPersonBP/Maps/UEDPIE_0_ThirdPersonExampleMap.ThirdPersonExampleMap (0.038829s)
[2017.11.22-10.43.27:026][630]LogInit: XAudio2 using 'Speakers (Realtek High Definition Audio)' : 2 channels at 48 kHz using 32 bits per sample (channel mask 0x3)
[2017.11.22-10.43.27:043][630]LogInit: FAudioDevice initialized.
[2017.11.22-10.43.27:080][630]LogLoad: Game class is 'ThirdPersonGameMode_C'
[2017.11.22-10.43.27:084][630]LogWorld: Bringing World /Game/ThirdPersonBP/Maps/UEDPIE_0_ThirdPersonExampleMap.ThirdPersonExampleMap up for play (max tick rate 0) at 2017.11.22-11.43.27
[2017.11.22-10.43.27:085][630]LogWorld: Bringing up level for play took: 0.003248
[2017.11.22-10.43.27:086][630]LogSpawn:Warning: SpawnActor failed because no class was specified
[2017.11.22-10.43.27:087][630]PIE: Info Play in editor start time for /Game/ThirdPersonBP/Maps/UEDPIE_0_ThirdPersonExampleMap 0.31
[2017.11.22-10.43.27:087][630]LogBlueprintUserMessages: Late PlayInEditor Detection: Level '/Game/ThirdPersonBP/Maps/ThirdPersonExampleMap.ThirdPersonExampleMap:PersistentLevel' has LevelScriptBlueprint '/Game/ThirdPersonBP/Maps/ThirdPersonExampleMap.ThirdPersonExampleMap:PersistentLevel.ThirdPersonExampleMap' with GeneratedClass '/Game/ThirdPersonBP/Maps/ThirdPersonExampleMap.ThirdPersonExampleMap_C' with ClassGeneratedBy '/Game/ThirdPersonBP/Maps/ThirdPersonExampleMap.ThirdPersonExampleMap:PersistentLevel.ThirdPersonExampleMap'
[2017.11.22-10.43.28:717][708]LogBlueprintUserMessages: Early EndPlayMap Detection: Level '/Game/ThirdPersonBP/Maps/ThirdPersonExampleMap.ThirdPersonExampleMap:PersistentLevel' has LevelScriptBlueprint '/Game/ThirdPersonBP/Maps/ThirdPersonExampleMap.ThirdPersonExampleMap:PersistentLevel.ThirdPersonExampleMap' with GeneratedClass '/Game/ThirdPersonBP/Maps/ThirdPersonExampleMap.ThirdPersonExampleMap_C' with ClassGeneratedBy '/Game/ThirdPersonBP/Maps/ThirdPersonExampleMap.ThirdPersonExampleMap:PersistentLevel.ThirdPersonExampleMap'
[2017.11.22-10.43.28:879][708]LogBlueprintUserMessages: Late EndPlayMap Detection: Level '/Game/ThirdPersonBP/Maps/ThirdPersonExampleMap.ThirdPersonExampleMap:PersistentLevel' has LevelScriptBlueprint '/Game/ThirdPersonBP/Maps/ThirdPersonExampleMap.ThirdPersonExampleMap:PersistentLevel.ThirdPersonExampleMap' with GeneratedClass '/Game/ThirdPersonBP/Maps/ThirdPersonExampleMap.ThirdPersonExampleMap_C' with ClassGeneratedBy '/Game/ThirdPersonBP/Maps/ThirdPersonExampleMap.ThirdPersonExampleMap:PersistentLevel.ThirdPersonExampleMap'
[2017.11.22-10.49.21:935][505]LogSavePackage: Save=306.53ms
[2017.11.22-10.49.21:936][505]LogSavePackage: Moving '../../../../../../Users/Federico Gaggioli/Documents/Unreal Projects/MyProject4/Saved/ThirdPersonExampleMap_Auto25643E7F9411C3217089CC99675510307.tmp' to '../../../../../../Users/Federico Gaggioli/Documents/Unreal Projects/MyProject4/Saved/Autosaves/Game/ThirdPersonBP/Maps/ThirdPersonExampleMap_Auto2.umap'
[2017.11.22-10.49.21:939][505]LogSavePackage:Display: Finished SavePackage ../../../../../../Users/Federico Gaggioli/Documents/Unreal Projects/MyProject4/Saved/Autosaves/Game/ThirdPersonBP/Maps/ThirdPersonExampleMap_Auto2.umap
[2017.11.22-10.49.21:961][505]LogFileHelpers: Editor autosave (incl. sublevels) for '/Game/ThirdPersonBP/Maps/ThirdPersonExampleMap' took 0.383
[2017.11.22-10.49.21:961][505]LogFileHelpers: Editor autosave (incl. sublevels) for all levels took 0.383
[2017.11.22-10.49.29:957][612]Cmd: QUIT_EDITOR
[2017.11.22-10.49.30:852][612]LogWindowsTextInputMethodSystem:Display: IME system now deactivated.
[2017.11.22-10.49.30:897][612]LogExit: Preparing to exit.
[2017.11.22-10.49.32:169][612]LogDirectoryWatcher: A directory notification for 'C:/Users/Federico Gaggioli/Documents/Unreal Projects/MyProject4/Content/' was aborted.
[2017.11.22-10.49.32:225][612]LogExit: Editor shut down
[2017.11.22-10.49.32:228][612]LogExit: Transaction tracking system shut down
[2017.11.22-10.49.32:371][612]LogObj: Freed 0b from 0 cluster array pools.
[2017.11.22-10.49.32:371][612]LogExit: Object subsystem successfully closed.
[2017.11.22-10.49.32:392][612]LogD3D11RHI: Shutdown
[2017.11.22-10.49.32:392][612]LogD3D11RHI: CleanupD3DDevice
[2017.11.22-10.49.32:529][612]LogD3D11RHI: ~FD3D11DynamicRHI
[2017.11.22-10.49.32:551][612]LogModuleManager: Shutting down and abandoning module BlueprintGraph (504)
[2017.11.22-10.49.32:551][612]LogModuleManager: Shutting down and abandoning module BlueprintProfiler (502)
[2017.11.22-10.49.32:551][612]LogModuleManager: Shutting down and abandoning module MovieSceneCapture (500)
[2017.11.22-10.49.32:551][612]LogModuleManager: Shutting down and abandoning module HierarchicalLODOutliner (498)
[2017.11.22-10.49.32:551][612]LogModuleManager: Shutting down and abandoning module AddContentDialog (496)
[2017.11.22-10.49.32:551][612]LogDirectoryWatcher: A directory notification for 'C:/Program Files/Epic Games/UE_4.15/FeaturePacks/' was aborted.
[2017.11.22-10.49.32:553][612]LogModuleManager: Shutting down and abandoning module WidgetCarousel (495)
[2017.11.22-10.49.32:553][612]LogModuleManager: Shutting down and abandoning module EditorWidgets (492)
[2017.11.22-10.49.32:553][612]LogModuleManager: Shutting down and abandoning module CollectionManager (490)
[2017.11.22-10.49.32:553][612]LogDirectoryWatcher: A directory notification for 'C:/Users/Federico Gaggioli/Documents/Unreal Projects/MyProject4/Content/Collections/' was aborted.
[2017.11.22-10.49.32:553][612]LogDirectoryWatcher: A directory notification for 'C:/Users/Federico Gaggioli/Documents/Unreal Projects/MyProject4/Content/Developers/FedericoGaggioli/Collections/' was aborted.
[2017.11.22-10.49.32:553][612]LogDirectoryWatcher: A directory notification for 'C:/Users/Federico Gaggioli/Documents/Unreal Projects/MyProject4/Saved/Collections/' was aborted.
[2017.11.22-10.49.32:553][612]LogModuleManager: Shutting down and abandoning module CrashTracker (488)
[2017.11.22-10.49.32:553][612]LogModuleManager: Shutting down and abandoning module SceneOutliner (486)
[2017.11.22-10.49.32:553][612]LogModuleManager: Shutting down and abandoning module StatsViewer (484)
[2017.11.22-10.49.32:553][612]LogModuleManager: Shutting down and abandoning module FoliageEdit (482)
[2017.11.22-10.49.32:553][612]LogModuleManager: Shutting down and abandoning module LandscapeEditor (480)
[2017.11.22-10.49.32:553][612]LogModuleManager: Shutting down and abandoning module SceneDepthPickerMode (478)
[2017.11.22-10.49.32:553][612]LogModuleManager: Shutting down and abandoning module ActorPickerMode (476)
[2017.11.22-10.49.32:553][612]LogModuleManager: Shutting down and abandoning module GeometryMode (474)
[2017.11.22-10.49.32:553][612]LogModuleManager: Shutting down and abandoning module TextureAlignMode (472)
[2017.11.22-10.49.32:553][612]LogModuleManager: Shutting down and abandoning module BspMode (470)
[2017.11.22-10.49.32:553][612]LogModuleManager: Shutting down and abandoning module HardwareSurvey (468)
[2017.11.22-10.49.32:553][612]LogModuleManager: Shutting down and abandoning module SequenceRecorderSections (466)
[2017.11.22-10.49.32:553][612]LogModuleManager: Shutting down and abandoning module AutomationWorker (464)
[2017.11.22-10.49.32:553][612]LogModuleManager: Shutting down and abandoning module MatineeToLevelSequence (462)
[2017.11.22-10.49.32:553][612]LogModuleManager: Shutting down and abandoning module LevelSequenceEditor (460)
[2017.11.22-10.49.32:553][612]LogModuleManager: Shutting down and abandoning module PlacementMode (459)
[2017.11.22-10.49.32:553][612]LogModuleManager: Shutting down and abandoning module WmfMediaFactory (456)
[2017.11.22-10.49.32:553][612]LogModuleManager: Shutting down and abandoning module WmfMediaEditor (454)
[2017.11.22-10.49.32:553][612]LogModuleManager: Shutting down and abandoning module MfMediaFactory (452)
[2017.11.22-10.49.32:553][612]LogModuleManager: Shutting down and abandoning module MfMediaEditor (450)
[2017.11.22-10.49.32:553][612]LogModuleManager: Shutting down and abandoning module AvfMediaFactory (448)
[2017.11.22-10.49.32:553][612]LogModuleManager: Shutting down and abandoning module AvfMediaEditor (446)
[2017.11.22-10.49.32:553][612]LogModuleManager: Shutting down and abandoning module AndroidMediaFactory (444)
[2017.11.22-10.49.32:553][612]LogModuleManager: Shutting down and abandoning module Media (443)
[2017.11.22-10.49.32:553][612]LogModuleManager: Shutting down and abandoning module AndroidMediaEditor (440)
[2017.11.22-10.49.32:553][612]LogModuleManager: Shutting down and abandoning module CharacterAI (438)
[2017.11.22-10.49.32:553][612]LogModuleManager: Shutting down and abandoning module AudioCapture (436)
[2017.11.22-10.49.32:553][612]LogModuleManager: Shutting down and abandoning module SequenceRecorder (435)
[2017.11.22-10.49.32:553][612]LogModuleManager: Shutting down and abandoning module SmartSnapping (432)
[2017.11.22-10.49.32:554][612]LogModuleManager: Shutting down and abandoning module SessionServices (430)
[2017.11.22-10.49.32:554][612]LogModuleManager: Shutting down and abandoning module ViewportSnapping (428)
[2017.11.22-10.49.32:554][612]LogModuleManager: Shutting down and abandoning module ViewportInteraction (426)
[2017.11.22-10.49.32:554][612]LogModuleManager: Shutting down and abandoning module LogVisualizer (424)
[2017.11.22-10.49.32:554][612]LogModuleManager: Shutting down and abandoning module IntroTutorials (422)
[2017.11.22-10.49.32:554][612]LogModuleManager: Shutting down and abandoning module GameProjectGeneration (421)
[2017.11.22-10.49.32:554][612]LogModuleManager: Shutting down and abandoning module EditorLiveStreaming (418)
[2017.11.22-10.49.32:554][612]LogModuleManager: Shutting down and abandoning module IOSPlatformEditor (416)
[2017.11.22-10.49.32:554][612]LogModuleManager: Shutting down and abandoning module HTML5PlatformEditor (414)
[2017.11.22-10.49.32:554][612]LogModuleManager: Shutting down and abandoning module AndroidPlatformEditor (412)
[2017.11.22-10.49.32:554][612]LogModuleManager: Shutting down and abandoning module AndroidDeviceDetection (411)
[2017.11.22-10.49.33:422][612]LogModuleManager: Shutting down and abandoning module IOSRuntimeSettings (408)
[2017.11.22-10.49.33:422][612]LogModuleManager: Shutting down and abandoning module AndroidRuntimeSettings (406)
[2017.11.22-10.49.33:422][612]LogModuleManager: Shutting down and abandoning module InputBindingEditor (404)
[2017.11.22-10.49.33:422][612]LogModuleManager: Shutting down and abandoning module NiagaraEditor (402)
[2017.11.22-10.49.33:422][612]LogModuleManager: Shutting down and abandoning module MergeActors (400)
[2017.11.22-10.49.33:422][612]LogModuleManager: Shutting down and abandoning module SizeMap (398)
[2017.11.22-10.49.33:422][612]LogModuleManager: Shutting down and abandoning module TreeMap (396)
[2017.11.22-10.49.33:422][612]LogModuleManager: Shutting down and abandoning module ReferenceViewer (394)
[2017.11.22-10.49.33:422][612]LogModuleManager: Shutting down and abandoning module LocalizationDashboard (392)
[2017.11.22-10.49.33:422][612]LogModuleManager: Shutting down and abandoning module LocalizationService (391)
[2017.11.22-10.49.33:422][612]LogModuleManager: Shutting down and abandoning module HardwareTargeting (388)
[2017.11.22-10.49.33:422][612]LogModuleManager: Shutting down and abandoning module DeviceProfileEditor (386)
[2017.11.22-10.49.33:422][612]LogModuleManager: Shutting down and abandoning module UndoHistory (384)
[2017.11.22-10.49.33:422][612]LogModuleManager: Shutting down and abandoning module UserFeedback (382)
[2017.11.22-10.49.33:422][612]LogModuleManager: Shutting down and abandoning module XmlParser (380)
[2017.11.22-10.49.33:422][612]LogModuleManager: Shutting down and abandoning module Blutility (378)
[2017.11.22-10.49.33:422][612]LogModuleManager: Shutting down and abandoning module ProjectSettingsViewer (376)
[2017.11.22-10.49.33:422][612]LogModuleManager: Shutting down and abandoning module ProjectTargetPlatformEditor (375)
[2017.11.22-10.49.33:423][612]LogModuleManager: Shutting down and abandoning module EditorSettingsViewer (372)
[2017.11.22-10.49.33:423][612]LogModuleManager: Shutting down and abandoning module SettingsEditor (370)
[2017.11.22-10.49.33:423][612]LogModuleManager: Shutting down and abandoning module ProjectLauncher (368)
[2017.11.22-10.49.33:423][612]LogModuleManager: Shutting down and abandoning module SessionFrontend (366)
[2017.11.22-10.49.33:423][612]LogModuleManager: Shutting down and abandoning module ProfilerClient (364)
[2017.11.22-10.49.33:423][612]LogModuleManager: Shutting down and abandoning module DeviceManager (362)
[2017.11.22-10.49.33:423][612]LogModuleManager: Shutting down and abandoning module TargetDeviceServices (361)
[2017.11.22-10.49.33:465][612]LogModuleManager: Shutting down and abandoning module AutomationController (358)
[2017.11.22-10.49.33:465][612]LogModuleManager: Shutting down and abandoning module AutomationWindow (356)
[2017.11.22-10.49.33:465][612]LogModuleManager: Shutting down and abandoning module Layers (354)
[2017.11.22-10.49.33:465][612]LogModuleManager: Shutting down and abandoning module ComponentVisualizers (352)
[2017.11.22-10.49.33:465][612]LogModuleManager: Shutting down and abandoning module DetailCustomizations (350)
[2017.11.22-10.49.33:465][612]LogModuleManager: Shutting down and abandoning module PackagesDialog (348)
[2017.11.22-10.49.33:465][612]LogModuleManager: Shutting down and abandoning module Persona (346)
[2017.11.22-10.49.33:465][612]LogModuleManager: Shutting down and abandoning module AnimGraph (345)
[2017.11.22-10.49.33:465][612]LogModuleManager: Shutting down and abandoning module Kismet (342)
[2017.11.22-10.49.33:473][612]LogModuleManager: Shutting down and abandoning module GraphEditor (340)
[2017.11.22-10.49.33:473][612]LogModuleManager: Shutting down and abandoning module ClassViewer (338)
[2017.11.22-10.49.33:473][612]LogModuleManager: Shutting down and abandoning module Toolbox (336)
[2017.11.22-10.49.33:473][612]LogModuleManager: Shutting down and abandoning module ModuleUI (334)
[2017.11.22-10.49.33:473][612]LogModuleManager: Shutting down and abandoning module MovieSceneTools (332)
[2017.11.22-10.49.33:473][612]LogModuleManager: Shutting down and abandoning module OutputLog (330)
[2017.11.22-10.49.33:473][612]LogModuleManager: Shutting down and abandoning module GammaUI (328)
[2017.11.22-10.49.33:473][612]LogModuleManager: Shutting down and abandoning module Documentation (326)
[2017.11.22-10.49.33:473][612]LogModuleManager: Shutting down and abandoning module Niagara (324)
[2017.11.22-10.49.33:473][612]LogModuleManager: Shutting down and abandoning module StreamingPauseRendering (322)
[2017.11.22-10.49.33:473][612]LogModuleManager: Shutting down and abandoning module AnalyticsET (320)
[2017.11.22-10.49.33:473][612]LogModuleManager: Shutting down and abandoning module PortalServices (318)
[2017.11.22-10.49.33:473][612]LogModuleManager: Shutting down and abandoning module PortalRpc (316)
[2017.11.22-10.49.33:473][612]LogModuleManager: Shutting down and abandoning module MessagingRpc (314)
[2017.11.22-10.49.33:473][612]LogModuleManager: Shutting down and abandoning module AIModule (312)
[2017.11.22-10.49.33:473][612]LogModuleManager: Shutting down and abandoning module GameplayDebugger (311)
[2017.11.22-10.49.33:473][612]LogModuleManager: Shutting down and abandoning module AITestSuite (309)
[2017.11.22-10.49.33:473][612]LogModuleManager: Shutting down and abandoning module ProfilerService (306)
[2017.11.22-10.49.33:713][612]LogModuleManager: Shutting down and abandoning module TaskGraph (304)
[2017.11.22-10.49.33:713][612]LogModuleManager: Shutting down and abandoning module SteamVRController (302)
[2017.11.22-10.49.33:713][612]LogModuleManager: Shutting down and abandoning module SteamVR (300)
[2017.11.22-10.49.33:713][612]LogModuleManager: Shutting down and abandoning module ProceduralMeshComponentEditor (298)
[2017.11.22-10.49.33:713][612]LogModuleManager: Shutting down and abandoning module ProceduralMeshComponent (296)
[2017.11.22-10.49.33:713][612]LogModuleManager: Shutting down and abandoning module OculusLibrary (294)
[2017.11.22-10.49.33:713][612]LogModuleManager: Shutting down and abandoning module OculusInput (292)
[2017.11.22-10.49.33:713][612]LogModuleManager: Shutting down and abandoning module MobilePatchingUtils (290)
[2017.11.22-10.49.33:713][612]LogModuleManager: Shutting down and abandoning module CustomMeshComponent (288)
[2017.11.22-10.49.33:713][612]LogModuleManager: Shutting down and abandoning module CableComponent (286)
[2017.11.22-10.49.33:713][612]LogModuleManager: Shutting down and abandoning module ArchVisCharacter (284)
[2017.11.22-10.49.33:713][612]LogModuleManager: Shutting down and abandoning module MediaPlayerEditor (280)
[2017.11.22-10.49.33:713][612]LogModuleManager: Shutting down and abandoning module HTML5Networking (278)
[2017.11.22-10.49.33:713][612]LogModuleManager: Shutting down and abandoning module AlembicImporter (276)
[2017.11.22-10.49.33:713][612]LogModuleManager: Shutting down and abandoning module AlembicLibrary (275)
[2017.11.22-10.49.33:713][612]LogModuleManager: Shutting down and abandoning module GeometryCache (274)
[2017.11.22-10.49.33:713][612]LogModuleManager: Shutting down and abandoning module GeometryCacheEd (273)
[2017.11.22-10.49.33:713][612]LogModuleManager: Shutting down and abandoning module SuperSearchEditor (268)
[2017.11.22-10.49.33:713][612]LogModuleManager: Shutting down and abandoning module SuperSearch (267)
[2017.11.22-10.49.33:713][612]LogModuleManager: Shutting down and abandoning module SpeedTreeImporter (264)
[2017.11.22-10.49.33:713][612]LogModuleManager: Shutting down and abandoning module PluginBrowser (262)
[2017.11.22-10.49.33:713][612]LogModuleManager: Shutting down and abandoning module MobileLauncherProfileWizard (260)
[2017.11.22-10.49.33:713][612]LogModuleManager: Shutting down and abandoning module EpicSurvey (258)
[2017.11.22-10.49.33:713][612]LogModuleManager: Shutting down and abandoning module VisualStudioSourceCodeAccess (256)
[2017.11.22-10.49.33:713][612]LogModuleManager: Shutting down and abandoning module DesktopPlatform (255)
[2017.11.22-10.49.33:713][612]LogModuleManager: Shutting down and abandoning module UObjectPlugin (252)
[2017.11.22-10.49.33:713][612]LogModuleManager: Shutting down and abandoning module SubversionSourceControl (250)
[2017.11.22-10.49.33:713][612]LogModuleManager: Shutting down and abandoning module PerforceSourceControl (248)
[2017.11.22-10.49.33:713][612]LogModuleManager: Shutting down and abandoning module GitSourceControl (246)
[2017.11.22-10.49.33:713][612]LogModuleManager: Shutting down and abandoning module SourceControl (245)
[2017.11.22-10.49.33:713][612]LogModuleManager: Shutting down and abandoning module LightPropagationVolumeEditor (242)
[2017.11.22-10.49.33:713][612]LogModuleManager: Shutting down and abandoning module PaperTiledImporter (240)
[2017.11.22-10.49.33:713][612]LogModuleManager: Shutting down and abandoning module PaperSpriteSheetImporter (238)
[2017.11.22-10.49.33:713][612]LogModuleManager: Shutting down and abandoning module Paper2DEditor (236)
[2017.11.22-10.49.33:713][612]LogModuleManager: Shutting down and abandoning module MeshPaint (235)
[2017.11.22-10.49.33:713][612]LogModuleManager: Shutting down and abandoning module LevelEditor (233)
[2017.11.22-10.49.33:714][612]LogModuleManager: Shutting down and abandoning module PixelInspectorModule (232)
[2017.11.22-10.49.33:714][612]LogModuleManager: Shutting down and abandoning module MainFrame (230)
[2017.11.22-10.49.33:714][612]LogModuleManager: Shutting down and abandoning module HotReload (229)
[2017.11.22-10.49.33:715][612]LogModuleManager: Shutting down and abandoning module ContentBrowser (225)
[2017.11.22-10.49.33:716][612]LogModuleManager: Shutting down and abandoning module PhysXVehiclesEditor (222)
[2017.11.22-10.49.33:716][612]LogModuleManager: Shutting down and abandoning module PhysXVehicles (220)
[2017.11.22-10.49.33:716][612]LogModuleManager: Shutting down and abandoning module LocationServicesBPLibrary (218)
[2017.11.22-10.49.33:716][612]LogModuleManager: Shutting down and abandoning module UdpMessaging (216)
[2017.11.22-10.49.33:817][612]LogModuleManager: Shutting down and abandoning module TcpMessaging (214)
[2017.11.22-10.49.33:918][612]LogModuleManager: Shutting down and abandoning module GameplayTagsEditor (212)
[2017.11.22-10.49.33:918][612]LogModuleManager: Shutting down and abandoning module FacialAnimationEditor (210)
[2017.11.22-10.49.33:918][612]LogModuleManager: Shutting down and abandoning module FacialAnimation (208)
[2017.11.22-10.49.33:918][612]LogModuleManager: Shutting down and abandoning module LightPropagationVolumeRuntime (206)
[2017.11.22-10.49.33:918][612]LogModuleManager: Shutting down and abandoning module Paper2D (204)
[2017.11.22-10.49.33:918][612]LogModuleManager: Shutting down and abandoning module WindowsMoviePlayer (202)
[2017.11.22-10.49.33:918][612]LogModuleManager: Shutting down and abandoning module WmfMedia (200)
[2017.11.22-10.49.33:918][612]LogModuleManager: Shutting down and abandoning module MfMedia (198)
[2017.11.22-10.49.33:918][612]LogModuleManager: Shutting down and abandoning module MediaAssets (196)
[2017.11.22-10.49.33:918][612]LogModuleManager: Shutting down and abandoning module GameLiveStreaming (194)
[2017.11.22-10.49.33:918][612]LogModuleManager: Shutting down and abandoning module VREditor (192)
[2017.11.22-10.49.33:918][612]LogModuleManager: Shutting down and abandoning module GameplayTasksEditor (190)
[2017.11.22-10.49.33:918][612]LogModuleManager: Shutting down and abandoning module BehaviorTreeEditor (188)
[2017.11.22-10.49.33:918][612]LogModuleManager: Shutting down and abandoning module FunctionalTesting (186)
[2017.11.22-10.49.33:918][612]LogModuleManager: Shutting down and abandoning module CollisionAnalyzer (184)
[2017.11.22-10.49.33:918][612]LogModuleManager: Shutting down and abandoning module UMG (182)
[2017.11.22-10.49.33:918][612]LogModuleManager: Shutting down and abandoning module UMGEditor (181)
[2017.11.22-10.49.33:918][612]LogModuleManager: Shutting down and abandoning module Sequencer (180)
[2017.11.22-10.49.33:918][612]LogModuleManager: Shutting down and abandoning module AssetTools (178)
[2017.11.22-10.49.33:918][612]LogModuleManager: Shutting down and abandoning module MessageLog (177)
[2017.11.22-10.49.33:918][612]LogModuleManager: Shutting down and abandoning module WorkspaceMenuStructure (176)
[2017.11.22-10.49.33:918][612]LogModuleManager: Shutting down and abandoning module SlateReflector (170)
[2017.11.22-10.49.33:918][612]LogModuleManager: Shutting down and abandoning module Slate (168)
[2017.11.22-10.49.33:918][612]LogModuleManager: Shutting down and abandoning module EditorStyle (166)
[2017.11.22-10.49.33:923][612]LogModuleManager: Shutting down and abandoning module SourceCodeAccess (164)
[2017.11.22-10.49.33:923][612]LogModuleManager: Shutting down and abandoning module HeadMountedDisplay (162)
[2017.11.22-10.49.33:923][612]LogModuleManager: Shutting down and abandoning module XAudio2 (160)
[2017.11.22-10.49.33:923][612]LogModuleManager: Shutting down and abandoning module Networking (158)
[2017.11.22-10.49.33:923][612]LogModuleManager: Shutting down and abandoning module Core (154)
[2017.11.22-10.49.33:923][612]LogModuleManager: Shutting down and abandoning module AssetRegistry (152)
[2017.11.22-10.49.34:037][612]LogDirectoryWatcher: A directory notification for '../../../Engine/Content/' was aborted.
[2017.11.22-10.49.34:037][612]LogDirectoryWatcher: A directory notification for '../../../../../../Users/Federico Gaggioli/Documents/Unreal Projects/MyProject4/Content/' was aborted.
[2017.11.22-10.49.34:037][612]LogDirectoryWatcher: A directory notification for '../../../Engine/Plugins/2D/Paper2D/Content/' was aborted.
[2017.11.22-10.49.34:037][612]LogModuleManager: Shutting down and abandoning module DirectoryWatcher (151)
[2017.11.22-10.49.34:039][612]LogModuleManager: Shutting down and abandoning module KismetCompiler (148)
[2017.11.22-10.49.34:039][612]LogModuleManager: Shutting down and abandoning module PhysXFormats (146)
[2017.11.22-10.49.34:039][612]LogModuleManager: Shutting down and abandoning module MeshUtilities (144)
[2017.11.22-10.49.34:039][612]LogModuleManager: Shutting down and abandoning module SimplygonSwarm (143)
[2017.11.22-10.49.34:039][612]LogModuleManager: Shutting down and abandoning module SimplygonMeshReduction (141)
[2017.11.22-10.49.34:039][612]LogModuleManager: Shutting down and abandoning module QuadricMeshReduction (139)
[2017.11.22-10.49.34:039][612]LogModuleManager: Shutting down and abandoning module PropertyEditor (137)
[2017.11.22-10.49.34:039][612]LogModuleManager: Shutting down and abandoning module DerivedDataCache (134)
[2017.11.22-10.49.34:126][612]LogDerivedDataCache: Shutdown
[2017.11.22-10.49.34:126][612]LogModuleManager: Shutting down and abandoning module TargetPlatform (132)
[2017.11.22-10.49.34:126][612]LogModuleManager: Shutting down and abandoning module VulkanShaderFormat (131)
[2017.11.22-10.49.34:126][612]LogModuleManager: Shutting down and abandoning module ShaderFormatOpenGL (129)
[2017.11.22-10.49.34:126][612]LogModuleManager: Shutting down and abandoning module ShaderFormatD3D (127)
[2017.11.22-10.49.34:126][612]LogModuleManager: Shutting down and abandoning module MetalShaderFormat (125)
[2017.11.22-10.49.34:126][612]LogModuleManager: Shutting down and abandoning module TextureFormatUncompressed (123)
[2017.11.22-10.49.34:126][612]LogModuleManager: Shutting down and abandoning module TextureFormatPVR (121)
[2017.11.22-10.49.34:126][612]LogModuleManager: Shutting down and abandoning module TextureFormatDXT (119)
[2017.11.22-10.49.34:126][612]LogModuleManager: Shutting down and abandoning module TextureFormatIntelISPCTexComp (117)
[2017.11.22-10.49.34:127][612]LogModuleManager: Shutting down and abandoning module TextureFormatASTC (115)
[2017.11.22-10.49.34:127][612]LogModuleManager: Shutting down and abandoning module ImageWrapper (114)
[2017.11.22-10.49.34:127][612]LogModuleManager: Shutting down and abandoning module TextureFormatAndroid (111)
[2017.11.22-10.49.34:127][612]LogModuleManager: Shutting down and abandoning module AudioFormatOpus (109)
[2017.11.22-10.49.34:127][612]LogModuleManager: Shutting down and abandoning module AudioFormatOgg (107)
[2017.11.22-10.49.34:127][612]LogModuleManager: Shutting down and abandoning module AudioFormatADPCM (105)
[2017.11.22-10.49.34:127][612]LogModuleManager: Shutting down and abandoning module LinuxTargetPlatform (103)
[2017.11.22-10.49.34:127][612]LogModuleManager: Shutting down and abandoning module LinuxServerTargetPlatform (101)
[2017.11.22-10.49.34:127][612]LogModuleManager: Shutting down and abandoning module LinuxNoEditorTargetPlatform (99)
[2017.11.22-10.49.34:127][612]LogModuleManager: Shutting down and abandoning module LinuxClientTargetPlatform (97)
[2017.11.22-10.49.34:127][612]LogModuleManager: Shutting down and abandoning module TVOSTargetPlatform (95)
[2017.11.22-10.49.34:127][612]LogModuleManager: Shutting down and abandoning module Messaging (93)
[2017.11.22-10.49.34:127][612]LogModuleManager: Shutting down and abandoning module IOSTargetPlatform (91)
[2017.11.22-10.49.34:127][612]LogModuleManager: Shutting down and abandoning module HTML5TargetPlatform (89)
[2017.11.22-10.49.34:127][612]LogModuleManager: Shutting down and abandoning module Android_PVRTCTargetPlatform (87)
[2017.11.22-10.49.34:127][612]LogModuleManager: Shutting down and abandoning module Android_MultiTargetPlatform (85)
[2017.11.22-10.49.34:127][612]LogModuleManager: Shutting down and abandoning module Android_ETC2TargetPlatform (83)
[2017.11.22-10.49.34:127][612]LogModuleManager: Shutting down and abandoning module Android_ETC1TargetPlatform (81)
[2017.11.22-10.49.34:127][612]LogModuleManager: Shutting down and abandoning module Android_DXTTargetPlatform (79)
[2017.11.22-10.49.34:127][612]LogModuleManager: Shutting down and abandoning module Android_ATCTargetPlatform (77)
[2017.11.22-10.49.34:127][612]LogModuleManager: Shutting down and abandoning module Android_ASTCTargetPlatform (75)
[2017.11.22-10.49.34:127][612]LogModuleManager: Shutting down and abandoning module AndroidTargetPlatform (73)
[2017.11.22-10.49.34:127][612]LogModuleManager: Shutting down and abandoning module WindowsTargetPlatform (71)
[2017.11.22-10.49.34:127][612]LogModuleManager: Shutting down and abandoning module WindowsServerTargetPlatform (69)
[2017.11.22-10.49.34:127][612]LogModuleManager: Shutting down and abandoning module WindowsNoEditorTargetPlatform (67)
[2017.11.22-10.49.34:127][612]LogModuleManager: Shutting down and abandoning module WindowsClientTargetPlatform (65)
[2017.11.22-10.49.34:127][612]LogModuleManager: Shutting down and abandoning module MacTargetPlatform (63)
[2017.11.22-10.49.34:127][612]LogModuleManager: Shutting down and abandoning module MacServerTargetPlatform (61)
[2017.11.22-10.49.34:127][612]LogModuleManager: Shutting down and abandoning module MacNoEditorTargetPlatform (59)
[2017.11.22-10.49.34:127][612]LogModuleManager: Shutting down and abandoning module MacClientTargetPlatform (57)
[2017.11.22-10.49.34:127][612]LogModuleManager: Shutting down and abandoning module AllDesktopTargetPlatform (55)
[2017.11.22-10.49.34:127][612]LogModuleManager: Shutting down and abandoning module InputCore (52)
[2017.11.22-10.49.34:127][612]LogModuleManager: Shutting down and abandoning module Settings (50)
[2017.11.22-10.49.34:127][612]LogModuleManager: Shutting down and abandoning module OculusRift (48)
[2017.11.22-10.49.34:127][612]LogModuleManager: Shutting down and abandoning module GearVR (46)
[2017.11.22-10.49.34:127][612]LogModuleManager: Shutting down and abandoning module ExampleDeviceProfileSelector (44)
[2017.11.22-10.49.34:127][612]LogModuleManager: Shutting down and abandoning module OnlineBlueprintSupport (42)
[2017.11.22-10.49.34:127][612]LogModuleManager: Shutting down and abandoning module OnlineSubsystem (38)
[2017.11.22-10.49.34:127][612]LogOnline:Display: Unloading online subsystem: NULL
[2017.11.22-10.49.34:127][612]LogModuleManager: Shutting down and abandoning module XMPP (37)
[2017.11.22-10.49.34:127][612]LogModuleManager: Shutting down and abandoning module HTTP (35)
[2017.11.22-10.49.34:127][612]LogHttp:Display: Http module shutting down, but needs to wait on 1 outstanding Http requests:
[2017.11.22-10.49.34:127][612]LogHttp:Display: 	verb=[POST] url=[https://datarouter.ol.epicgames.com/datarouter/api/v1/public/data?SessionID=%7B5D6EB412-466F-DF04-3760-A6A662B103A5%7D&AppID=UEEditor.Rocket.Release&AppVersion=4.15.3-3450819%2B%2B%2BUE4%2BRelease-4.15&UserID=199a5a8c4176223550216b8be5d52022%7Cb0dc8019f81d46d2a688a229524c37a1%7C6656855f-405d-4a98-9564-a3b566891a7c&AppEnvironment=datacollector-binary&UploadType=eteventstream] status=Processing
[2017.11.22-10.49.34:158][612]LogModuleManager: Shutting down and abandoning module SSL (34)
[2017.11.22-10.49.34:160][612]LogModuleManager: Shutting down and abandoning module AudioEditor (30)
[2017.11.22-10.49.34:160][612]LogModuleManager: Shutting down and abandoning module TextureCompressor (28)
[2017.11.22-10.49.34:160][612]LogModuleManager: Shutting down and abandoning module ShaderCore (26)
[2017.11.22-10.49.34:160][612]LogModuleManager: Shutting down and abandoning module Landscape (24)
[2017.11.22-10.49.34:160][612]LogModuleManager: Shutting down and abandoning module SlateRHIRenderer (22)
[2017.11.22-10.49.34:164][612]LogModuleManager: Shutting down and abandoning module OpenGLDrv (20)
[2017.11.22-10.49.34:164][612]LogModuleManager: Shutting down and abandoning module D3D11RHI (18)
[2017.11.22-10.49.34:164][612]LogModuleManager: Shutting down and abandoning module AnimGraphRuntime (16)
[2017.11.22-10.49.34:164][612]LogModuleManager: Shutting down and abandoning module Renderer (14)
[2017.11.22-10.49.34:164][612]LogModuleManager: Shutting down and abandoning module Engine (12)
[2017.11.22-10.49.34:164][612]LogModuleManager: Shutting down and abandoning module CoreUObject (10)
[2017.11.22-10.49.34:164][612]LogModuleManager: Shutting down and abandoning module NetworkFile (8)
[2017.11.22-10.49.34:164][612]LogModuleManager: Shutting down and abandoning module StreamingFile (6)
[2017.11.22-10.49.34:164][612]LogModuleManager: Shutting down and abandoning module SandboxFile (4)
[2017.11.22-10.49.34:164][612]LogModuleManager: Shutting down and abandoning module PakFile (2)
[2017.11.22-10.49.34:166][612]LogExit: Exiting.
[2017.11.22-10.49.34:168][612]Log file closed, 11/22/17 11:49:34
