Log file open, 04/03/18 21:55:32
LogInit:Display: Running engine for game: MyProject4
LogPlatformFile: Not using cached read wrapper
LogInit:Display: RandInit(472402739) SRandInit(472402739).
LogTaskGraph: Started task graph with 5 named threads and 8 total threads with 1 sets of task threads.
LogStats: Stats thread started at 0.088191
LogInit: Using libcurl 7.47.1
LogInit:  - built for x86_64-pc-win32
LogInit:  - supports SSL with OpenSSL/1.0.2g
LogInit:  - supports HTTP deflate (compression) using libz 1.2.8
LogInit:  - other features:
LogInit:      CURL_VERSION_SSL
LogInit:      CURL_VERSION_LIBZ
LogInit:      CURL_VERSION_IPV6
LogInit:      CURL_VERSION_ASYNCHDNS
LogInit:      CURL_VERSION_LARGEFILE
LogInit:      CURL_VERSION_IDN
LogInit:  CurlRequestOptions (configurable via config and command line):
LogInit:  - bVerifyPeer = false  - Libcurl will NOT verify peer certificate
LogInit:  - bUseHttpProxy = false  - Libcurl will NOT use HTTP proxy
LogInit:  - bDontReuseConnections = false  - Libcurl will reuse connections
LogInit:  - CertBundlePath = nullptr  - Libcurl will use whatever was configured at build time.
LogInit: Build: ++UE4+Release-4.15-CL-3450819
LogInit: Engine Version: 4.15.3-3450819+++UE4+Release-4.15
LogInit: Compatible Engine Version: 4.15.0-3299760+++UE4+Release-4.15
LogInit: Net CL: 3299760
LogDevObjectVersion: Number of dev versions registered: 14
LogDevObjectVersion:   Dev-Blueprints (B0D832E4-1F89-4F0D-ACCF-7EB736FD4AA2): 8
LogDevObjectVersion:   Dev-Build (E1C64328-A22C-4D53-A36C-8E866417BD8C): 0
LogDevObjectVersion:   Dev-Core (375EC13C-06E4-48FB-B500-84F0262A717E): 2
LogDevObjectVersion:   Dev-Editor (E4B068ED-F494-42E9-A231-DA0B2E46BB41): 14
LogDevObjectVersion:   Dev-Framework (CFFC743F-43B0-4480-9391-14DF171D2073): 22
LogDevObjectVersion:   Dev-Mobile (B02B49B5-BB20-44E9-A304-32B752E40360): 0
LogDevObjectVersion:   Dev-Networking (A4E4105C-59A1-49B5-A7C5-40C4547EDFEE): 0
LogDevObjectVersion:   Dev-Online (39C831C9-5AE6-47DC-9A44-9C173E1C8E7C): 0
LogDevObjectVersion:   Dev-Physics (78F01B33-EBEA-4F98-B9B4-84EACCB95AA2): 0
LogDevObjectVersion:   Dev-Platform (6631380F-2D4D-43E0-8009-CF276956A95A): 0
LogDevObjectVersion:   Dev-Rendering (12F88B9F-8875-4AFC-A67C-D90C383ABD29): 12
LogDevObjectVersion:   Dev-Sequencer (7B5AE74C-D270-4C10-A958-57980B212A5A): 3
LogDevObjectVersion:   Dev-VR (D7296918-1DD6-4BDD-9DE2-64A83CC13884): 0
LogDevObjectVersion:   Dev-LoadTimes (C2A15278-BFE7-4AFE-6C17-90FF531DF755): 1
LogInit: Compiled (64-bit): May 21 2017 11:02:34
LogInit: Compiled with Visual C++: 19.00.23026.00
LogInit: Build Configuration: Development
LogInit: Branch Name: ++UE4+Release-4.15
LogInit: Command line: -EpicPortal 
LogInit: Base directory: C:/Program Files/Epic Games/UE_4.15/Engine/Binaries/Win64/
LogInit: Installed Engine Build: 1
LogInit: Presizing for max 8388607 objects, including 0 objects not considered by GC, pre-allocating 0 bytes for permanent pool.
LogInit: Object subsystem initialized
[2018.04.03-19.55.33:993][  0]LogInit: Selected Device Profile: [Windows]
[2018.04.03-19.55.33:993][  0]LogInit: Applying CVar settings loaded from the selected device profile: [Windows]
[2018.04.03-19.55.34:016][  0]LogInit: Computer: DESKTOP-A8VMGBS
[2018.04.03-19.55.34:016][  0]LogInit: User: FedericoGaggioli
[2018.04.03-19.55.34:016][  0]LogInit: CPU Page size=65536, Cores=4
[2018.04.03-19.55.34:016][  0]LogInit: High frequency timer resolution =2.435773 MHz
[2018.04.03-19.55.34:016][  0]LogMemory: Memory total: Physical=11.9GB (12GB approx)
[2018.04.03-19.55.34:016][  0]LogMemory: Platform Memory Stats for Windows
[2018.04.03-19.55.34:016][  0]LogMemory: Process Physical Memory: 263.53 MB used, 263.53 MB peak
[2018.04.03-19.55.34:016][  0]LogMemory: Process Virtual Memory: 262.66 MB used, 262.66 MB peak
[2018.04.03-19.55.34:016][  0]LogMemory: Physical Memory: 6171.10 MB used,  6029.18 MB free, 12200.27 MB total
[2018.04.03-19.55.34:016][  0]LogMemory: Virtual Memory: 678.20 MB used,  6029.18 MB free, 134217728.00 MB total
[2018.04.03-19.55.34:124][  0]LogTextLocalizationManager: No specific translations for ('en-US') exist, so ('en') translations will be used.
[2018.04.03-19.55.34:922][  0]LogD3D11RHI: D3D11 adapters:
[2018.04.03-19.55.34:976][  0]LogD3D11RHI:    0. 'NVIDIA GeForce GTX 860M' (Feature Level 11_0)
[2018.04.03-19.55.34:976][  0]LogD3D11RHI:       4055/0/6100 MB DedicatedVideo/DedicatedSystem/SharedSystem, Outputs:1, VendorId:0x10de
[2018.04.03-19.55.34:982][  0]LogD3D11RHI:    1. 'Intel(R) HD Graphics 4600' (Feature Level 11_0)
[2018.04.03-19.55.34:983][  0]LogD3D11RHI:       112/0/2048 MB DedicatedVideo/DedicatedSystem/SharedSystem, Outputs:0, VendorId:0x8086
[2018.04.03-19.55.34:985][  0]LogD3D11RHI:    2. 'Microsoft Basic Render Driver' (Feature Level 11_0)
[2018.04.03-19.55.34:985][  0]LogD3D11RHI:       0/0/6100 MB DedicatedVideo/DedicatedSystem/SharedSystem, Outputs:0, VendorId:0x1414
[2018.04.03-19.55.34:985][  0]LogD3D11RHI: Chosen D3D11 Adapter: 0
[2018.04.03-19.55.34:993][  0]LogD3D11RHI: Creating new Direct3DDevice
[2018.04.03-19.55.34:993][  0]LogD3D11RHI:     GPU DeviceId: 0x1392 (for the marketing name, search the web for "GPU Device Id")
[2018.04.03-19.55.34:993][  0]LogWindows: EnumDisplayDevices:
[2018.04.03-19.55.34:993][  0]LogWindows:    0. 'Intel(R) HD Graphics 4600' (P:1 D:1)
[2018.04.03-19.55.34:994][  0]LogWindows:    1. 'Intel(R) HD Graphics 4600' (P:0 D:0)
[2018.04.03-19.55.34:994][  0]LogWindows:    2. 'Intel(R) HD Graphics 4600' (P:0 D:0)
[2018.04.03-19.55.34:994][  0]LogWindows: DebugString: GetVideoDriverDetailsInvalid PrimaryIsNotTheChoosenAdapter GetVideoDriverDetailsInvalid PrimaryIsNotTheChoosenAdapter GetVideoDriverDetailsInvalid PrimaryIsNotTheChoosenAdapter FoundDriverCount:0 
[2018.04.03-19.55.34:994][  0]LogD3D11RHI:     Adapter Name: NVIDIA GeForce GTX 860M
[2018.04.03-19.55.34:994][  0]LogD3D11RHI:   Driver Version: Unknown (internal:Unknown, unified:Unknown)
[2018.04.03-19.55.34:994][  0]LogD3D11RHI:      Driver Date: Unknown
[2018.04.03-19.55.34:994][  0]LogRHI: Texture pool is 1361 MB (70% of 1945 MB)
[2018.04.03-19.55.35:026][  0]LogD3D11RHI: Async texture creation enabled
[2018.04.03-19.55.35:047][  0]LogD3D11RHI: GPU Timing Frequency: 1000.000000 (Debug: 2 2)
[2018.04.03-19.55.35:048][  0]LogShaderCompilers: Guid format shader working directory is -21 characters bigger than the processId version (../../../../../../Users/Federico Gaggioli/Documents/Unreal Projects/MyProject4/Intermediate/Shaders/WorkingDirectory/14088/).
[2018.04.03-19.55.35:048][  0]LogShaderCompilers: Cleaned the shader compiler working directory 'C:/Users/Federico Gaggioli/AppData/Local/Temp/UnrealShaderWorkingDir/D7A920DC4CDDE25B058DE3ADC41EB0AA/'.
[2018.04.03-19.55.35:048][  0]LogShaderCompilers:Display: Using Local Shader Compiler.
[2018.04.03-19.55.36:420][  0]LogTemp:Display: Loaded TP AllDesktopTargetPlatform
[2018.04.03-19.55.36:489][  0]LogTemp:Display: Loaded TP MacClientTargetPlatform
[2018.04.03-19.55.36:558][  0]LogTemp:Display: Loaded TP MacNoEditorTargetPlatform
[2018.04.03-19.55.36:629][  0]LogTemp:Display: Loaded TP MacServerTargetPlatform
[2018.04.03-19.55.36:704][  0]LogTemp:Display: Loaded TP MacTargetPlatform
[2018.04.03-19.55.36:774][  0]LogTemp:Display: Loaded TP WindowsClientTargetPlatform
[2018.04.03-19.55.36:842][  0]LogTemp:Display: Loaded TP WindowsNoEditorTargetPlatform
[2018.04.03-19.55.36:911][  0]LogTemp:Display: Loaded TP WindowsServerTargetPlatform
[2018.04.03-19.55.36:967][  0]LogTemp:Display: Loaded TP WindowsTargetPlatform
[2018.04.03-19.55.37:035][  0]LogTemp:Display: Loaded TP AndroidTargetPlatform
[2018.04.03-19.55.37:101][  0]LogTemp:Display: Loaded TP Android_ASTCTargetPlatform
[2018.04.03-19.55.37:169][  0]LogTemp:Display: Loaded TP Android_ATCTargetPlatform
[2018.04.03-19.55.37:237][  0]LogTemp:Display: Loaded TP Android_DXTTargetPlatform
[2018.04.03-19.55.37:306][  0]LogTemp:Display: Loaded TP Android_ETC1TargetPlatform
[2018.04.03-19.55.37:374][  0]LogTemp:Display: Loaded TP Android_ETC2TargetPlatform
[2018.04.03-19.55.37:509][  0]LogTemp:Display: Loaded TP Android_MultiTargetPlatform
[2018.04.03-19.55.37:509][  0]LogTemp:Display: Loaded TP Android_PVRTCTargetPlatform
[2018.04.03-19.55.37:556][  0]LogTemp:Display: Loaded TP HTML5TargetPlatform
[2018.04.03-19.55.37:674][  0]LogTemp:Display: Loaded TP IOSTargetPlatform
[2018.04.03-19.55.37:719][  0]LogTemp:Display: Loaded TP TVOSTargetPlatform
[2018.04.03-19.55.37:787][  0]LogTemp:Display: Loaded TP LinuxClientTargetPlatform
[2018.04.03-19.55.37:854][  0]LogTemp:Display: Loaded TP LinuxNoEditorTargetPlatform
[2018.04.03-19.55.37:922][  0]LogTemp:Display: Loaded TP LinuxServerTargetPlatform
[2018.04.03-19.55.37:991][  0]LogTemp:Display: Loaded TP LinuxTargetPlatform
[2018.04.03-19.55.37:991][  0]LogTargetPlatformManager:Display: Building Assets For Windows
[2018.04.03-19.55.38:516][  0]LogDerivedDataCache:Display: Max Cache Size: 512 MB
[2018.04.03-19.55.38:572][  0]LogDerivedDataCache: Loaded boot cache 0.06s 50MB C:/Users/Federico Gaggioli/AppData/Local/UnrealEngine/4.15/DerivedDataCache/Boot.ddc.
[2018.04.03-19.55.38:572][  0]LogDerivedDataCache:Display: Loaded Boot cache: C:/Users/Federico Gaggioli/AppData/Local/UnrealEngine/4.15/DerivedDataCache/Boot.ddc
[2018.04.03-19.55.38:573][  0]LogDerivedDataCache: FDerivedDataBackendGraph:  Pak pak cache file ../../../../../../Users/Federico Gaggioli/Documents/Unreal Projects/MyProject4/DerivedDataCache/DDC.ddp not found, will not use a pak cache.
[2018.04.03-19.55.38:573][  0]LogDerivedDataCache: Unable to find inner node Pak for hierarchical cache Hierarchy.
[2018.04.03-19.55.38:573][  0]LogDerivedDataCache: FDerivedDataBackendGraph:  CompressedPak pak cache file ../../../../../../Users/Federico Gaggioli/Documents/Unreal Projects/MyProject4/DerivedDataCache/Compressed.ddp not found, will not use a pak cache.
[2018.04.03-19.55.38:573][  0]LogDerivedDataCache: Unable to find inner node CompressedPak for hierarchical cache Hierarchy.
[2018.04.03-19.55.38:595][  0]LogDerivedDataCache:Display: Pak cache opened for reading ../../../Engine/DerivedDataCache/Compressed.ddp.
[2018.04.03-19.55.38:607][  0]LogDerivedDataCache: Using Local data cache path C:/Users/Federico Gaggioli/AppData/Local/UnrealEngine/Common/DerivedDataCache: Writable
[2018.04.03-19.55.38:619][  0]LogSlate: Using Freetype 2.6.0
[2018.04.03-19.55.38:619][  0]LogSlate: SlateFontCache - WITH_FREETYPE: 1, WITH_HARFBUZZ: 1
[2018.04.03-19.55.38:619][  0]LogSlate: SlateFontCache - WITH_FREETYPE: 1, WITH_HARFBUZZ: 1
[2018.04.03-19.55.38:967][  0]LogInit: Selected Device Profile: [Windows]
[2018.04.03-19.55.38:970][  0]LogContentStreaming: Texture pool size is 0.00 MB
[2018.04.03-19.55.39:228][  0]LogMeshUtilities: Using QuadricMeshReduction for automatic static mesh reduction
[2018.04.03-19.55.39:281][  0]LogSimplygon: Simplygon DLL not present - disabling.
[2018.04.03-19.55.39:338][  0]LogMeshUtilities: Using SimplygonSwarm for distributed automatic mesh merging
[2018.04.03-19.55.39:338][  0]LogMeshUtilities: No automatic skeletal mesh reduction module available
[2018.04.03-19.55.39:338][  0]LogMeshUtilities: No automatic mesh merging module available
[2018.04.03-19.55.39:971][  0]LogNetVersion: GetLocalNetworkVersion: CL: 3299760, ProjectName: myproject4, ProjectVersion: , EngineNetworkVersion: 2, GameNetworkVersion: 0, NetworkChecksum: 3876459413
[2018.04.03-19.55.40:021][  0]LogAssetRegistry: FAssetRegistry took 0.0215 seconds to start up
[2018.04.03-19.55.40:091][  0]LogPackageLocalizationCache: Processed 3 localized package path(s) for 2 prioritized culture(s) in 0.042098 seconds
[2018.04.03-19.55.40:098][  0]LogUObjectArray: 32493 objects as part of root set at end of initial load.
[2018.04.03-19.55.40:098][  0]LogUObjectAllocator: 7077032 out of 0 bytes used by permanent object pool.
[2018.04.03-19.55.40:098][  0]LogUObjectArray: CloseDisregardForGC: 0/0 objects in disregard for GC pool
[2018.04.03-19.55.40:173][  0]LogInit: WinSock: version 1.1 (2.2), MaxSocks=32767, MaxUdp=65467
[2018.04.03-19.55.41:693][  0]LogWmfMedia: Failed to load mf.dll
[2018.04.03-19.55.41:693][  0]LogWmfMedia: Failed to load required Windows Media Foundation libraries
[2018.04.03-19.55.41:747][  0]LogWindowsMoviePlayer: Could not load mf.dll. Library not found.
[2018.04.03-19.55.41:748][  0]LogWindowsMoviePlayer: Could not load mfplat.dll. Library not found.
[2018.04.03-19.55.41:748][  0]LogWindowsMoviePlayer: Could not load mfplay.dll. Library not found.
[2018.04.03-19.55.42:097][  0]LogTcpMessaging: Initializing TcpMessaging bridge
[2018.04.03-19.55.42:142][  0]LogUdpMessaging: Initializing bridge on interface 0.0.0.0:0 to multicast group 230.0.0.1:6666.
[2018.04.03-19.55.42:675][  0]LogMaterial: Uniform references updated for custom material expression Custom.
[2018.04.03-19.55.43:129][  0]SourceControl: Info Source control is disabled
[2018.04.03-19.55.43:130][  0]SourceControl: Info Source control is disabled
[2018.04.03-19.55.43:186][  0]SourceControl: Info Source control is disabled
[2018.04.03-19.55.43:241][  0]SourceControl: Info Source control is disabled
[2018.04.03-19.55.44:772][  0]LogEngine: Initializing Engine...
[2018.04.03-19.55.44:772][  0]LogHMD: Failed to initialize OpenVR with code 110
[2018.04.03-19.55.44:904][  0]LogStats: UGameplayTagsManager::ConstructGameplayTagTree: Construct from data asset -  0.000 s
[2018.04.03-19.55.44:904][  0]LogStats: UGameplayTagsManager::ConstructGameplayTagTree: GameplayTagTreeChangedEvent.Broadcast -  0.000 s
[2018.04.03-19.55.45:051][  0]LogAIModule: Creating AISystem for world Untitled
[2018.04.03-19.55.45:067][  0]LogInit: XAudio2 using 'Headset Earphone (Razer Kraken 7.1 Chroma)' : 2 channels at 48 kHz using 16 bits per sample (channel mask 0x3)
[2018.04.03-19.55.45:078][  0]LogInit: FAudioDevice initialized.
[2018.04.03-19.55.45:110][  0]LogDerivedDataCache: Saved boot cache 0.03s 50MB C:/Users/Federico Gaggioli/AppData/Local/UnrealEngine/4.15/DerivedDataCache/Boot.ddc.
[2018.04.03-19.55.45:119][  0]LogInit: Texture streaming: Enabled
[2018.04.03-19.55.45:233][  0]LogEngineSessionManager: EngineSessionManager initialized
[2018.04.03-19.55.45:347][  0]LogInit: Transaction tracking system initialized
[2018.04.03-19.55.45:766][  0]BlueprintLog: New page: Editor Load
[2018.04.03-19.55.46:868][  0]LocalizationService: Info Localization service is disabled
[2018.04.03-19.55.47:664][  0]LogConsoleResponse:Display: 
[2018.04.03-19.55.47:811][  0]LogCook:Display: Max memory allowance for cook 16384mb min free memory 0mb
[2018.04.03-19.55.47:811][  0]LogCook:Display: Mobile HDR setting 1
[2018.04.03-19.55.47:979][  0]LogFileCache: Scanning file cache for directory 'C:/Users/Federico Gaggioli/Documents/Unreal Projects/MyProject4/Content/' took 0.02s
[2018.04.03-19.55.49:026][  0]SourceControl: Info Source control is disabled
[2018.04.03-19.55.49:027][  0]Cmd: MAP LOAD FILE="../../../../../../Users/Federico Gaggioli/Documents/Unreal Projects/MyProject4/Content/ThirdPersonBP/Maps/ThirdPersonExampleMap.umap" TEMPLATE=0 SHOWPROGRESS=1 FEATURELEVEL=3
[2018.04.03-19.55.49:033][  0]LightingResults: New page: Lighting Build
[2018.04.03-19.55.49:082][  0]MapCheck: New page: Map Check
[2018.04.03-19.55.49:082][  0]LightingResults: New page: Lighting Build
[2018.04.03-19.55.49:870][  0]LogMaterial: Missing cached shader map for material M_Landscape, compiling. 
[2018.04.03-19.55.49:874][  0]LogTemp:Display: Added material ShaderMap 0x000001EDADF3A780 with Material 0x000001EDAE415600 to ShaderMapsBeingCompiled
[2018.04.03-19.55.49:931][  0]LogTemp:Display: Kicking off shader compilation for M_Landscape, GameThreadShaderMap 0x000001EDADF3A780
[2018.04.03-19.55.50:044][  0]LogTexture:Display: Building textures: HQ_Lightmap1_1 (AutoDXT, 1024X1024) - 48 MB total VRAM
[2018.04.03-19.55.50:475][  0]LogTexture:Display: Building textures: HQ_Lightmap1_2 (AutoDXT, 64X64) - 48 MB total VRAM
[2018.04.03-19.55.50:503][  0]LogTexture:Display: Building textures: LQ_Lightmap_1_1 (DXT1, 1024X1024) - 48 MB total VRAM
[2018.04.03-19.55.50:650][  0]LogTexture:Display: Building textures: LQ_Lightmap_1_2 (DXT1, 64X64) - 48 MB total VRAM
[2018.04.03-19.55.50:669][  0]LogTexture:Display: Building textures: SkyOcclusion1_1 (AutoDXT, 1024X512) - 48 MB total VRAM
[2018.04.03-19.55.50:861][  0]LogTexture:Display: Building textures: SkyOcclusion1_2 (AutoDXT, 64X32) - 48 MB total VRAM
[2018.04.03-19.55.50:868][  0]LogTexture:Display: Building textures: ShadowMapTexture2D_2 (G8, 1024X512) - 48 MB total VRAM
[2018.04.03-19.55.50:895][  0]LogTexture:Display: Building textures: ShadowMapTexture2D_3 (G8, 32X32) - 48 MB total VRAM
[2018.04.03-19.55.50:993][  0]LogTexture:Display: Building textures: crossheir2 (AutoDXT, 2000X2000) - 48 MB total VRAM
[2018.04.03-19.55.51:774][  0]LogTexture:Display: Building textures: Texture2D_6 (BGRA8, 128X128) - 52 MB total VRAM
[2018.04.03-19.55.51:776][  0]LogTexture:Display: Building textures: Texture2D_7 (BGRA8, 128X128) - 52 MB total VRAM
[2018.04.03-19.55.51:784][  0]LogMaterial: Missing cached shader map for material M_Landscape, compiling. 
[2018.04.03-19.55.51:789][  0]LogTemp:Display: Added material ShaderMap 0x000001EDCC61B580 with Material 0x000001EDC70CC880 to ShaderMapsBeingCompiled
[2018.04.03-19.55.51:857][  0]LogTemp:Display: Kicking off shader compilation for M_Landscape, GameThreadShaderMap 0x000001EDCC61B580
[2018.04.03-19.55.51:858][  0]LogTexture:Display: Building textures: Texture2D_0 (BGRA8, 128X128) - 60 MB total VRAM
[2018.04.03-19.55.51:881][  0]LogAIModule: Creating AISystem for world ThirdPersonExampleMap
[2018.04.03-19.55.51:942][  0]LogEditorServer: Finished looking for orphan Actors (0.000 secs)
[2018.04.03-19.55.51:943][  0]Cmd: MAP CHECKDEP NOCLEARLOG
[2018.04.03-19.55.52:044][  0]MapCheck: Info Map check complete: 0 Error(s), 0 Warning(s), took 101.43ms to complete.
[2018.04.03-19.55.52:044][  0]LogFileHelpers: Loading map 'ThirdPersonExampleMap' took 3.018
[2018.04.03-19.55.52:528][  0]LogCrashTracker: Crashtracker disabled due to settings.
[2018.04.03-19.55.52:540][  0]LogUObjectGlobals:Warning: Failed to find object 'Class None.'
[2018.04.03-19.55.52:674][  0]LogLoad: (Engine Initialization) Total time: 21.14 seconds
[2018.04.03-19.55.52:674][  0]LogLoad: (Engine Initialization) Total Blueprint compile time: 0.21 seconds
[2018.04.03-19.55.52:674][  0]LogExternalProfiler: No external profilers were discovered.  External profiling features will not be available.
[2018.04.03-19.55.52:684][  0]LogWindowsTextInputMethodSystem:Display: IME system now deactivated.
[2018.04.03-19.55.52:684][  0]LogOcInput: OculusInput pre-init called
[2018.04.03-19.55.52:711][  0]LogContentStreaming: Texture pool size now 1000 MB
[2018.04.03-19.55.52:713][  0]LogSlate: Took 0.000340 seconds to synchronously load lazily loaded font '../../../Engine/Content/Slate/Fonts/Roboto-Regular.ttf' (155K)
[2018.04.03-19.55.52:724][  0]LogSlate: Took 0.000437 seconds to synchronously load lazily loaded font '../../../Engine/Content/Slate/Fonts/Roboto-Bold.ttf' (160K)
[2018.04.03-19.55.52:979][  0]LogRenderer: Reallocating scene render targets to support 1528x924 NumSamples 1 (Frame:2).
[2018.04.03-19.55.53:561][  2]LogAssetRegistry: Asset discovery search completed in 13.5618 seconds
[2018.04.03-19.55.53:615][  2]LogCollectionManager: Loaded 0 collections in 0.003378 seconds
[2018.04.03-19.55.53:651][  2]LogFileCache: Scanning file cache for directory 'C:/Users/Federico Gaggioli/Documents/Unreal Projects/MyProject4/Saved/Collections/' took 0.01s
[2018.04.03-19.55.53:651][  2]LogFileCache: Scanning file cache for directory 'C:/Users/Federico Gaggioli/Documents/Unreal Projects/MyProject4/Content/Developers/FedericoGaggioli/Collections/' took 0.01s
[2018.04.03-19.55.53:651][  2]LogFileCache: Scanning file cache for directory 'C:/Users/Federico Gaggioli/Documents/Unreal Projects/MyProject4/Content/Collections/' took 0.01s
[2018.04.03-19.55.53:651][  2]LogCollectionManager: Rebuilt the object cache for 0 collections in 0.000005 seconds (found 0 objects)
[2018.04.03-19.55.53:651][  2]LogCollectionManager: Fixed up redirectors for 0 collections in 0.000106 seconds (updated 0 objects)
[2018.04.03-19.55.54:008][ 15]LogTemp:Display: Finished compile of shader map 0x000001EDADF3A780
[2018.04.03-19.55.54:008][ 15]LogTemp:Display: Shader map M_Landscape complete, GameThreadShaderMap 0x000001EDADF3A780, marking material M_Landscape as finished
[2018.04.03-19.55.54:008][ 15]LogTemp:Display: Marking material as finished 0x000001EDAE415600
[2018.04.03-19.55.55:387][107]LogTemp: Repeting last play command: Selected Viewport
[2018.04.03-19.55.55:416][107]LogBlueprintUserMessages: Early PlayInEditor Detection: Level '/Game/ThirdPersonBP/Maps/ThirdPersonExampleMap.ThirdPersonExampleMap:PersistentLevel' has LevelScriptBlueprint '/Game/ThirdPersonBP/Maps/ThirdPersonExampleMap.ThirdPersonExampleMap:PersistentLevel.ThirdPersonExampleMap' with GeneratedClass '/Game/ThirdPersonBP/Maps/ThirdPersonExampleMap.ThirdPersonExampleMap_C' with ClassGeneratedBy '/Game/ThirdPersonBP/Maps/ThirdPersonExampleMap.ThirdPersonExampleMap:PersistentLevel.ThirdPersonExampleMap'
[2018.04.03-19.55.55:417][107]LogPlayLevel: PlayLevel: No blueprints needed recompiling
[2018.04.03-19.55.55:417][107]PIE: New page: PIE session: ThirdPersonExampleMap (Apr 3, 2018, 11:55:55 PM)
[2018.04.03-19.55.55:417][107]LogPlayLevel: Creating play world package: /Game/ThirdPersonBP/Maps/UEDPIE_0_ThirdPersonExampleMap
[2018.04.03-19.55.55:463][107]LogPlayLevel: PIE: StaticDuplicateObject took: (0.046087s)
[2018.04.03-19.55.55:464][107]LogAIModule: Creating AISystem for world ThirdPersonExampleMap
[2018.04.03-19.55.55:464][107]LogPlayLevel: PIE: World Init took: (0.000968s)
[2018.04.03-19.55.55:464][107]LogPlayLevel: PIE: Created PIE world by copying editor world from /Game/ThirdPersonBP/Maps/ThirdPersonExampleMap.ThirdPersonExampleMap to /Game/ThirdPersonBP/Maps/UEDPIE_0_ThirdPersonExampleMap.ThirdPersonExampleMap (0.047388s)
[2018.04.03-19.55.55:506][107]LogInit: XAudio2 using 'Headset Earphone (Razer Kraken 7.1 Chroma)' : 2 channels at 48 kHz using 16 bits per sample (channel mask 0x3)
[2018.04.03-19.55.55:514][107]LogInit: FAudioDevice initialized.
[2018.04.03-19.55.55:591][107]LogLoad: Game class is 'ThirdPersonGameMode_C'
[2018.04.03-19.55.55:597][107]LogWorld: Bringing World /Game/ThirdPersonBP/Maps/UEDPIE_0_ThirdPersonExampleMap.ThirdPersonExampleMap up for play (max tick rate 0) at 2018.04.03-21.55.55
[2018.04.03-19.55.55:602][107]LogWorld: Bringing up level for play took: 0.008433
[2018.04.03-19.55.55:604][107]LogSpawn:Warning: SpawnActor failed because no class was specified
[2018.04.03-19.55.55:710][107]PIE: Info Play in editor start time for /Game/ThirdPersonBP/Maps/UEDPIE_0_ThirdPersonExampleMap 0.524
[2018.04.03-19.55.55:711][107]LogBlueprintUserMessages: Late PlayInEditor Detection: Level '/Game/ThirdPersonBP/Maps/ThirdPersonExampleMap.ThirdPersonExampleMap:PersistentLevel' has LevelScriptBlueprint '/Game/ThirdPersonBP/Maps/ThirdPersonExampleMap.ThirdPersonExampleMap:PersistentLevel.ThirdPersonExampleMap' with GeneratedClass '/Game/ThirdPersonBP/Maps/ThirdPersonExampleMap.ThirdPersonExampleMap_C' with ClassGeneratedBy '/Game/ThirdPersonBP/Maps/ThirdPersonExampleMap.ThirdPersonExampleMap:PersistentLevel.ThirdPersonExampleMap'
[2018.04.03-19.55.59:708][390]LogTemp:Display: Finished compile of shader map 0x000001EDCC61B580
[2018.04.03-19.55.59:708][390]LogTemp:Display: Shader map M_Landscape complete, GameThreadShaderMap 0x000001EDCC61B580, marking material M_Landscape as finished
[2018.04.03-19.55.59:708][390]LogTemp:Display: Marking material as finished 0x000001EDC70CC880
[2018.04.03-19.57.02:053][869]LogBlueprintUserMessages: Early EndPlayMap Detection: Level '/Game/ThirdPersonBP/Maps/ThirdPersonExampleMap.ThirdPersonExampleMap:PersistentLevel' has LevelScriptBlueprint '/Game/ThirdPersonBP/Maps/ThirdPersonExampleMap.ThirdPersonExampleMap:PersistentLevel.ThirdPersonExampleMap' with GeneratedClass '/Game/ThirdPersonBP/Maps/ThirdPersonExampleMap.ThirdPersonExampleMap_C' with ClassGeneratedBy '/Game/ThirdPersonBP/Maps/ThirdPersonExampleMap.ThirdPersonExampleMap:PersistentLevel.ThirdPersonExampleMap'
[2018.04.03-19.57.02:106][869]LogBlueprintUserMessages: Late EndPlayMap Detection: Level '/Game/ThirdPersonBP/Maps/ThirdPersonExampleMap.ThirdPersonExampleMap:PersistentLevel' has LevelScriptBlueprint '/Game/ThirdPersonBP/Maps/ThirdPersonExampleMap.ThirdPersonExampleMap:PersistentLevel.ThirdPersonExampleMap' with GeneratedClass '/Game/ThirdPersonBP/Maps/ThirdPersonExampleMap.ThirdPersonExampleMap_C' with ClassGeneratedBy '/Game/ThirdPersonBP/Maps/ThirdPersonExampleMap.ThirdPersonExampleMap:PersistentLevel.ThirdPersonExampleMap'
[2018.04.03-19.57.06:794][126]LogCollectionManager: Rebuilt the GUID cache for 0 collections in 0.000001 seconds
[2018.04.03-19.57.06:815][126]LogContentBrowser: Native class hierarchy populated in 0.0201 seconds. Added 2247 classes and 457 folders.
[2018.04.03-19.57.06:970][126]LogContentBrowser: Native class hierarchy updated for 'WidgetCarousel' in 0.0012 seconds. Added 0 classes and 0 folders.
[2018.04.03-19.57.07:054][126]LogContentBrowser: Native class hierarchy updated for 'AddContentDialog' in 0.0011 seconds. Added 0 classes and 0 folders.
[2018.04.03-19.57.07:072][126]LogSlate: Took 0.000422 seconds to synchronously load lazily loaded font '../../../Engine/Content/Editor/Slate/Fonts/FontAwesome.ttf' (139K)
[2018.04.03-19.57.07:107][126]LogSlate: Took 0.000394 seconds to synchronously load lazily loaded font '../../../Engine/Content/Slate/Fonts/Roboto-Light.ttf' (159K)
[2018.04.03-19.57.23:885][946]LogSlate: Took 0.000313 seconds to synchronously load lazily loaded font '../../../Engine/Content/Slate/Fonts/Roboto-Light.ttf' (159K)
[2018.04.03-19.57.24:563][946]LogSlate: Took 0.000300 seconds to synchronously load lazily loaded font '../../../Engine/Content/Slate/Fonts/Roboto-Regular.ttf' (155K)
[2018.04.03-19.57.24:689][946]LogContentBrowser: Native class hierarchy updated for 'BlueprintGraph' in 0.0011 seconds. Added 112 classes and 0 folders.
[2018.04.03-19.57.25:559][946]LogSlate: Took 0.000241 seconds to synchronously load lazily loaded font '../../../Engine/Content/Editor/Slate/Fonts/Roboto-BoldCondensed.ttf' (158K)
[2018.04.03-19.57.25:802][947]LogSlate: Took 0.000342 seconds to synchronously load lazily loaded font '../../../Engine/Content/Editor/Slate/Fonts/Roboto-Italic.ttf' (157K)
[2018.04.03-19.57.49:825][257]BlueprintLog: New page: Compile ThirdPersonCharacter
[2018.04.03-19.57.53:009][417]LogTemp: Repeting last play command: Selected Viewport
[2018.04.03-19.57.53:042][417]LogBlueprintUserMessages: Early PlayInEditor Detection: Level '/Game/ThirdPersonBP/Maps/ThirdPersonExampleMap.ThirdPersonExampleMap:PersistentLevel' has LevelScriptBlueprint '/Game/ThirdPersonBP/Maps/ThirdPersonExampleMap.ThirdPersonExampleMap:PersistentLevel.ThirdPersonExampleMap' with GeneratedClass '/Game/ThirdPersonBP/Maps/ThirdPersonExampleMap.ThirdPersonExampleMap_C' with ClassGeneratedBy '/Game/ThirdPersonBP/Maps/ThirdPersonExampleMap.ThirdPersonExampleMap:PersistentLevel.ThirdPersonExampleMap'
[2018.04.03-19.57.53:042][417]LogPlayLevel: PlayLevel: No blueprints needed recompiling
[2018.04.03-19.57.53:042][417]PIE: New page: PIE session: ThirdPersonExampleMap (Apr 3, 2018, 11:57:53 PM)
[2018.04.03-19.57.53:043][417]LogPlayLevel: Creating play world package: /Game/ThirdPersonBP/Maps/UEDPIE_0_ThirdPersonExampleMap
[2018.04.03-19.57.53:079][417]LogPlayLevel: PIE: StaticDuplicateObject took: (0.036305s)
[2018.04.03-19.57.53:080][417]LogAIModule: Creating AISystem for world ThirdPersonExampleMap
[2018.04.03-19.57.53:080][417]LogPlayLevel: PIE: World Init took: (0.001411s)
[2018.04.03-19.57.53:081][417]LogPlayLevel: PIE: Created PIE world by copying editor world from /Game/ThirdPersonBP/Maps/ThirdPersonExampleMap.ThirdPersonExampleMap to /Game/ThirdPersonBP/Maps/UEDPIE_0_ThirdPersonExampleMap.ThirdPersonExampleMap (0.038087s)
[2018.04.03-19.57.53:124][417]LogInit: XAudio2 using 'Headset Earphone (Razer Kraken 7.1 Chroma)' : 2 channels at 48 kHz using 16 bits per sample (channel mask 0x3)
[2018.04.03-19.57.53:131][417]LogInit: FAudioDevice initialized.
[2018.04.03-19.57.53:165][417]LogLoad: Game class is 'ThirdPersonGameMode_C'
[2018.04.03-19.57.53:169][417]LogWorld: Bringing World /Game/ThirdPersonBP/Maps/UEDPIE_0_ThirdPersonExampleMap.ThirdPersonExampleMap up for play (max tick rate 0) at 2018.04.03-21.57.53
[2018.04.03-19.57.53:170][417]LogWorld: Bringing up level for play took: 0.003595
[2018.04.03-19.57.53:171][417]LogSpawn:Warning: SpawnActor failed because no class was specified
[2018.04.03-19.57.53:172][417]PIE: Info Play in editor start time for /Game/ThirdPersonBP/Maps/UEDPIE_0_ThirdPersonExampleMap -0.014
[2018.04.03-19.57.53:172][417]LogBlueprintUserMessages: Late PlayInEditor Detection: Level '/Game/ThirdPersonBP/Maps/ThirdPersonExampleMap.ThirdPersonExampleMap:PersistentLevel' has LevelScriptBlueprint '/Game/ThirdPersonBP/Maps/ThirdPersonExampleMap.ThirdPersonExampleMap:PersistentLevel.ThirdPersonExampleMap' with GeneratedClass '/Game/ThirdPersonBP/Maps/ThirdPersonExampleMap.ThirdPersonExampleMap_C' with ClassGeneratedBy '/Game/ThirdPersonBP/Maps/ThirdPersonExampleMap.ThirdPersonExampleMap:PersistentLevel.ThirdPersonExampleMap'
[2018.04.03-19.58.39:348][871]LogBlueprintUserMessages: Early EndPlayMap Detection: Level '/Game/ThirdPersonBP/Maps/ThirdPersonExampleMap.ThirdPersonExampleMap:PersistentLevel' has LevelScriptBlueprint '/Game/ThirdPersonBP/Maps/ThirdPersonExampleMap.ThirdPersonExampleMap:PersistentLevel.ThirdPersonExampleMap' with GeneratedClass '/Game/ThirdPersonBP/Maps/ThirdPersonExampleMap.ThirdPersonExampleMap_C' with ClassGeneratedBy '/Game/ThirdPersonBP/Maps/ThirdPersonExampleMap.ThirdPersonExampleMap:PersistentLevel.ThirdPersonExampleMap'
[2018.04.03-19.58.39:407][871]LogBlueprintUserMessages: Late EndPlayMap Detection: Level '/Game/ThirdPersonBP/Maps/ThirdPersonExampleMap.ThirdPersonExampleMap:PersistentLevel' has LevelScriptBlueprint '/Game/ThirdPersonBP/Maps/ThirdPersonExampleMap.ThirdPersonExampleMap:PersistentLevel.ThirdPersonExampleMap' with GeneratedClass '/Game/ThirdPersonBP/Maps/ThirdPersonExampleMap.ThirdPersonExampleMap_C' with ClassGeneratedBy '/Game/ThirdPersonBP/Maps/ThirdPersonExampleMap.ThirdPersonExampleMap:PersistentLevel.ThirdPersonExampleMap'
[2018.04.03-19.59.00:796][353]LogSpawn:Warning: UWorld::DestroyActor: World has no context! World: BattleRoyaleProject, Actor: /Game/BattleRoyaleProject.BattleRoyaleProject:PersistentLevel.ThirdPersonExampleMap_C_1
[2018.04.03-19.59.00:889][353]LogAIModule: Creating AISystem for world BattleRoyaleProject
[2018.04.03-19.59.00:925][353]LogSpawn:Warning: UWorld::DestroyActor: World has no context! World: BattleRoyaleProject, Actor: /Game/BattleRoyaleProject.BattleRoyaleProject:PersistentLevel.BattleRoyaleProject_C_0
[2018.04.03-19.59.01:177][353]LogSavePackage: Save=253.22ms
[2018.04.03-19.59.01:177][353]LogSavePackage: Moving '../../../../../../Users/Federico Gaggioli/Documents/Unreal Projects/MyProject4/Saved/BattleRoyaleProject1B0D071C45B3EA4F3E25589FBB1FDEA0.tmp' to '../../../../../../Users/Federico Gaggioli/Documents/Unreal Projects/MyProject4/Content/BattleRoyaleProject.umap'
[2018.04.03-19.59.01:180][353]LogSavePackage:Display: Finished SavePackage ../../../../../../Users/Federico Gaggioli/Documents/Unreal Projects/MyProject4/Content/BattleRoyaleProject.umap
[2018.04.03-19.59.01:338][353]LogSavePackage: Save=144.40ms
[2018.04.03-19.59.01:338][353]LogSavePackage: Moving '../../../../../../Users/Federico Gaggioli/Documents/Unreal Projects/MyProject4/Saved/BattleRoyaleProject_BuiltData1C3DE35949DABCA508174287937337C6.tmp' to '../../../../../../Users/Federico Gaggioli/Documents/Unreal Projects/MyProject4/Content/BattleRoyaleProject_BuiltData.uasset'
[2018.04.03-19.59.01:339][353]LogSavePackage:Display: Finished SavePackage ../../../../../../Users/Federico Gaggioli/Documents/Unreal Projects/MyProject4/Content/BattleRoyaleProject_BuiltData.uasset
[2018.04.03-19.59.01:344][353]LogFileHelpers: Saving map 'BattleRoyaleProject' took 1.107
[2018.04.03-19.59.01:347][353]Cmd: MAP LOAD FILE="../../../../../../Users/Federico Gaggioli/Documents/Unreal Projects/MyProject4/Content/BattleRoyaleProject.umap" TEMPLATE=0 SHOWPROGRESS=1 FEATURELEVEL=3
[2018.04.03-19.59.01:363][353]LightingResults: New page: Lighting Build
[2018.04.03-19.59.01:366][353]LoadErrors: New page: Loading map: BattleRoyaleProject.umap
[2018.04.03-19.59.01:367][353]MapCheck: New page: Map Check
[2018.04.03-19.59.01:367][353]LightingResults: New page: Lighting Build
[2018.04.03-19.59.01:397][353]LogEditorServer: Finished looking for orphan Actors (0.000 secs)
[2018.04.03-19.59.01:435][353]Cmd: MAP CHECKDEP NOCLEARLOG
[2018.04.03-19.59.01:499][353]MapCheck: Info Map check complete: 0 Error(s), 0 Warning(s), took 64.672ms to complete.
[2018.04.03-19.59.01:499][353]LogFileHelpers: Loading map 'BattleRoyaleProject' took 0.155
[2018.04.03-19.59.07:475][725]Cmd: CLOSE_SLATE_MAINFRAME
[2018.04.03-19.59.13:225][725]LogSavePackage: Save=252.17ms
[2018.04.03-19.59.13:225][725]LogSavePackage: Moving '../../../../../../Users/Federico Gaggioli/Documents/Unreal Projects/MyProject4/Saved/BattleRoyaleProject2BFAC4F94CCEA2FBB2649CAD9E3C8666.tmp' to '../../../../../../Users/Federico Gaggioli/Documents/Unreal Projects/MyProject4/Content/BattleRoyaleProject.umap'
[2018.04.03-19.59.13:230][725]LogSavePackage:Display: Finished SavePackage ../../../../../../Users/Federico Gaggioli/Documents/Unreal Projects/MyProject4/Content/BattleRoyaleProject.umap
[2018.04.03-19.59.13:271][725]LogFileHelpers: Saving map 'BattleRoyaleProject' took 0.411
[2018.04.03-19.59.13:410][725]LogSavePackage: Save=59.65ms
[2018.04.03-19.59.13:410][725]LogSavePackage: Moving '../../../../../../Users/Federico Gaggioli/Documents/Unreal Projects/MyProject4/Saved/ThirdPersonCharacter0027193B473437B364F3A08BA9F5B95A.tmp' to '../../../../../../Users/Federico Gaggioli/Documents/Unreal Projects/MyProject4/Content/ThirdPersonBP/Blueprints/ThirdPersonCharacter.uasset'
[2018.04.03-19.59.13:414][725]LogSavePackage:Display: Finished SavePackage ../../../../../../Users/Federico Gaggioli/Documents/Unreal Projects/MyProject4/Content/ThirdPersonBP/Blueprints/ThirdPersonCharacter.uasset
[2018.04.03-19.59.13:570][725]LogWindowsTextInputMethodSystem:Display: IME system now deactivated.
[2018.04.03-19.59.13:799][726]Cmd: QUIT_EDITOR
[2018.04.03-19.59.14:237][726]LogExit: Preparing to exit.
[2018.04.03-19.59.15:354][726]LogDirectoryWatcher: A directory notification failed for 'C:/Users/Federico Gaggioli/Documents/Unreal Projects/MyProject4/Content/', and we were unable to create a new request.
[2018.04.03-19.59.15:397][726]LogExit: Editor shut down
[2018.04.03-19.59.15:398][726]LogExit: Transaction tracking system shut down
[2018.04.03-19.59.15:514][726]LogObj: Freed 0b from 0 cluster array pools.
[2018.04.03-19.59.15:514][726]LogExit: Object subsystem successfully closed.
[2018.04.03-19.59.15:535][726]LogD3D11RHI: Shutdown
[2018.04.03-19.59.15:535][726]LogD3D11RHI: CleanupD3DDevice
[2018.04.03-19.59.15:646][726]LogD3D11RHI: ~FD3D11DynamicRHI
[2018.04.03-19.59.15:663][726]LogModuleManager: Shutting down and abandoning module BlueprintGraph (504)
[2018.04.03-19.59.15:663][726]LogModuleManager: Shutting down and abandoning module BlueprintProfiler (502)
[2018.04.03-19.59.15:663][726]LogModuleManager: Shutting down and abandoning module AddContentDialog (500)
[2018.04.03-19.59.15:663][726]LogDirectoryWatcher: A directory notification for 'C:/Program Files/Epic Games/UE_4.15/FeaturePacks/' was aborted.
[2018.04.03-19.59.15:665][726]LogModuleManager: Shutting down and abandoning module WidgetCarousel (499)
[2018.04.03-19.59.15:665][726]LogModuleManager: Shutting down and abandoning module EditorWidgets (496)
[2018.04.03-19.59.15:665][726]LogModuleManager: Shutting down and abandoning module MovieSceneCapture (494)
[2018.04.03-19.59.15:665][726]LogModuleManager: Shutting down and abandoning module CollectionManager (492)
[2018.04.03-19.59.15:666][726]LogDirectoryWatcher: A directory notification for 'C:/Users/Federico Gaggioli/Documents/Unreal Projects/MyProject4/Content/Collections/' was aborted.
[2018.04.03-19.59.15:666][726]LogDirectoryWatcher: A directory notification for 'C:/Users/Federico Gaggioli/Documents/Unreal Projects/MyProject4/Content/Developers/FedericoGaggioli/Collections/' was aborted.
[2018.04.03-19.59.15:666][726]LogDirectoryWatcher: A directory notification for 'C:/Users/Federico Gaggioli/Documents/Unreal Projects/MyProject4/Saved/Collections/' was aborted.
[2018.04.03-19.59.15:666][726]LogModuleManager: Shutting down and abandoning module HierarchicalLODOutliner (490)
[2018.04.03-19.59.15:666][726]LogModuleManager: Shutting down and abandoning module CrashTracker (488)
[2018.04.03-19.59.15:666][726]LogModuleManager: Shutting down and abandoning module SceneOutliner (486)
[2018.04.03-19.59.15:666][726]LogModuleManager: Shutting down and abandoning module StatsViewer (484)
[2018.04.03-19.59.15:666][726]LogModuleManager: Shutting down and abandoning module FoliageEdit (482)
[2018.04.03-19.59.15:666][726]LogModuleManager: Shutting down and abandoning module LandscapeEditor (480)
[2018.04.03-19.59.15:666][726]LogModuleManager: Shutting down and abandoning module SceneDepthPickerMode (478)
[2018.04.03-19.59.15:666][726]LogModuleManager: Shutting down and abandoning module ActorPickerMode (476)
[2018.04.03-19.59.15:666][726]LogModuleManager: Shutting down and abandoning module GeometryMode (474)
[2018.04.03-19.59.15:666][726]LogModuleManager: Shutting down and abandoning module TextureAlignMode (472)
[2018.04.03-19.59.15:666][726]LogModuleManager: Shutting down and abandoning module BspMode (470)
[2018.04.03-19.59.15:666][726]LogModuleManager: Shutting down and abandoning module HardwareSurvey (468)
[2018.04.03-19.59.15:666][726]LogModuleManager: Shutting down and abandoning module SequenceRecorderSections (466)
[2018.04.03-19.59.15:666][726]LogModuleManager: Shutting down and abandoning module AutomationWorker (464)
[2018.04.03-19.59.15:666][726]LogModuleManager: Shutting down and abandoning module MatineeToLevelSequence (462)
[2018.04.03-19.59.15:666][726]LogModuleManager: Shutting down and abandoning module LevelSequenceEditor (460)
[2018.04.03-19.59.15:666][726]LogModuleManager: Shutting down and abandoning module PlacementMode (459)
[2018.04.03-19.59.15:666][726]LogModuleManager: Shutting down and abandoning module WmfMediaFactory (456)
[2018.04.03-19.59.15:666][726]LogModuleManager: Shutting down and abandoning module WmfMediaEditor (454)
[2018.04.03-19.59.15:666][726]LogModuleManager: Shutting down and abandoning module MfMediaFactory (452)
[2018.04.03-19.59.15:666][726]LogModuleManager: Shutting down and abandoning module MfMediaEditor (450)
[2018.04.03-19.59.15:666][726]LogModuleManager: Shutting down and abandoning module AvfMediaFactory (448)
[2018.04.03-19.59.15:666][726]LogModuleManager: Shutting down and abandoning module AvfMediaEditor (446)
[2018.04.03-19.59.15:666][726]LogModuleManager: Shutting down and abandoning module AndroidMediaFactory (444)
[2018.04.03-19.59.15:666][726]LogModuleManager: Shutting down and abandoning module Media (443)
[2018.04.03-19.59.15:666][726]LogModuleManager: Shutting down and abandoning module AndroidMediaEditor (440)
[2018.04.03-19.59.15:666][726]LogModuleManager: Shutting down and abandoning module CharacterAI (438)
[2018.04.03-19.59.15:666][726]LogModuleManager: Shutting down and abandoning module AudioCapture (436)
[2018.04.03-19.59.15:666][726]LogModuleManager: Shutting down and abandoning module SequenceRecorder (435)
[2018.04.03-19.59.15:666][726]LogModuleManager: Shutting down and abandoning module SmartSnapping (432)
[2018.04.03-19.59.15:666][726]LogModuleManager: Shutting down and abandoning module SessionServices (430)
[2018.04.03-19.59.15:666][726]LogModuleManager: Shutting down and abandoning module ViewportSnapping (428)
[2018.04.03-19.59.15:666][726]LogModuleManager: Shutting down and abandoning module ViewportInteraction (426)
[2018.04.03-19.59.15:666][726]LogModuleManager: Shutting down and abandoning module LogVisualizer (424)
[2018.04.03-19.59.15:666][726]LogModuleManager: Shutting down and abandoning module IntroTutorials (422)
[2018.04.03-19.59.15:666][726]LogModuleManager: Shutting down and abandoning module GameProjectGeneration (421)
[2018.04.03-19.59.15:666][726]LogModuleManager: Shutting down and abandoning module EditorLiveStreaming (418)
[2018.04.03-19.59.15:666][726]LogModuleManager: Shutting down and abandoning module IOSPlatformEditor (416)
[2018.04.03-19.59.15:666][726]LogModuleManager: Shutting down and abandoning module HTML5PlatformEditor (414)
[2018.04.03-19.59.15:666][726]LogModuleManager: Shutting down and abandoning module AndroidPlatformEditor (412)
[2018.04.03-19.59.15:667][726]LogModuleManager: Shutting down and abandoning module AndroidDeviceDetection (411)
[2018.04.03-19.59.16:396][726]LogModuleManager: Shutting down and abandoning module IOSRuntimeSettings (408)
[2018.04.03-19.59.16:396][726]LogModuleManager: Shutting down and abandoning module AndroidRuntimeSettings (406)
[2018.04.03-19.59.16:396][726]LogModuleManager: Shutting down and abandoning module InputBindingEditor (404)
[2018.04.03-19.59.16:396][726]LogModuleManager: Shutting down and abandoning module NiagaraEditor (402)
[2018.04.03-19.59.16:396][726]LogModuleManager: Shutting down and abandoning module MergeActors (400)
[2018.04.03-19.59.16:396][726]LogModuleManager: Shutting down and abandoning module SizeMap (398)
[2018.04.03-19.59.16:396][726]LogModuleManager: Shutting down and abandoning module TreeMap (396)
[2018.04.03-19.59.16:396][726]LogModuleManager: Shutting down and abandoning module ReferenceViewer (394)
[2018.04.03-19.59.16:396][726]LogModuleManager: Shutting down and abandoning module LocalizationDashboard (392)
[2018.04.03-19.59.16:396][726]LogModuleManager: Shutting down and abandoning module LocalizationService (391)
[2018.04.03-19.59.16:396][726]LogModuleManager: Shutting down and abandoning module HardwareTargeting (388)
[2018.04.03-19.59.16:396][726]LogModuleManager: Shutting down and abandoning module DeviceProfileEditor (386)
[2018.04.03-19.59.16:396][726]LogModuleManager: Shutting down and abandoning module UndoHistory (384)
[2018.04.03-19.59.16:396][726]LogModuleManager: Shutting down and abandoning module UserFeedback (382)
[2018.04.03-19.59.16:396][726]LogModuleManager: Shutting down and abandoning module XmlParser (380)
[2018.04.03-19.59.16:396][726]LogModuleManager: Shutting down and abandoning module Blutility (378)
[2018.04.03-19.59.16:396][726]LogModuleManager: Shutting down and abandoning module ProjectSettingsViewer (376)
[2018.04.03-19.59.16:396][726]LogModuleManager: Shutting down and abandoning module ProjectTargetPlatformEditor (375)
[2018.04.03-19.59.16:396][726]LogModuleManager: Shutting down and abandoning module EditorSettingsViewer (372)
[2018.04.03-19.59.16:396][726]LogModuleManager: Shutting down and abandoning module SettingsEditor (370)
[2018.04.03-19.59.16:396][726]LogModuleManager: Shutting down and abandoning module ProjectLauncher (368)
[2018.04.03-19.59.16:396][726]LogModuleManager: Shutting down and abandoning module SessionFrontend (366)
[2018.04.03-19.59.16:396][726]LogModuleManager: Shutting down and abandoning module ProfilerClient (364)
[2018.04.03-19.59.16:396][726]LogModuleManager: Shutting down and abandoning module DeviceManager (362)
[2018.04.03-19.59.16:396][726]LogModuleManager: Shutting down and abandoning module TargetDeviceServices (361)
[2018.04.03-19.59.16:439][726]LogModuleManager: Shutting down and abandoning module AutomationController (358)
[2018.04.03-19.59.16:439][726]LogModuleManager: Shutting down and abandoning module AutomationWindow (356)
[2018.04.03-19.59.16:439][726]LogModuleManager: Shutting down and abandoning module Layers (354)
[2018.04.03-19.59.16:439][726]LogModuleManager: Shutting down and abandoning module ComponentVisualizers (352)
[2018.04.03-19.59.16:439][726]LogModuleManager: Shutting down and abandoning module DetailCustomizations (350)
[2018.04.03-19.59.16:439][726]LogModuleManager: Shutting down and abandoning module PackagesDialog (348)
[2018.04.03-19.59.16:439][726]LogModuleManager: Shutting down and abandoning module Persona (346)
[2018.04.03-19.59.16:439][726]LogModuleManager: Shutting down and abandoning module AnimGraph (345)
[2018.04.03-19.59.16:439][726]LogModuleManager: Shutting down and abandoning module Kismet (342)
[2018.04.03-19.59.16:446][726]LogModuleManager: Shutting down and abandoning module GraphEditor (340)
[2018.04.03-19.59.16:446][726]LogModuleManager: Shutting down and abandoning module ClassViewer (338)
[2018.04.03-19.59.16:446][726]LogModuleManager: Shutting down and abandoning module Toolbox (336)
[2018.04.03-19.59.16:446][726]LogModuleManager: Shutting down and abandoning module ModuleUI (334)
[2018.04.03-19.59.16:446][726]LogModuleManager: Shutting down and abandoning module MovieSceneTools (332)
[2018.04.03-19.59.16:446][726]LogModuleManager: Shutting down and abandoning module OutputLog (330)
[2018.04.03-19.59.16:446][726]LogModuleManager: Shutting down and abandoning module GammaUI (328)
[2018.04.03-19.59.16:446][726]LogModuleManager: Shutting down and abandoning module Documentation (326)
[2018.04.03-19.59.16:446][726]LogModuleManager: Shutting down and abandoning module Niagara (324)
[2018.04.03-19.59.16:446][726]LogModuleManager: Shutting down and abandoning module StreamingPauseRendering (322)
[2018.04.03-19.59.16:446][726]LogModuleManager: Shutting down and abandoning module AnalyticsET (320)
[2018.04.03-19.59.16:446][726]LogModuleManager: Shutting down and abandoning module PortalServices (318)
[2018.04.03-19.59.16:446][726]LogModuleManager: Shutting down and abandoning module PortalRpc (316)
[2018.04.03-19.59.16:446][726]LogModuleManager: Shutting down and abandoning module MessagingRpc (314)
[2018.04.03-19.59.16:446][726]LogModuleManager: Shutting down and abandoning module AIModule (312)
[2018.04.03-19.59.16:446][726]LogModuleManager: Shutting down and abandoning module GameplayDebugger (311)
[2018.04.03-19.59.16:446][726]LogModuleManager: Shutting down and abandoning module AITestSuite (309)
[2018.04.03-19.59.16:446][726]LogModuleManager: Shutting down and abandoning module ProfilerService (306)
[2018.04.03-19.59.16:548][726]LogModuleManager: Shutting down and abandoning module TaskGraph (304)
[2018.04.03-19.59.16:548][726]LogModuleManager: Shutting down and abandoning module SteamVRController (302)
[2018.04.03-19.59.16:548][726]LogModuleManager: Shutting down and abandoning module SteamVR (300)
[2018.04.03-19.59.16:548][726]LogModuleManager: Shutting down and abandoning module ProceduralMeshComponentEditor (298)
[2018.04.03-19.59.16:548][726]LogModuleManager: Shutting down and abandoning module ProceduralMeshComponent (296)
[2018.04.03-19.59.16:548][726]LogModuleManager: Shutting down and abandoning module OculusLibrary (294)
[2018.04.03-19.59.16:548][726]LogModuleManager: Shutting down and abandoning module OculusInput (292)
[2018.04.03-19.59.16:548][726]LogModuleManager: Shutting down and abandoning module MobilePatchingUtils (290)
[2018.04.03-19.59.16:548][726]LogModuleManager: Shutting down and abandoning module CustomMeshComponent (288)
[2018.04.03-19.59.16:548][726]LogModuleManager: Shutting down and abandoning module CableComponent (286)
[2018.04.03-19.59.16:548][726]LogModuleManager: Shutting down and abandoning module ArchVisCharacter (284)
[2018.04.03-19.59.16:548][726]LogModuleManager: Shutting down and abandoning module MediaPlayerEditor (280)
[2018.04.03-19.59.16:548][726]LogModuleManager: Shutting down and abandoning module HTML5Networking (278)
[2018.04.03-19.59.16:548][726]LogModuleManager: Shutting down and abandoning module AlembicImporter (276)
[2018.04.03-19.59.16:548][726]LogModuleManager: Shutting down and abandoning module AlembicLibrary (275)
[2018.04.03-19.59.16:548][726]LogModuleManager: Shutting down and abandoning module GeometryCache (274)
[2018.04.03-19.59.16:548][726]LogModuleManager: Shutting down and abandoning module GeometryCacheEd (273)
[2018.04.03-19.59.16:548][726]LogModuleManager: Shutting down and abandoning module SuperSearchEditor (268)
[2018.04.03-19.59.16:548][726]LogModuleManager: Shutting down and abandoning module SuperSearch (267)
[2018.04.03-19.59.16:548][726]LogModuleManager: Shutting down and abandoning module SpeedTreeImporter (264)
[2018.04.03-19.59.16:548][726]LogModuleManager: Shutting down and abandoning module PluginBrowser (262)
[2018.04.03-19.59.16:548][726]LogModuleManager: Shutting down and abandoning module MobileLauncherProfileWizard (260)
[2018.04.03-19.59.16:548][726]LogModuleManager: Shutting down and abandoning module EpicSurvey (258)
[2018.04.03-19.59.16:548][726]LogModuleManager: Shutting down and abandoning module VisualStudioSourceCodeAccess (256)
[2018.04.03-19.59.16:548][726]LogModuleManager: Shutting down and abandoning module DesktopPlatform (255)
[2018.04.03-19.59.16:549][726]LogModuleManager: Shutting down and abandoning module UObjectPlugin (252)
[2018.04.03-19.59.16:549][726]LogModuleManager: Shutting down and abandoning module SubversionSourceControl (250)
[2018.04.03-19.59.16:549][726]LogModuleManager: Shutting down and abandoning module PerforceSourceControl (248)
[2018.04.03-19.59.16:549][726]LogModuleManager: Shutting down and abandoning module GitSourceControl (246)
[2018.04.03-19.59.16:549][726]LogModuleManager: Shutting down and abandoning module SourceControl (245)
[2018.04.03-19.59.16:549][726]LogModuleManager: Shutting down and abandoning module LightPropagationVolumeEditor (242)
[2018.04.03-19.59.16:549][726]LogModuleManager: Shutting down and abandoning module PaperTiledImporter (240)
[2018.04.03-19.59.16:549][726]LogModuleManager: Shutting down and abandoning module PaperSpriteSheetImporter (238)
[2018.04.03-19.59.16:549][726]LogModuleManager: Shutting down and abandoning module Paper2DEditor (236)
[2018.04.03-19.59.16:549][726]LogModuleManager: Shutting down and abandoning module MeshPaint (235)
[2018.04.03-19.59.16:549][726]LogModuleManager: Shutting down and abandoning module LevelEditor (233)
[2018.04.03-19.59.16:549][726]LogModuleManager: Shutting down and abandoning module PixelInspectorModule (232)
[2018.04.03-19.59.16:550][726]LogModuleManager: Shutting down and abandoning module MainFrame (230)
[2018.04.03-19.59.16:550][726]LogModuleManager: Shutting down and abandoning module HotReload (229)
[2018.04.03-19.59.16:550][726]LogModuleManager: Shutting down and abandoning module ContentBrowser (225)
[2018.04.03-19.59.16:551][726]LogModuleManager: Shutting down and abandoning module PhysXVehiclesEditor (222)
[2018.04.03-19.59.16:551][726]LogModuleManager: Shutting down and abandoning module PhysXVehicles (220)
[2018.04.03-19.59.16:551][726]LogModuleManager: Shutting down and abandoning module LocationServicesBPLibrary (218)
[2018.04.03-19.59.16:551][726]LogModuleManager: Shutting down and abandoning module UdpMessaging (216)
[2018.04.03-19.59.16:652][726]LogModuleManager: Shutting down and abandoning module TcpMessaging (214)
[2018.04.03-19.59.16:753][726]LogModuleManager: Shutting down and abandoning module GameplayTagsEditor (212)
[2018.04.03-19.59.16:753][726]LogModuleManager: Shutting down and abandoning module FacialAnimationEditor (210)
[2018.04.03-19.59.16:753][726]LogModuleManager: Shutting down and abandoning module FacialAnimation (208)
[2018.04.03-19.59.16:753][726]LogModuleManager: Shutting down and abandoning module LightPropagationVolumeRuntime (206)
[2018.04.03-19.59.16:753][726]LogModuleManager: Shutting down and abandoning module Paper2D (204)
[2018.04.03-19.59.16:753][726]LogModuleManager: Shutting down and abandoning module WindowsMoviePlayer (202)
[2018.04.03-19.59.16:753][726]LogModuleManager: Shutting down and abandoning module WmfMedia (200)
[2018.04.03-19.59.16:753][726]LogModuleManager: Shutting down and abandoning module MfMedia (198)
[2018.04.03-19.59.16:753][726]LogModuleManager: Shutting down and abandoning module MediaAssets (196)
[2018.04.03-19.59.16:753][726]LogModuleManager: Shutting down and abandoning module GameLiveStreaming (194)
[2018.04.03-19.59.16:753][726]LogModuleManager: Shutting down and abandoning module VREditor (192)
[2018.04.03-19.59.16:753][726]LogModuleManager: Shutting down and abandoning module GameplayTasksEditor (190)
[2018.04.03-19.59.16:753][726]LogModuleManager: Shutting down and abandoning module BehaviorTreeEditor (188)
[2018.04.03-19.59.16:753][726]LogModuleManager: Shutting down and abandoning module FunctionalTesting (186)
[2018.04.03-19.59.16:753][726]LogModuleManager: Shutting down and abandoning module CollisionAnalyzer (184)
[2018.04.03-19.59.16:753][726]LogModuleManager: Shutting down and abandoning module UMG (182)
[2018.04.03-19.59.16:753][726]LogModuleManager: Shutting down and abandoning module UMGEditor (181)
[2018.04.03-19.59.16:753][726]LogModuleManager: Shutting down and abandoning module Sequencer (180)
[2018.04.03-19.59.16:753][726]LogModuleManager: Shutting down and abandoning module AssetTools (178)
[2018.04.03-19.59.16:753][726]LogModuleManager: Shutting down and abandoning module MessageLog (177)
[2018.04.03-19.59.16:753][726]LogModuleManager: Shutting down and abandoning module WorkspaceMenuStructure (176)
[2018.04.03-19.59.16:753][726]LogModuleManager: Shutting down and abandoning module SlateReflector (170)
[2018.04.03-19.59.16:753][726]LogModuleManager: Shutting down and abandoning module Slate (168)
[2018.04.03-19.59.16:753][726]LogModuleManager: Shutting down and abandoning module EditorStyle (166)
[2018.04.03-19.59.16:757][726]LogModuleManager: Shutting down and abandoning module SourceCodeAccess (164)
[2018.04.03-19.59.16:757][726]LogModuleManager: Shutting down and abandoning module HeadMountedDisplay (162)
[2018.04.03-19.59.16:757][726]LogModuleManager: Shutting down and abandoning module XAudio2 (160)
[2018.04.03-19.59.16:757][726]LogModuleManager: Shutting down and abandoning module Networking (158)
[2018.04.03-19.59.16:757][726]LogModuleManager: Shutting down and abandoning module Core (154)
[2018.04.03-19.59.16:757][726]LogModuleManager: Shutting down and abandoning module AssetRegistry (152)
[2018.04.03-19.59.16:845][726]LogDirectoryWatcher: A directory notification for '../../../Engine/Content/' was aborted.
[2018.04.03-19.59.16:845][726]LogDirectoryWatcher: A directory notification for '../../../../../../Users/Federico Gaggioli/Documents/Unreal Projects/MyProject4/Content/' was aborted.
[2018.04.03-19.59.16:845][726]LogDirectoryWatcher: A directory notification for '../../../Engine/Plugins/2D/Paper2D/Content/' was aborted.
[2018.04.03-19.59.16:845][726]LogModuleManager: Shutting down and abandoning module DirectoryWatcher (151)
[2018.04.03-19.59.16:846][726]LogModuleManager: Shutting down and abandoning module KismetCompiler (148)
[2018.04.03-19.59.16:846][726]LogModuleManager: Shutting down and abandoning module PhysXFormats (146)
[2018.04.03-19.59.16:846][726]LogModuleManager: Shutting down and abandoning module MeshUtilities (144)
[2018.04.03-19.59.16:846][726]LogModuleManager: Shutting down and abandoning module SimplygonSwarm (143)
[2018.04.03-19.59.16:846][726]LogModuleManager: Shutting down and abandoning module SimplygonMeshReduction (141)
[2018.04.03-19.59.16:846][726]LogModuleManager: Shutting down and abandoning module QuadricMeshReduction (139)
[2018.04.03-19.59.16:846][726]LogModuleManager: Shutting down and abandoning module PropertyEditor (137)
[2018.04.03-19.59.16:846][726]LogModuleManager: Shutting down and abandoning module DerivedDataCache (134)
[2018.04.03-19.59.16:921][726]LogDerivedDataCache: Shutdown
[2018.04.03-19.59.16:921][726]LogModuleManager: Shutting down and abandoning module TargetPlatform (132)
[2018.04.03-19.59.16:921][726]LogModuleManager: Shutting down and abandoning module VulkanShaderFormat (131)
[2018.04.03-19.59.16:921][726]LogModuleManager: Shutting down and abandoning module ShaderFormatOpenGL (129)
[2018.04.03-19.59.16:921][726]LogModuleManager: Shutting down and abandoning module ShaderFormatD3D (127)
[2018.04.03-19.59.16:921][726]LogModuleManager: Shutting down and abandoning module MetalShaderFormat (125)
[2018.04.03-19.59.16:921][726]LogModuleManager: Shutting down and abandoning module TextureFormatUncompressed (123)
[2018.04.03-19.59.16:921][726]LogModuleManager: Shutting down and abandoning module TextureFormatPVR (121)
[2018.04.03-19.59.16:921][726]LogModuleManager: Shutting down and abandoning module TextureFormatDXT (119)
[2018.04.03-19.59.16:921][726]LogModuleManager: Shutting down and abandoning module TextureFormatIntelISPCTexComp (117)
[2018.04.03-19.59.16:921][726]LogModuleManager: Shutting down and abandoning module TextureFormatASTC (115)
[2018.04.03-19.59.16:921][726]LogModuleManager: Shutting down and abandoning module ImageWrapper (114)
[2018.04.03-19.59.16:921][726]LogModuleManager: Shutting down and abandoning module TextureFormatAndroid (111)
[2018.04.03-19.59.16:921][726]LogModuleManager: Shutting down and abandoning module AudioFormatOpus (109)
[2018.04.03-19.59.16:921][726]LogModuleManager: Shutting down and abandoning module AudioFormatOgg (107)
[2018.04.03-19.59.16:921][726]LogModuleManager: Shutting down and abandoning module AudioFormatADPCM (105)
[2018.04.03-19.59.16:921][726]LogModuleManager: Shutting down and abandoning module LinuxTargetPlatform (103)
[2018.04.03-19.59.16:921][726]LogModuleManager: Shutting down and abandoning module LinuxServerTargetPlatform (101)
[2018.04.03-19.59.16:921][726]LogModuleManager: Shutting down and abandoning module LinuxNoEditorTargetPlatform (99)
[2018.04.03-19.59.16:921][726]LogModuleManager: Shutting down and abandoning module LinuxClientTargetPlatform (97)
[2018.04.03-19.59.16:921][726]LogModuleManager: Shutting down and abandoning module TVOSTargetPlatform (95)
[2018.04.03-19.59.16:921][726]LogModuleManager: Shutting down and abandoning module Messaging (93)
[2018.04.03-19.59.16:921][726]LogModuleManager: Shutting down and abandoning module IOSTargetPlatform (91)
[2018.04.03-19.59.16:921][726]LogModuleManager: Shutting down and abandoning module HTML5TargetPlatform (89)
[2018.04.03-19.59.16:921][726]LogModuleManager: Shutting down and abandoning module Android_PVRTCTargetPlatform (87)
[2018.04.03-19.59.16:921][726]LogModuleManager: Shutting down and abandoning module Android_MultiTargetPlatform (85)
[2018.04.03-19.59.16:921][726]LogModuleManager: Shutting down and abandoning module Android_ETC2TargetPlatform (83)
[2018.04.03-19.59.16:921][726]LogModuleManager: Shutting down and abandoning module Android_ETC1TargetPlatform (81)
[2018.04.03-19.59.16:921][726]LogModuleManager: Shutting down and abandoning module Android_DXTTargetPlatform (79)
[2018.04.03-19.59.16:921][726]LogModuleManager: Shutting down and abandoning module Android_ATCTargetPlatform (77)
[2018.04.03-19.59.16:921][726]LogModuleManager: Shutting down and abandoning module Android_ASTCTargetPlatform (75)
[2018.04.03-19.59.16:921][726]LogModuleManager: Shutting down and abandoning module AndroidTargetPlatform (73)
[2018.04.03-19.59.16:921][726]LogModuleManager: Shutting down and abandoning module WindowsTargetPlatform (71)
[2018.04.03-19.59.16:921][726]LogModuleManager: Shutting down and abandoning module WindowsServerTargetPlatform (69)
[2018.04.03-19.59.16:922][726]LogModuleManager: Shutting down and abandoning module WindowsNoEditorTargetPlatform (67)
[2018.04.03-19.59.16:922][726]LogModuleManager: Shutting down and abandoning module WindowsClientTargetPlatform (65)
[2018.04.03-19.59.16:922][726]LogModuleManager: Shutting down and abandoning module MacTargetPlatform (63)
[2018.04.03-19.59.16:922][726]LogModuleManager: Shutting down and abandoning module MacServerTargetPlatform (61)
[2018.04.03-19.59.16:922][726]LogModuleManager: Shutting down and abandoning module MacNoEditorTargetPlatform (59)
[2018.04.03-19.59.16:922][726]LogModuleManager: Shutting down and abandoning module MacClientTargetPlatform (57)
[2018.04.03-19.59.16:922][726]LogModuleManager: Shutting down and abandoning module AllDesktopTargetPlatform (55)
[2018.04.03-19.59.16:922][726]LogModuleManager: Shutting down and abandoning module InputCore (52)
[2018.04.03-19.59.16:922][726]LogModuleManager: Shutting down and abandoning module Settings (50)
[2018.04.03-19.59.16:922][726]LogModuleManager: Shutting down and abandoning module OculusRift (48)
[2018.04.03-19.59.16:922][726]LogModuleManager: Shutting down and abandoning module GearVR (46)
[2018.04.03-19.59.16:922][726]LogModuleManager: Shutting down and abandoning module ExampleDeviceProfileSelector (44)
[2018.04.03-19.59.16:922][726]LogModuleManager: Shutting down and abandoning module OnlineBlueprintSupport (42)
[2018.04.03-19.59.16:922][726]LogModuleManager: Shutting down and abandoning module OnlineSubsystem (38)
[2018.04.03-19.59.16:922][726]LogOnline:Display: Unloading online subsystem: NULL
[2018.04.03-19.59.16:922][726]LogModuleManager: Shutting down and abandoning module XMPP (37)
[2018.04.03-19.59.16:922][726]LogModuleManager: Shutting down and abandoning module HTTP (35)
[2018.04.03-19.59.16:922][726]LogHttp:Display: Http module shutting down, but needs to wait on 1 outstanding Http requests:
[2018.04.03-19.59.16:922][726]LogHttp:Display: 	verb=[POST] url=[https://datarouter.ol.epicgames.com/datarouter/api/v1/public/data?SessionID=%7BA9E78A49-46AC-5747-0737-65A3DF56B2BD%7D&AppID=UEEditor.Rocket.Release&AppVersion=4.15.3-3450819%2B%2B%2BUE4%2BRelease-4.15&UserID=199a5a8c4176223550216b8be5d52022%7Cb0dc8019f81d46d2a688a229524c37a1%7C6656855f-405d-4a98-9564-a3b566891a7c&AppEnvironment=datacollector-binary&UploadType=eteventstream] status=Processing
[2018.04.03-19.59.16:933][726]LogModuleManager: Shutting down and abandoning module SSL (34)
[2018.04.03-19.59.16:935][726]LogModuleManager: Shutting down and abandoning module AudioEditor (30)
[2018.04.03-19.59.16:935][726]LogModuleManager: Shutting down and abandoning module TextureCompressor (28)
[2018.04.03-19.59.16:935][726]LogModuleManager: Shutting down and abandoning module ShaderCore (26)
[2018.04.03-19.59.16:935][726]LogModuleManager: Shutting down and abandoning module Landscape (24)
[2018.04.03-19.59.16:935][726]LogModuleManager: Shutting down and abandoning module SlateRHIRenderer (22)
[2018.04.03-19.59.16:937][726]LogModuleManager: Shutting down and abandoning module OpenGLDrv (20)
[2018.04.03-19.59.16:937][726]LogModuleManager: Shutting down and abandoning module D3D11RHI (18)
[2018.04.03-19.59.16:937][726]LogModuleManager: Shutting down and abandoning module AnimGraphRuntime (16)
[2018.04.03-19.59.16:937][726]LogModuleManager: Shutting down and abandoning module Renderer (14)
[2018.04.03-19.59.16:937][726]LogModuleManager: Shutting down and abandoning module Engine (12)
[2018.04.03-19.59.16:937][726]LogModuleManager: Shutting down and abandoning module CoreUObject (10)
[2018.04.03-19.59.16:937][726]LogModuleManager: Shutting down and abandoning module NetworkFile (8)
[2018.04.03-19.59.16:937][726]LogModuleManager: Shutting down and abandoning module StreamingFile (6)
[2018.04.03-19.59.16:937][726]LogModuleManager: Shutting down and abandoning module SandboxFile (4)
[2018.04.03-19.59.16:937][726]LogModuleManager: Shutting down and abandoning module PakFile (2)
[2018.04.03-19.59.16:939][726]LogExit: Exiting.
[2018.04.03-19.59.16:957][726]Log file closed, 04/03/18 21:59:16
